src/domain/profile/components/ProfileCardTest.tsx(25,9): error TS2739: Type '{ totalMessages: number; totalGamesPlayed: number; bestScores: {}; currentStreak: number; longestStreak: number; timeSpent: number; }' is missing the following properties from type 'ActivityStats': gamesPlayed, wins, rank, level
src/domain/profile/components/ProfileForm.tsx(69,5): error TS2304: Cannot find name 'useEffect'.
src/domain/profile/components/ProfileForm.tsx(80,5): error TS2304: Cannot find name 'useEffect'.
src/domain/profile/components/ProfileForm.tsx(85,5): error TS2304: Cannot find name 'useEffect'.
src/domain/profile/services/ProfileService.ts(354,17): error TS2322: Type '{ totalMessages: number; totalGamesPlayed: number; bestScores: {}; currentStreak: number; longestStreak: number; timeSpent: number; } | undefined' is not assignable to type 'ActivityStats | null | undefined'.
  Type '{ totalMessages: number; totalGamesPlayed: number; bestScores: {}; currentStreak: number; longestStreak: number; timeSpent: number; }' is missing the following properties from type 'ActivityStats': gamesPlayed, wins, rank, level
src/domain/profile/utils/ActivityStatsTransformer.ts(50,5): error TS2739: Type '{ totalMessages: number; totalGamesPlayed: number; bestScores: Record<string, number>; currentStreak: number; longestStreak: number; timeSpent: number; }' is missing the following properties from type 'ActivityStats': gamesPlayed, wins, rank, level
src/domain/profile/utils/ProfileTransformer.ts(49,11): error TS2322: Type '{ totalMessages: number; totalGamesPlayed: number; bestScores: Record<string, number>; currentStreak: number; longestStreak: number; timeSpent: number; } | undefined' is not assignable to type 'ActivityStats | undefined'.
  Type '{ totalMessages: number; totalGamesPlayed: number; bestScores: Record<string, number>; currentStreak: number; longestStreak: number; timeSpent: number; }' is missing the following properties from type 'ActivityStats': gamesPlayed, wins, rank, level
