Apache Maven 3.9.12 (848fbb4bf2d427b72bdb2471c22fced7ebd9a7a1)
Maven home: C:\ProgramData\chocolatey\lib\maven\apache-maven-3.9.12
Java version: 25.0.1, vendor: Oracle Corporation, runtime: C:\Program Files\Java\jdk-25
Default locale: fr_FR, platform encoding: UTF-8
OS name: "windows 11", version: "10.0", arch: "amd64", family: "windows"
[DEBUG] Created new class realm maven.api
[DEBUG] Importing foreign packages into class realm maven.api
[DEBUG]   Imported: javax.annotation.* < plexus.core
[DEBUG]   Imported: javax.annotation.security.* < plexus.core
[DEBUG]   Imported: javax.inject.* < plexus.core
[DEBUG]   Imported: org.apache.maven.* < plexus.core
[DEBUG]   Imported: org.apache.maven.artifact < plexus.core
[DEBUG]   Imported: org.apache.maven.classrealm < plexus.core
[DEBUG]   Imported: org.apache.maven.cli < plexus.core
[DEBUG]   Imported: org.apache.maven.configuration < plexus.core
[DEBUG]   Imported: org.apache.maven.exception < plexus.core
[DEBUG]   Imported: org.apache.maven.execution < plexus.core
[DEBUG]   Imported: org.apache.maven.execution.scope < plexus.core
[DEBUG]   Imported: org.apache.maven.graph < plexus.core
[DEBUG]   Imported: org.apache.maven.lifecycle < plexus.core
[DEBUG]   Imported: org.apache.maven.model < plexus.core
[DEBUG]   Imported: org.apache.maven.monitor < plexus.core
[DEBUG]   Imported: org.apache.maven.plugin < plexus.core
[DEBUG]   Imported: org.apache.maven.profiles < plexus.core
[DEBUG]   Imported: org.apache.maven.project < plexus.core
[DEBUG]   Imported: org.apache.maven.reporting < plexus.core
[DEBUG]   Imported: org.apache.maven.repository < plexus.core
[DEBUG]   Imported: org.apache.maven.rtinfo < plexus.core
[DEBUG]   Imported: org.apache.maven.settings < plexus.core
[DEBUG]   Imported: org.apache.maven.toolchain < plexus.core
[DEBUG]   Imported: org.apache.maven.usability < plexus.core
[DEBUG]   Imported: org.apache.maven.wagon.* < plexus.core
[DEBUG]   Imported: org.apache.maven.wagon.authentication < plexus.core
[DEBUG]   Imported: org.apache.maven.wagon.authorization < plexus.core
[DEBUG]   Imported: org.apache.maven.wagon.events < plexus.core
[DEBUG]   Imported: org.apache.maven.wagon.observers < plexus.core
[DEBUG]   Imported: org.apache.maven.wagon.proxy < plexus.core
[DEBUG]   Imported: org.apache.maven.wagon.repository < plexus.core
[DEBUG]   Imported: org.apache.maven.wagon.resource < plexus.core
[DEBUG]   Imported: org.codehaus.classworlds < plexus.core
[DEBUG]   Imported: org.codehaus.plexus.* < plexus.core
[DEBUG]   Imported: org.codehaus.plexus.classworlds < plexus.core
[DEBUG]   Imported: org.codehaus.plexus.component < plexus.core
[DEBUG]   Imported: org.codehaus.plexus.configuration < plexus.core
[DEBUG]   Imported: org.codehaus.plexus.container < plexus.core
[DEBUG]   Imported: org.codehaus.plexus.context < plexus.core
[DEBUG]   Imported: org.codehaus.plexus.lifecycle < plexus.core
[DEBUG]   Imported: org.codehaus.plexus.logging < plexus.core
[DEBUG]   Imported: org.codehaus.plexus.personality < plexus.core
[DEBUG]   Imported: org.codehaus.plexus.util.xml.Xpp3Dom < plexus.core
[DEBUG]   Imported: org.codehaus.plexus.util.xml.pull.XmlPullParser < plexus.core
[DEBUG]   Imported: org.codehaus.plexus.util.xml.pull.XmlPullParserException < plexus.core
[DEBUG]   Imported: org.codehaus.plexus.util.xml.pull.XmlSerializer < plexus.core
[DEBUG]   Imported: org.eclipse.aether.* < plexus.core
[DEBUG]   Imported: org.eclipse.aether.artifact < plexus.core
[DEBUG]   Imported: org.eclipse.aether.collection < plexus.core
[DEBUG]   Imported: org.eclipse.aether.deployment < plexus.core
[DEBUG]   Imported: org.eclipse.aether.graph < plexus.core
[DEBUG]   Imported: org.eclipse.aether.impl < plexus.core
[DEBUG]   Imported: org.eclipse.aether.installation < plexus.core
[DEBUG]   Imported: org.eclipse.aether.internal.impl < plexus.core
[DEBUG]   Imported: org.eclipse.aether.metadata < plexus.core
[DEBUG]   Imported: org.eclipse.aether.repository < plexus.core
[DEBUG]   Imported: org.eclipse.aether.resolution < plexus.core
[DEBUG]   Imported: org.eclipse.aether.spi < plexus.core
[DEBUG]   Imported: org.eclipse.aether.transfer < plexus.core
[DEBUG]   Imported: org.eclipse.aether.util < plexus.core
[DEBUG]   Imported: org.eclipse.aether.version < plexus.core
[DEBUG]   Imported: org.fusesource.jansi.* < plexus.core
[DEBUG]   Imported: org.slf4j.* < plexus.core
[DEBUG]   Imported: org.slf4j.event.* < plexus.core
[DEBUG]   Imported: org.slf4j.helpers.* < plexus.core
[DEBUG]   Imported: org.slf4j.spi.* < plexus.core
[DEBUG] Populating class realm maven.api
[DEBUG] Created adapter factory; available factories [file-lock, rwlock-local, semaphore-local, noop]; available name mappers [discriminating, file-gaecv, file-gav, file-hgaecv, file-hgav, file-static, gaecv, gav, static]
[INFO] Error stacktraces are turned on.
[DEBUG] Message scheme: color
[DEBUG] Message styles: debug info warning error success failure strong mojo project
[DEBUG] Reading global settings from C:\ProgramData\chocolatey\lib\maven\apache-maven-3.9.12\conf\settings.xml
[DEBUG] Reading user settings from C:\Users\mzhan\.m2\settings.xml
[DEBUG] Reading global toolchains from C:\ProgramData\chocolatey\lib\maven\apache-maven-3.9.12\conf\toolchains.xml
[DEBUG] Reading user toolchains from C:\Users\mzhan\.m2\toolchains.xml
[DEBUG] Using local repository at C:\Users\mzhan\.m2\repository
[DEBUG] Using manager EnhancedLocalRepositoryManager with priority 10.0 for C:\Users\mzhan\.m2\repository
[INFO] Scanning for projects...
[DEBUG] Creating adapter using nameMapper 'gaecv' and factory 'rwlock-local'
[DEBUG] Extension realms for project com.changrui:mysterious-backend:jar:0.0.1-SNAPSHOT: (none)
[DEBUG] Looking up lifecycle mappings for packaging jar from ClassRealm[plexus.core, parent: null]
[DEBUG] Extension realms for project org.springframework.boot:spring-boot-starter-parent:pom:3.2.1: (none)
[DEBUG] Looking up lifecycle mappings for packaging pom from ClassRealm[plexus.core, parent: null]
[DEBUG] Extension realms for project org.springframework.boot:spring-boot-dependencies:pom:3.2.1: (none)
[DEBUG] Looking up lifecycle mappings for packaging pom from ClassRealm[plexus.core, parent: null]
[DEBUG] === REACTOR BUILD PLAN ================================================
[DEBUG] Project: com.changrui:mysterious-backend:jar:0.0.1-SNAPSHOT
[DEBUG] Tasks:   [clean, compile]
[DEBUG] Style:   Regular
[DEBUG] =======================================================================
[INFO] 
[INFO] ------------------< com.changrui:mysterious-backend >-------------------
[INFO] Building mysterious-backend 0.0.1-SNAPSHOT
[INFO]   from pom.xml
[INFO] --------------------------------[ jar ]---------------------------------
[DEBUG] Lifecycle clean -> [pre-clean, clean, post-clean]
[DEBUG] Lifecycle default -> [validate, initialize, generate-sources, process-sources, generate-resources, process-resources, compile, process-classes, generate-test-sources, process-test-sources, generate-test-resources, process-test-resources, test-compile, process-test-classes, test, prepare-package, package, pre-integration-test, integration-test, post-integration-test, verify, install, deploy]
[DEBUG] Lifecycle site -> [pre-site, site, post-site, site-deploy]
[DEBUG] Lifecycle clean -> [pre-clean, clean, post-clean]
[DEBUG] Lifecycle default -> [validate, initialize, generate-sources, process-sources, generate-resources, process-resources, compile, process-classes, generate-test-sources, process-test-sources, generate-test-resources, process-test-resources, test-compile, process-test-classes, test, prepare-package, package, pre-integration-test, integration-test, post-integration-test, verify, install, deploy]
[DEBUG] Lifecycle site -> [pre-site, site, post-site, site-deploy]
[DEBUG] Lifecycle clean -> [pre-clean, clean, post-clean]
[DEBUG] Lifecycle default -> [validate, initialize, generate-sources, process-sources, generate-resources, process-resources, compile, process-classes, generate-test-sources, process-test-sources, generate-test-resources, process-test-resources, test-compile, process-test-classes, test, prepare-package, package, pre-integration-test, integration-test, post-integration-test, verify, install, deploy]
[DEBUG] Lifecycle site -> [pre-site, site, post-site, site-deploy]
[DEBUG] Lifecycle clean -> [pre-clean, clean, post-clean]
[DEBUG] Lifecycle default -> [validate, initialize, generate-sources, process-sources, generate-resources, process-resources, compile, process-classes, generate-test-sources, process-test-sources, generate-test-resources, process-test-resources, test-compile, process-test-classes, test, prepare-package, package, pre-integration-test, integration-test, post-integration-test, verify, install, deploy]
[DEBUG] Lifecycle site -> [pre-site, site, post-site, site-deploy]
[DEBUG] Lifecycle clean -> [pre-clean, clean, post-clean]
[DEBUG] Lifecycle default -> [validate, initialize, generate-sources, process-sources, generate-resources, process-resources, compile, process-classes, generate-test-sources, process-test-sources, generate-test-resources, process-test-resources, test-compile, process-test-classes, test, prepare-package, package, pre-integration-test, integration-test, post-integration-test, verify, install, deploy]
[DEBUG] Lifecycle site -> [pre-site, site, post-site, site-deploy]
[DEBUG] === PROJECT BUILD PLAN ================================================
[DEBUG] Project:       com.changrui:mysterious-backend:0.0.1-SNAPSHOT
[DEBUG] Dependencies (collect): []
[DEBUG] Dependencies (resolve): [compile]
[DEBUG] Repositories (dependencies): [central (https://repo.maven.apache.org/maven2, default, releases)]
[DEBUG] Repositories (plugins)     : [central (https://repo.maven.apache.org/maven2, default, releases)]
[DEBUG] -----------------------------------------------------------------------
[DEBUG] Goal:          org.apache.maven.plugins:maven-clean-plugin:3.3.2:clean (default-clean)
[DEBUG] Style:         Regular
[DEBUG] Configuration: <?xml version="1.0" encoding="UTF-8"?>
<configuration>
  <directory default-value="${project.build.directory}"/>
  <excludeDefaultDirectories default-value="false">${maven.clean.excludeDefaultDirectories}</excludeDefaultDirectories>
  <failOnError default-value="true">${maven.clean.failOnError}</failOnError>
  <fast default-value="false">${maven.clean.fast}</fast>
  <fastDir>${maven.clean.fastDir}</fastDir>
  <fastMode default-value="background">${maven.clean.fastMode}</fastMode>
  <followSymLinks default-value="false">${maven.clean.followSymLinks}</followSymLinks>
  <outputDirectory default-value="${project.build.outputDirectory}"/>
  <reportDirectory default-value="${project.build.outputDirectory}"/>
  <retryOnError default-value="true">${maven.clean.retryOnError}</retryOnError>
  <session default-value="${session}"/>
  <skip default-value="false">${maven.clean.skip}</skip>
  <testOutputDirectory default-value="${project.build.testOutputDirectory}"/>
  <verbose>${maven.clean.verbose}</verbose>
</configuration>
[DEBUG] -----------------------------------------------------------------------
[DEBUG] Goal:          org.apache.maven.plugins:maven-resources-plugin:3.3.1:resources (default-resources)
[DEBUG] Style:         Regular
[DEBUG] Configuration: <?xml version="1.0" encoding="UTF-8"?>
<configuration>
  <addDefaultExcludes default-value="true"/>
  <buildFilters default-value="${project.build.filters}"/>
  <delimiters>
    <delimiter>@</delimiter>
  </delimiters>
  <encoding default-value="${project.build.sourceEncoding}"/>
  <escapeWindowsPaths default-value="true"/>
  <fileNameFiltering default-value="false"/>
  <includeEmptyDirs default-value="false"/>
  <outputDirectory default-value="${project.build.outputDirectory}"/>
  <overwrite default-value="false"/>
  <project default-value="${project}"/>
  <propertiesEncoding>UTF-8</propertiesEncoding>
  <resources default-value="${project.resources}"/>
  <session default-value="${session}"/>
  <skip default-value="false">${maven.resources.skip}</skip>
  <supportMultiLineFiltering default-value="false"/>
  <useBuildFilters default-value="true"/>
  <useDefaultDelimiters default-value="true">false</useDefaultDelimiters>
</configuration>
[DEBUG] -----------------------------------------------------------------------
[DEBUG] Goal:          org.apache.maven.plugins:maven-compiler-plugin:3.11.0:compile (default-compile)
[DEBUG] Style:         Regular
[DEBUG] Configuration: <?xml version="1.0" encoding="UTF-8"?>
<configuration>
  <basedir default-value="${basedir}"/>
  <buildDirectory default-value="${project.build.directory}"/>
  <compilePath default-value="${project.compileClasspathElements}"/>
  <compileSourceRoots default-value="${project.compileSourceRoots}"/>
  <compilerId default-value="javac">${maven.compiler.compilerId}</compilerId>
  <compilerReuseStrategy default-value="${reuseCreated}">${maven.compiler.compilerReuseStrategy}</compilerReuseStrategy>
  <compilerVersion>${maven.compiler.compilerVersion}</compilerVersion>
  <createMissingPackageInfoClass default-value="true">${maven.compiler.createMissingPackageInfoClass}</createMissingPackageInfoClass>
  <debug default-value="true">${maven.compiler.debug}</debug>
  <debugFileName default-value="javac"/>
  <debuglevel>${maven.compiler.debuglevel}</debuglevel>
  <enablePreview default-value="false">${maven.compiler.enablePreview}</enablePreview>
  <encoding default-value="${project.build.sourceEncoding}">${encoding}</encoding>
  <executable>${maven.compiler.executable}</executable>
  <failOnError default-value="true">${maven.compiler.failOnError}</failOnError>
  <failOnWarning default-value="false">${maven.compiler.failOnWarning}</failOnWarning>
  <forceJavacCompilerUse default-value="false">${maven.compiler.forceJavacCompilerUse}</forceJavacCompilerUse>
  <fork default-value="false">${maven.compiler.fork}</fork>
  <generatedSourcesDirectory default-value="${project.build.directory}/generated-sources/annotations"/>
  <implicit>${maven.compiler.implicit}</implicit>
  <maxmem>${maven.compiler.maxmem}</maxmem>
  <meminitial>${maven.compiler.meminitial}</meminitial>
  <mojoExecution default-value="${mojoExecution}"/>
  <optimize default-value="false">${maven.compiler.optimize}</optimize>
  <outputDirectory default-value="${project.build.outputDirectory}"/>
  <parameters default-value="false">true</parameters>
  <project default-value="${project}"/>
  <projectArtifact default-value="${project.artifact}"/>
  <release>${maven.compiler.release}</release>
  <session default-value="${session}"/>
  <showCompilationChanges default-value="false">${maven.compiler.showCompilationChanges}</showCompilationChanges>
  <showDeprecation default-value="false">${maven.compiler.showDeprecation}</showDeprecation>
  <showWarnings default-value="true">${maven.compiler.showWarnings}</showWarnings>
  <skipMain>${maven.main.skip}</skipMain>
  <skipMultiThreadWarning default-value="false">${maven.compiler.skipMultiThreadWarning}</skipMultiThreadWarning>
  <source default-value="1.8">${maven.compiler.source}</source>
  <staleMillis default-value="0">${lastModGranularityMs}</staleMillis>
  <target default-value="1.8">${maven.compiler.target}</target>
  <useIncrementalCompilation default-value="true">${maven.compiler.useIncrementalCompilation}</useIncrementalCompilation>
  <verbose default-value="false">${maven.compiler.verbose}</verbose>
</configuration>
[DEBUG] =======================================================================
[DEBUG] Using mirror maven-default-http-blocker (http://0.0.0.0/) for ow2-snapshot (http://repository.ow2.org/nexus/content/repositories/snapshots).
[DEBUG] Using mirror maven-default-http-blocker (http://0.0.0.0/) for vaadin-snapshots (http://oss.sonatype.org/content/repositories/vaadin-snapshots/).
[DEBUG] Using mirror maven-default-http-blocker (http://0.0.0.0/) for vaadin-releases (http://oss.sonatype.org/content/repositories/vaadin-releases/).
[DEBUG] Dependency collection stats {ConflictMarker.analyzeTime=1765900, ConflictMarker.markTime=564800, ConflictMarker.nodeCount=256, ConflictIdSorter.graphTime=980700, ConflictIdSorter.topsortTime=529200, ConflictIdSorter.conflictIdCount=111, ConflictIdSorter.conflictIdCycleCount=0, ConflictResolver.totalTime=14432500, ConflictResolver.conflictItemCount=220, DfDependencyCollector.collectTime=628882400, DfDependencyCollector.transformTime=20771500}
[DEBUG] com.changrui:mysterious-backend:jar:0.0.1-SNAPSHOT
[DEBUG]    org.springframework.boot:spring-boot-starter-web:jar:3.2.1:compile
[DEBUG]       org.springframework.boot:spring-boot-starter:jar:3.2.1:compile (version managed from 3.2.1)
[DEBUG]          org.springframework.boot:spring-boot:jar:3.2.1:compile (version managed from 3.2.1)
[DEBUG]          org.springframework.boot:spring-boot-autoconfigure:jar:3.2.1:compile (version managed from 3.2.1)
[DEBUG]          org.springframework.boot:spring-boot-starter-logging:jar:3.2.1:compile (version managed from 3.2.1)
[DEBUG]             ch.qos.logback:logback-classic:jar:1.4.14:compile (version managed from 1.4.14)
[DEBUG]                ch.qos.logback:logback-core:jar:1.4.14:compile (version managed from 1.4.14)
[DEBUG]             org.apache.logging.log4j:log4j-to-slf4j:jar:2.21.1:compile (version managed from 2.21.1)
[DEBUG]                org.apache.logging.log4j:log4j-api:jar:2.21.1:compile (version managed from 2.21.1)
[DEBUG]             org.slf4j:jul-to-slf4j:jar:2.0.9:compile (version managed from 2.0.9)
[DEBUG]          jakarta.annotation:jakarta.annotation-api:jar:2.1.1:compile (version managed from 2.1.1)
[DEBUG]       org.springframework.boot:spring-boot-starter-json:jar:3.2.1:compile (version managed from 3.2.1)
[DEBUG]          com.fasterxml.jackson.core:jackson-databind:jar:2.15.3:compile (version managed from 2.15.3)
[DEBUG]             com.fasterxml.jackson.core:jackson-annotations:jar:2.15.3:compile (version managed from 2.15.3)
[DEBUG]             com.fasterxml.jackson.core:jackson-core:jar:2.15.3:compile (version managed from 2.15.3)
[DEBUG]          com.fasterxml.jackson.datatype:jackson-datatype-jdk8:jar:2.15.3:compile (version managed from 2.15.3)
[DEBUG]          com.fasterxml.jackson.datatype:jackson-datatype-jsr310:jar:2.15.3:compile (version managed from 2.15.3)
[DEBUG]          com.fasterxml.jackson.module:jackson-module-parameter-names:jar:2.15.3:compile (version managed from 2.15.3)
[DEBUG]       org.springframework.boot:spring-boot-starter-tomcat:jar:3.2.1:compile (version managed from 3.2.1)
[DEBUG]          org.apache.tomcat.embed:tomcat-embed-core:jar:10.1.17:compile (version managed from 10.1.17)
[DEBUG]          org.apache.tomcat.embed:tomcat-embed-websocket:jar:10.1.17:compile (version managed from 10.1.17)
[DEBUG]       org.springframework:spring-web:jar:6.1.2:compile (version managed from 6.1.2)
[DEBUG]          org.springframework:spring-beans:jar:6.1.2:compile (version managed from 6.1.2)
[DEBUG]          io.micrometer:micrometer-observation:jar:1.12.1:compile (version managed from 1.12.1)
[DEBUG]             io.micrometer:micrometer-commons:jar:1.12.1:compile (version managed from 1.12.1)
[DEBUG]       org.springframework:spring-webmvc:jar:6.1.2:compile (version managed from 6.1.2)
[DEBUG]          org.springframework:spring-aop:jar:6.1.2:compile (version managed from 6.1.2)
[DEBUG]          org.springframework:spring-context:jar:6.1.2:compile (version managed from 6.1.2)
[DEBUG]          org.springframework:spring-expression:jar:6.1.2:compile (version managed from 6.1.2)
[DEBUG]    org.springframework.boot:spring-boot-starter-data-jpa:jar:3.2.1:compile
[DEBUG]       org.springframework.boot:spring-boot-starter-aop:jar:3.2.1:compile (version managed from 3.2.1)
[DEBUG]          org.aspectj:aspectjweaver:jar:1.9.21:compile (version managed from 1.9.21)
[DEBUG]       org.springframework.boot:spring-boot-starter-jdbc:jar:3.2.1:compile (version managed from 3.2.1)
[DEBUG]          com.zaxxer:HikariCP:jar:5.0.1:compile (version managed from 5.0.1)
[DEBUG]          org.springframework:spring-jdbc:jar:6.1.2:compile (version managed from 6.1.2)
[DEBUG]       org.hibernate.orm:hibernate-core:jar:6.4.1.Final:compile (version managed from 6.4.1.Final)
[DEBUG]          jakarta.persistence:jakarta.persistence-api:jar:3.1.0:compile (version managed from 3.1.0)
[DEBUG]          jakarta.transaction:jakarta.transaction-api:jar:2.0.1:compile (version managed from 2.0.1)
[DEBUG]          org.jboss.logging:jboss-logging:jar:3.5.3.Final:compile (version managed from 3.5.0.Final)
[DEBUG]          org.hibernate.common:hibernate-commons-annotations:jar:6.0.6.Final:runtime
[DEBUG]          io.smallrye:jandex:jar:3.1.2:runtime
[DEBUG]          com.fasterxml:classmate:jar:1.6.0:compile (version managed from 1.5.1)
[DEBUG]          net.bytebuddy:byte-buddy:jar:1.14.10:runtime (version managed from 1.14.7)
[DEBUG]          org.glassfish.jaxb:jaxb-runtime:jar:4.0.4:runtime (version managed from 4.0.2)
[DEBUG]             org.glassfish.jaxb:jaxb-core:jar:4.0.4:runtime (version managed from 4.0.4)
[DEBUG]                org.eclipse.angus:angus-activation:jar:2.0.1:runtime (version managed from 2.0.1)
[DEBUG]                org.glassfish.jaxb:txw2:jar:4.0.4:runtime (version managed from 4.0.4)
[DEBUG]                com.sun.istack:istack-commons-runtime:jar:4.1.2:runtime (version managed from 4.1.2)
[DEBUG]          jakarta.inject:jakarta.inject-api:jar:2.0.1:runtime
[DEBUG]          org.antlr:antlr4-runtime:jar:4.13.0:compile
[DEBUG]       org.springframework.data:spring-data-jpa:jar:3.2.1:compile (version managed from 3.2.1)
[DEBUG]          org.springframework.data:spring-data-commons:jar:3.2.1:compile (version managed from 3.2.1)
[DEBUG]          org.springframework:spring-orm:jar:6.1.2:compile (version managed from 6.1.2)
[DEBUG]          org.springframework:spring-tx:jar:6.1.2:compile (version managed from 6.1.2)
[DEBUG]          org.slf4j:slf4j-api:jar:2.0.9:compile (version managed from 2.0.2)
[DEBUG]       org.springframework:spring-aspects:jar:6.1.2:compile (version managed from 6.1.2)
[DEBUG]    org.springframework.boot:spring-boot-starter-validation:jar:3.2.1:compile
[DEBUG]       org.apache.tomcat.embed:tomcat-embed-el:jar:10.1.17:compile (version managed from 10.1.17)
[DEBUG]       org.hibernate.validator:hibernate-validator:jar:8.0.1.Final:compile (version managed from 8.0.1.Final)
[DEBUG]          jakarta.validation:jakarta.validation-api:jar:3.0.2:compile (version managed from 3.0.2)
[DEBUG]    org.postgresql:postgresql:jar:42.6.0:runtime
[DEBUG]       org.checkerframework:checker-qual:jar:3.31.0:runtime
[DEBUG]    org.liquibase:liquibase-core:jar:4.24.0:compile
[DEBUG]       com.opencsv:opencsv:jar:5.8:compile
[DEBUG]       org.apache.commons:commons-lang3:jar:3.13.0:compile (version managed from 3.12.0)
[DEBUG]       org.apache.commons:commons-text:jar:1.10.0:compile
[DEBUG]       org.apache.commons:commons-collections4:jar:4.4:compile
[DEBUG]       org.yaml:snakeyaml:jar:2.2:compile (version managed from 2.2)
[DEBUG]       javax.xml.bind:jaxb-api:jar:2.3.1:compile
[DEBUG]    org.springframework.boot:spring-boot-starter-websocket:jar:3.2.1:compile
[DEBUG]       org.springframework:spring-messaging:jar:6.1.2:compile (version managed from 6.1.2)
[DEBUG]       org.springframework:spring-websocket:jar:6.1.2:compile (version managed from 6.1.2)
[DEBUG]    org.springframework.boot:spring-boot-starter-test:jar:3.2.1:test
[DEBUG]       org.springframework.boot:spring-boot-test:jar:3.2.1:test (version managed from 3.2.1)
[DEBUG]       org.springframework.boot:spring-boot-test-autoconfigure:jar:3.2.1:test (version managed from 3.2.1)
[DEBUG]       com.jayway.jsonpath:json-path:jar:2.8.0:test (version managed from 2.8.0)
[DEBUG]       jakarta.xml.bind:jakarta.xml.bind-api:jar:4.0.1:compile (version managed from 4.0.1)
[DEBUG]          jakarta.activation:jakarta.activation-api:jar:2.1.2:compile (version managed from 2.1.2)
[DEBUG]       net.minidev:json-smart:jar:2.5.0:test (version managed from 2.5.0)
[DEBUG]          net.minidev:accessors-smart:jar:2.5.0:test
[DEBUG]             org.ow2.asm:asm:jar:9.3:test
[DEBUG]       org.assertj:assertj-core:jar:3.24.2:test (version managed from 3.24.2)
[DEBUG]       org.awaitility:awaitility:jar:4.2.0:test (version managed from 4.2.0)
[DEBUG]       org.hamcrest:hamcrest:jar:2.2:test (version managed from 2.2)
[DEBUG]       org.junit.jupiter:junit-jupiter:jar:5.10.1:test (version managed from 5.10.1)
[DEBUG]          org.junit.jupiter:junit-jupiter-api:jar:5.10.1:test (version managed from 5.10.1)
[DEBUG]             org.opentest4j:opentest4j:jar:1.3.0:test
[DEBUG]             org.junit.platform:junit-platform-commons:jar:1.10.1:test (version managed from 1.10.1)
[DEBUG]             org.apiguardian:apiguardian-api:jar:1.1.2:test
[DEBUG]          org.junit.jupiter:junit-jupiter-params:jar:5.10.1:test (version managed from 5.10.1)
[DEBUG]          org.junit.jupiter:junit-jupiter-engine:jar:5.10.1:test (version managed from 5.10.1)
[DEBUG]             org.junit.platform:junit-platform-engine:jar:1.10.1:test (version managed from 1.10.1)
[DEBUG]       org.mockito:mockito-core:jar:5.7.0:test (version managed from 5.7.0)
[DEBUG]          net.bytebuddy:byte-buddy-agent:jar:1.14.10:test (version managed from 1.14.9)
[DEBUG]          org.objenesis:objenesis:jar:3.3:test
[DEBUG]       org.mockito:mockito-junit-jupiter:jar:5.7.0:test (version managed from 5.7.0)
[DEBUG]       org.skyscreamer:jsonassert:jar:1.5.1:test (version managed from 1.5.1)
[DEBUG]          com.vaadin.external.google:android-json:jar:0.0.20131108.vaadin1:test
[DEBUG]       org.springframework:spring-core:jar:6.1.2:compile (version managed from 6.1.2)
[DEBUG]          org.springframework:spring-jcl:jar:6.1.2:compile (version managed from 6.1.2)
[DEBUG]       org.springframework:spring-test:jar:6.1.2:test (version managed from 6.1.2)
[DEBUG]       org.xmlunit:xmlunit-core:jar:2.9.1:test (version managed from 2.9.1)
[DEBUG]    org.projectlombok:lombok:jar:1.18.30:compile (optional)
[DEBUG]    org.springdoc:springdoc-openapi-starter-webmvc-ui:jar:2.3.0:compile
[DEBUG]       org.springdoc:springdoc-openapi-starter-webmvc-api:jar:2.3.0:compile
[DEBUG]          org.springdoc:springdoc-openapi-starter-common:jar:2.3.0:compile
[DEBUG]             io.swagger.core.v3:swagger-core-jakarta:jar:2.2.19:compile
[DEBUG]                io.swagger.core.v3:swagger-annotations-jakarta:jar:2.2.19:compile
[DEBUG]                io.swagger.core.v3:swagger-models-jakarta:jar:2.2.19:compile
[DEBUG]                com.fasterxml.jackson.dataformat:jackson-dataformat-yaml:jar:2.15.3:compile (version managed from 2.15.2)
[DEBUG]       org.webjars:swagger-ui:jar:5.10.3:compile
[INFO] 
[INFO] --- clean:3.3.2:clean (default-clean) @ mysterious-backend ---
[DEBUG] Dependency collection stats {ConflictMarker.analyzeTime=139000, ConflictMarker.markTime=67600, ConflictMarker.nodeCount=2, ConflictIdSorter.graphTime=84900, ConflictIdSorter.topsortTime=152300, ConflictIdSorter.conflictIdCount=2, ConflictIdSorter.conflictIdCycleCount=0, ConflictResolver.totalTime=181000, ConflictResolver.conflictItemCount=2, DfDependencyCollector.collectTime=9789600, DfDependencyCollector.transformTime=647100}
[DEBUG] org.apache.maven.plugins:maven-clean-plugin:jar:3.3.2
[DEBUG]    org.codehaus.plexus:plexus-utils:jar:4.0.0:compile
[DEBUG] Created new class realm plugin>org.apache.maven.plugins:maven-clean-plugin:3.3.2
[DEBUG] Importing foreign packages into class realm plugin>org.apache.maven.plugins:maven-clean-plugin:3.3.2
[DEBUG]   Imported:  < maven.api
[DEBUG] Populating class realm plugin>org.apache.maven.plugins:maven-clean-plugin:3.3.2
[DEBUG]   Included: org.apache.maven.plugins:maven-clean-plugin:jar:3.3.2
[DEBUG]   Included: org.codehaus.plexus:plexus-utils:jar:4.0.0
[DEBUG] Loading mojo org.apache.maven.plugins:maven-clean-plugin:3.3.2:clean from plugin realm ClassRealm[plugin>org.apache.maven.plugins:maven-clean-plugin:3.3.2, parent: jdk.internal.loader.ClassLoaders$AppClassLoader@5bc2b487]
[DEBUG] Configuring mojo execution 'org.apache.maven.plugins:maven-clean-plugin:3.3.2:clean:default-clean' with basic configurator -->
[DEBUG]   (f) directory = C:\MyPlatform\Codes\mysteriousWebSite\server\target
[DEBUG]   (f) excludeDefaultDirectories = false
[DEBUG]   (f) failOnError = true
[DEBUG]   (f) fast = false
[DEBUG]   (f) fastMode = background
[DEBUG]   (f) followSymLinks = false
[DEBUG]   (f) outputDirectory = C:\MyPlatform\Codes\mysteriousWebSite\server\target\classes
[DEBUG]   (f) reportDirectory = C:\MyPlatform\Codes\mysteriousWebSite\server\target\classes
[DEBUG]   (f) retryOnError = true
[DEBUG]   (f) session = org.apache.maven.execution.MavenSession@68868328
[DEBUG]   (f) skip = false
[DEBUG]   (f) testOutputDirectory = C:\MyPlatform\Codes\mysteriousWebSite\server\target\test-classes
[DEBUG] -- end configuration --
[INFO] Deleting C:\MyPlatform\Codes\mysteriousWebSite\server\target
[INFO] Deleting file C:\MyPlatform\Codes\mysteriousWebSite\server\target\maven-status\maven-compiler-plugin\compile\default-compile\inputFiles.lst
[INFO] Deleting file C:\MyPlatform\Codes\mysteriousWebSite\server\target\maven-status\maven-compiler-plugin\compile\default-compile\createdFiles.lst
[INFO] Deleting directory C:\MyPlatform\Codes\mysteriousWebSite\server\target\maven-status\maven-compiler-plugin\compile\default-compile
[INFO] Deleting directory C:\MyPlatform\Codes\mysteriousWebSite\server\target\maven-status\maven-compiler-plugin\compile
[INFO] Deleting directory C:\MyPlatform\Codes\mysteriousWebSite\server\target\maven-status\maven-compiler-plugin
[INFO] Deleting directory C:\MyPlatform\Codes\mysteriousWebSite\server\target\maven-status
[INFO] Deleting directory C:\MyPlatform\Codes\mysteriousWebSite\server\target\generated-sources\annotations
[INFO] Deleting directory C:\MyPlatform\Codes\mysteriousWebSite\server\target\generated-sources
[INFO] Deleting file C:\MyPlatform\Codes\mysteriousWebSite\server\target\classes\static\avatars\default-G.jpeg
[INFO] Deleting file C:\MyPlatform\Codes\mysteriousWebSite\server\target\classes\static\avatars\default-B.jpeg
[INFO] Deleting file C:\MyPlatform\Codes\mysteriousWebSite\server\target\classes\static\avatars\default-avatar.png
[INFO] Deleting directory C:\MyPlatform\Codes\mysteriousWebSite\server\target\classes\static\avatars
[INFO] Deleting directory C:\MyPlatform\Codes\mysteriousWebSite\server\target\classes\static
[INFO] Deleting file C:\MyPlatform\Codes\mysteriousWebSite\server\target\classes\setup_complete.sql
[INFO] Deleting file C:\MyPlatform\Codes\mysteriousWebSite\server\target\classes\idioms.sql
[INFO] Deleting file C:\MyPlatform\Codes\mysteriousWebSite\server\target\classes\db\changelog\db.changelog-master.xml
[INFO] Deleting file C:\MyPlatform\Codes\mysteriousWebSite\server\target\classes\db\changelog\changes\006-add-image-url-to-messages.xml
[INFO] Deleting file C:\MyPlatform\Codes\mysteriousWebSite\server\target\classes\db\changelog\changes\005-add-channels-and-reactions.xml
[INFO] Deleting file C:\MyPlatform\Codes\mysteriousWebSite\server\target\classes\db\changelog\changes\004-add-gender-to-profile.xml
[INFO] Deleting file C:\MyPlatform\Codes\mysteriousWebSite\server\target\classes\db\changelog\changes\003-add-profile-tables.xml
[INFO] Deleting file C:\MyPlatform\Codes\mysteriousWebSite\server\target\classes\db\changelog\changes\002-cleanup-online-users.xml
[INFO] Deleting file C:\MyPlatform\Codes\mysteriousWebSite\server\target\classes\db\changelog\changes\002-add-notes.xml
[INFO] Deleting file C:\MyPlatform\Codes\mysteriousWebSite\server\target\classes\db\changelog\changes\001-initial-schema.xml
[INFO] Deleting directory C:\MyPlatform\Codes\mysteriousWebSite\server\target\classes\db\changelog\changes
[INFO] Deleting directory C:\MyPlatform\Codes\mysteriousWebSite\server\target\classes\db\changelog
[INFO] Deleting directory C:\MyPlatform\Codes\mysteriousWebSite\server\target\classes\db
[INFO] Deleting file C:\MyPlatform\Codes\mysteriousWebSite\server\target\classes\com\changrui\mysterious\shared\exception\UnauthorizedException.class
[INFO] Deleting directory C:\MyPlatform\Codes\mysteriousWebSite\server\target\classes\com\changrui\mysterious\shared\exception
[INFO] Deleting directory C:\MyPlatform\Codes\mysteriousWebSite\server\target\classes\com\changrui\mysterious\shared
[INFO] Deleting file C:\MyPlatform\Codes\mysteriousWebSite\server\target\classes\com\changrui\mysterious\domain\profile\middleware\SecureFileUpload.class
[INFO] Deleting file C:\MyPlatform\Codes\mysteriousWebSite\server\target\classes\com\changrui\mysterious\domain\profile\middleware\RequirePrivacyLevel.class
[INFO] Deleting directory C:\MyPlatform\Codes\mysteriousWebSite\server\target\classes\com\changrui\mysterious\domain\profile\middleware
[INFO] Deleting directory C:\MyPlatform\Codes\mysteriousWebSite\server\target\classes\com\changrui\mysterious\domain\profile
[INFO] Deleting file C:\MyPlatform\Codes\mysteriousWebSite\server\target\classes\com\changrui\mysterious\domain\messagewall\model\MessageReaction.class
[INFO] Deleting file C:\MyPlatform\Codes\mysteriousWebSite\server\target\classes\com\changrui\mysterious\domain\messagewall\model\MessageReaction$ReactionUser.class
[INFO] Deleting directory C:\MyPlatform\Codes\mysteriousWebSite\server\target\classes\com\changrui\mysterious\domain\messagewall\model
[INFO] Deleting directory C:\MyPlatform\Codes\mysteriousWebSite\server\target\classes\com\changrui\mysterious\domain\messagewall
[INFO] Deleting directory C:\MyPlatform\Codes\mysteriousWebSite\server\target\classes\com\changrui\mysterious\domain
[INFO] Deleting directory C:\MyPlatform\Codes\mysteriousWebSite\server\target\classes\com\changrui\mysterious
[INFO] Deleting directory C:\MyPlatform\Codes\mysteriousWebSite\server\target\classes\com\changrui
[INFO] Deleting directory C:\MyPlatform\Codes\mysteriousWebSite\server\target\classes\com
[INFO] Deleting file C:\MyPlatform\Codes\mysteriousWebSite\server\target\classes\application.properties
[INFO] Deleting directory C:\MyPlatform\Codes\mysteriousWebSite\server\target\classes
[INFO] Deleting directory C:\MyPlatform\Codes\mysteriousWebSite\server\target
[DEBUG] Skipping non-existing directory C:\MyPlatform\Codes\mysteriousWebSite\server\target\classes
[DEBUG] Skipping non-existing directory C:\MyPlatform\Codes\mysteriousWebSite\server\target\test-classes
[DEBUG] Skipping non-existing directory C:\MyPlatform\Codes\mysteriousWebSite\server\target\classes
[INFO] 
[INFO] --- resources:3.3.1:resources (default-resources) @ mysterious-backend ---
[DEBUG] Dependency collection stats {ConflictMarker.analyzeTime=70700, ConflictMarker.markTime=25300, ConflictMarker.nodeCount=13, ConflictIdSorter.graphTime=62900, ConflictIdSorter.topsortTime=20300, ConflictIdSorter.conflictIdCount=9, ConflictIdSorter.conflictIdCycleCount=0, ConflictResolver.totalTime=307500, ConflictResolver.conflictItemCount=13, DfDependencyCollector.collectTime=43772600, DfDependencyCollector.transformTime=511900}
[DEBUG] org.apache.maven.plugins:maven-resources-plugin:jar:3.3.1
[DEBUG]    org.codehaus.plexus:plexus-interpolation:jar:1.26:runtime
[DEBUG]    org.codehaus.plexus:plexus-utils:jar:3.5.1:compile
[DEBUG]    org.apache.maven.shared:maven-filtering:jar:3.3.1:compile
[DEBUG]       javax.inject:javax.inject:jar:1:compile
[DEBUG]       org.slf4j:slf4j-api:jar:1.7.36:compile
[DEBUG]       org.sonatype.plexus:plexus-build-api:jar:0.0.7:compile
[DEBUG]    commons-io:commons-io:jar:2.11.0:compile
[DEBUG]    org.apache.commons:commons-lang3:jar:3.12.0:compile
[DEBUG] Created new class realm plugin>org.apache.maven.plugins:maven-resources-plugin:3.3.1
[DEBUG] Importing foreign packages into class realm plugin>org.apache.maven.plugins:maven-resources-plugin:3.3.1
[DEBUG]   Imported:  < maven.api
[DEBUG] Populating class realm plugin>org.apache.maven.plugins:maven-resources-plugin:3.3.1
[DEBUG]   Included: org.apache.maven.plugins:maven-resources-plugin:jar:3.3.1
[DEBUG]   Included: org.codehaus.plexus:plexus-interpolation:jar:1.26
[DEBUG]   Included: org.codehaus.plexus:plexus-utils:jar:3.5.1
[DEBUG]   Included: org.apache.maven.shared:maven-filtering:jar:3.3.1
[DEBUG]   Included: org.sonatype.plexus:plexus-build-api:jar:0.0.7
[DEBUG]   Included: commons-io:commons-io:jar:2.11.0
[DEBUG]   Included: org.apache.commons:commons-lang3:jar:3.12.0
[DEBUG] Loading mojo org.apache.maven.plugins:maven-resources-plugin:3.3.1:resources from plugin realm ClassRealm[plugin>org.apache.maven.plugins:maven-resources-plugin:3.3.1, parent: jdk.internal.loader.ClassLoaders$AppClassLoader@5bc2b487]
[DEBUG] Configuring mojo execution 'org.apache.maven.plugins:maven-resources-plugin:3.3.1:resources:default-resources' with basic configurator -->
[DEBUG]   (f) addDefaultExcludes = true
[DEBUG]   (f) buildFilters = []
[DEBUG]   (s) delimiters = [@]
[DEBUG]   (f) encoding = UTF-8
[DEBUG]   (f) escapeWindowsPaths = true
[DEBUG]   (f) fileNameFiltering = false
[DEBUG]   (s) includeEmptyDirs = false
[DEBUG]   (s) outputDirectory = C:\MyPlatform\Codes\mysteriousWebSite\server\target\classes
[DEBUG]   (s) overwrite = false
[DEBUG]   (f) project = MavenProject: com.changrui:mysterious-backend:0.0.1-SNAPSHOT @ C:\MyPlatform\Codes\mysteriousWebSite\server\pom.xml
[DEBUG]   (f) propertiesEncoding = UTF-8
[DEBUG]   (s) resources = [Resource {targetPath: null, filtering: true, FileSet {directory: C:\MyPlatform\Codes\mysteriousWebSite\server\src\main\resources, PatternSet [includes: {**/application*.yml, **/application*.yaml, **/application*.properties}, excludes: {}]}}, Resource {targetPath: null, filtering: false, FileSet {directory: C:\MyPlatform\Codes\mysteriousWebSite\server\src\main\resources, PatternSet [includes: {}, excludes: {**/application*.yml, **/application*.yaml, **/application*.properties}]}}]
[DEBUG]   (f) session = org.apache.maven.execution.MavenSession@68868328
[DEBUG]   (f) skip = false
[DEBUG]   (f) supportMultiLineFiltering = false
[DEBUG]   (f) useBuildFilters = true
[DEBUG]   (s) useDefaultDelimiters = false
[DEBUG] -- end configuration --
[DEBUG] properties used:
[DEBUG] activemq.version: 5.18.3
[DEBUG] angus-mail.version: 2.0.2
[DEBUG] artemis.version: 2.31.2
[DEBUG] aspectj.version: 1.9.21
[DEBUG] assertj.version: 3.24.2
[DEBUG] awaitility.version: 4.2.0
[DEBUG] brave.version: 5.16.0
[DEBUG] build-helper-maven-plugin.version: 3.4.0
[DEBUG] byte-buddy.version: 1.14.10
[DEBUG] cache2k.version: 2.6.1.Final
[DEBUG] caffeine.version: 3.1.8
[DEBUG] cassandra-driver.version: 4.17.0
[DEBUG] classmate.version: 1.6.0
[DEBUG] classworlds.conf: C:\ProgramData\chocolatey\lib\maven\apache-maven-3.9.12\bin\m2.conf
[DEBUG] commons-codec.version: 1.16.0
[DEBUG] commons-dbcp2.version: 2.10.0
[DEBUG] commons-lang3.version: 3.13.0
[DEBUG] commons-pool.version: 1.6
[DEBUG] commons-pool2.version: 2.12.0
[DEBUG] couchbase-client.version: 3.4.11
[DEBUG] crac.version: 1.4.0
[DEBUG] db2-jdbc.version: 11.5.9.0
[DEBUG] dependency-management-plugin.version: 1.1.4
[DEBUG] derby.version: 10.16.1.1
[DEBUG] dropwizard-metrics.version: 4.2.23
[DEBUG] ehcache3.version: 3.10.8
[DEBUG] elasticsearch-client.version: 8.10.4
[DEBUG] env.=C:: C:\MyPlatform\Codes\mysteriousWebSite\server
[DEBUG] env.=EXITCODE: 00000000
[DEBUG] env.ACSETUPSVCPORT: 23210
[DEBUG] env.ALLUSERSPROFILE: C:\ProgramData
[DEBUG] env.ANTIGRAVITY_AGENT: 1
[DEBUG] env.ANTIGRAVITY_CLI_ALIAS: agy
[DEBUG] env.APPDATA: C:\Users\mzhan\AppData\Roaming
[DEBUG] env.CHOCOLATEYINSTALL: C:\ProgramData\chocolatey
[DEBUG] env.CHOCOLATEYLASTPATHUPDATE: 134108999409083257
[DEBUG] env.CHROME_CRASHPAD_PIPE_NAME: \\.\pipe\crashpad_27280_COBZIIHPRXRAPUEA
[DEBUG] env.CLASSWORLDS_JAR: "C:\ProgramData\chocolatey\lib\maven\apache-maven-3.9.12\boot\plexus-classworlds-2.9.0.jar"
[DEBUG] env.CLASSWORLDS_LAUNCHER: org.codehaus.plexus.classworlds.launcher.Launcher
[DEBUG] env.COLORTERM: truecolor
[DEBUG] env.COMMONPROGRAMFILES: C:\Program Files\Common Files
[DEBUG] env.COMMONPROGRAMFILES(X86): C:\Program Files (x86)\Common Files
[DEBUG] env.COMMONPROGRAMW6432: C:\Program Files\Common Files
[DEBUG] env.COMPUTERNAME: DESKTOP-PCIQ297
[DEBUG] env.COMSPEC: C:\WINDOWS\system32\cmd.exe
[DEBUG] env.CUDA_PATH: C:\Program Files\NVIDIA GPU Computing Toolkit\CUDA\v13.0
[DEBUG] env.CUDA_PATH_V13_0: C:\Program Files\NVIDIA GPU Computing Toolkit\CUDA\v13.0
[DEBUG] env.DOTNET_MULTILEVEL_LOOKUP: 0
[DEBUG] env.DOTNET_ROOT: C:\Users\mzhan\Tools\dotnet
[DEBUG] env.DRIVERDATA: C:\Windows\System32\Drivers\DriverData
[DEBUG] env.EFC_2604_1262719628: 1
[DEBUG] env.EFC_2604_1592913036: 1
[DEBUG] env.EFC_2604_2283032206: 1
[DEBUG] env.EFC_2604_2775293581: 1
[DEBUG] env.EFC_2604_3789132940: 1
[DEBUG] env.ERROR_CODE: 0
[DEBUG] env.EXEC_DIR: C:\MyPlatform\Codes\mysteriousWebSite\server
[DEBUG] env.FPS_BROWSER_APP_PROFILE_STRING: Internet Explorer
[DEBUG] env.FPS_BROWSER_USER_PROFILE_STRING: Default
[DEBUG] env.GIT_ASKPASS: c:\MyPlatform\Logiciels\Antigravity\resources\app\extensions\git\dist\askpass.sh
[DEBUG] env.HOMEDRIVE: C:
[DEBUG] env.HOMEPATH: \Users\mzhan
[DEBUG] env.INTELLIJ IDEA: C:\MyPlatform\Logiciels\JetBrains\IntelliJ IDEA 2025.2\bin
[DEBUG] env.INTERNAL_MAVEN_OPTS: --enable-native-access=ALL-UNNAMED 
[DEBUG] env.JAVACMD: C:\Program Files\Common Files\Oracle\Java\javapath\java.exe
[DEBUG] env.JVMCONFIG: \.mvn\jvm.config
[DEBUG] env.LANG: en_US.UTF-8
[DEBUG] env.LOCALAPPDATA: C:\Users\mzhan\AppData\Local
[DEBUG] env.LOGONSERVER: \\DESKTOP-PCIQ297
[DEBUG] env.MAVEN_CMD_LINE_ARGS: clean compile -X
[DEBUG] env.MAVEN_HOME: C:\ProgramData\chocolatey\lib\maven\apache-maven-3.9.12
[DEBUG] env.MAVEN_PROJECTBASEDIR: C:\MyPlatform\Codes\mysteriousWebSite\server
[DEBUG] env.NUMBER_OF_PROCESSORS: 16
[DEBUG] env.OCULUSBASE: C:\Program Files\Oculus\
[DEBUG] env.ONEDRIVE: C:\Users\mzhan\OneDrive
[DEBUG] env.ONEDRIVECONSUMER: C:\Users\mzhan\OneDrive
[DEBUG] env.ORIGINAL_XDG_CURRENT_DESKTOP: undefined
[DEBUG] env.OS: Windows_NT
[DEBUG] env.PAGER: cat
[DEBUG] env.PATH: C:\Program Files\PowerShell\7;C:\Program Files (x86)\NVIDIA Corporation\PhysX\Common;C:\Program Files\Common Files\Oracle\Java\javapath;C:\Program Files\Oculus\Support\oculus-runtime;C:\Program Files\NVIDIA GPU Computing Toolkit\CUDA\v13.0\bin\x64;C:\Program Files\NVIDIA GPU Computing Toolkit\CUDA\v13.0\bin;C:\Python313\Scripts\;C:\Python313\;C:\WINDOWS\system32;C:\WINDOWS;C:\WINDOWS\System32\Wbem;C:\WINDOWS\System32\WindowsPowerShell\v1.0\;C:\WINDOWS\System32\OpenSSH\;C:\Program Files\dotnet\;C:\Program Files\Git\cmd;C:\MyPlatform\Logiciels\NodeJS\;C:\ProgramData\chocolatey\bin;C:\Program Files\NVIDIA Corporation\Nsight Compute 2025.3.0\;C:\Program Files\Docker\Docker\resources\bin;C:\MyPlatform\Logiciels\maven\maven-mvnd-1.0.3-windows-amd64\bin;C:\MyPlatform\Logiciels\PostgreSQL\bin;C:\Users\mzhan\.local\bin;C:\ProgramData\chocolatey\lib\maven\apache-maven-3.9.12\bin;C:\MyPlatform\Logiciels\cursor\resources\app\bin;C:\Program Files\PowerShell\7\;C:\Users\mzhan\Tools\node\node-v23.9.0-win-x64;C:\Users\mzhan\Tools\dotnet;C:\Users\mzhan\AppData\Local\Microsoft\WindowsApps;C:\MyPlatform\Logiciels\JetBrains\IntelliJ IDEA 2025.2\bin;C:\Users\mzhan\AppData\Roaming\npm;C:\MyPlatform\Logiciels\Microsoft VS Code\bin;C:\MyPlatform\Logiciels\Antigravity\bin;C:\MyPlatform\Logiciels\Kiro\bin;C:\Users\mzhan\.dotnet\tools;C:\MyPlatform\Logiciels\Windsurf\bin
[DEBUG] env.PATHEXT: .COM;.EXE;.BAT;.CMD;.VBS;.VBE;.JS;.JSE;.WSF;.WSH;.MSC;.PY;.PYW;.CPL
[DEBUG] env.POWERSHELL_DISTRIBUTION_CHANNEL: MSI:Windows 10 Home
[DEBUG] env.PROCESSOR_ARCHITECTURE: AMD64
[DEBUG] env.PROCESSOR_IDENTIFIER: AMD64 Family 25 Model 80 Stepping 0, AuthenticAMD
[DEBUG] env.PROCESSOR_LEVEL: 25
[DEBUG] env.PROCESSOR_REVISION: 5000
[DEBUG] env.PROGRAMDATA: C:\ProgramData
[DEBUG] env.PROGRAMFILES: C:\Program Files
[DEBUG] env.PROGRAMFILES(X86): C:\Program Files (x86)
[DEBUG] env.PROGRAMW6432: C:\Program Files
[DEBUG] env.PROMPT: $P$G
[DEBUG] env.PSMODULEPATH: C:\Users\mzhan\Documents\PowerShell\Modules;C:\Program Files\PowerShell\Modules;c:\program files\powershell\7\Modules;C:\Program Files\WindowsPowerShell\Modules;C:\WINDOWS\system32\WindowsPowerShell\v1.0\Modules
[DEBUG] env.PUBLIC: C:\Users\Public
[DEBUG] env.RLSSVCPORT: 22112
[DEBUG] env.SESSIONNAME: Console
[DEBUG] env.SYSTEMDRIVE: C:
[DEBUG] env.SYSTEMROOT: C:\WINDOWS
[DEBUG] env.TEMP: C:\Users\mzhan\AppData\Local\Temp
[DEBUG] env.TERM_PROGRAM: vscode
[DEBUG] env.TERM_PROGRAM_VERSION: 1.104.0
[DEBUG] env.TMP: C:\Users\mzhan\AppData\Local\Temp
[DEBUG] env.USERDOMAIN: DESKTOP-PCIQ297
[DEBUG] env.USERDOMAIN_ROAMINGPROFILE: DESKTOP-PCIQ297
[DEBUG] env.USERNAME: mzhan
[DEBUG] env.USERPROFILE: C:\Users\mzhan
[DEBUG] env.VSCODE_GIT_ASKPASS_EXTRA_ARGS: 
[DEBUG] env.VSCODE_GIT_ASKPASS_MAIN: c:\MyPlatform\Logiciels\Antigravity\resources\app\extensions\git\dist\askpass-main.js
[DEBUG] env.VSCODE_GIT_ASKPASS_NODE: C:\MyPlatform\Logiciels\Antigravity\Antigravity.exe
[DEBUG] env.VSCODE_GIT_IPC_HANDLE: \\.\pipe\vscode-git-f914eb37e4-sock
[DEBUG] env.VSCODE_INJECTION: 1
[DEBUG] env.VSCODE_JDWP_ADAPTER_ENDPOINTS: c:\Users\mzhan\.antigravity\extensions\vscjava.vscode-java-debug-0.58.5\.noConfigDebugAdapterEndpoints\endpoint-d35fc5d886c64578.txt
[DEBUG] env.VSCODE_PYTHON_AUTOACTIVATE_GUARD: 1
[DEBUG] env.WDIR: C:\
[DEBUG] env.WINDIR: C:\WINDOWS
[DEBUG] file.encoding: UTF-8
[DEBUG] file.separator: \
[DEBUG] flyway.version: 9.22.3
[DEBUG] freemarker.version: 2.3.32
[DEBUG] git-commit-id-maven-plugin.version: 6.0.0
[DEBUG] glassfish-jaxb.version: 4.0.4
[DEBUG] glassfish-jstl.version: 3.0.1
[DEBUG] graphql-java.version: 21.3
[DEBUG] groovy.version: 4.0.16
[DEBUG] gson.version: 2.10.1
[DEBUG] h2.version: 2.2.224
[DEBUG] hamcrest.version: 2.2
[DEBUG] hazelcast.version: 5.3.6
[DEBUG] hibernate-validator.version: 8.0.1.Final
[DEBUG] hibernate.version: 6.4.1.Final
[DEBUG] hikaricp.version: 5.0.1
[DEBUG] hsqldb.version: 2.7.2
[DEBUG] htmlunit.version: 2.70.0
[DEBUG] httpasyncclient.version: 4.1.5
[DEBUG] httpclient5.version: 5.2.3
[DEBUG] httpcore.version: 4.4.16
[DEBUG] httpcore5.version: 5.2.4
[DEBUG] infinispan.version: 14.0.21.Final
[DEBUG] influxdb-java.version: 2.23
[DEBUG] jackson-bom.version: 2.15.3
[DEBUG] jakarta-activation.version: 2.1.2
[DEBUG] jakarta-annotation.version: 2.1.1
[DEBUG] jakarta-jms.version: 3.1.0
[DEBUG] jakarta-json-bind.version: 3.0.0
[DEBUG] jakarta-json.version: 2.1.3
[DEBUG] jakarta-mail.version: 2.1.2
[DEBUG] jakarta-management.version: 1.1.4
[DEBUG] jakarta-persistence.version: 3.1.0
[DEBUG] jakarta-servlet-jsp-jstl.version: 3.0.0
[DEBUG] jakarta-servlet.version: 6.0.0
[DEBUG] jakarta-transaction.version: 2.0.1
[DEBUG] jakarta-validation.version: 3.0.2
[DEBUG] jakarta-websocket.version: 2.1.1
[DEBUG] jakarta-ws-rs.version: 3.1.0
[DEBUG] jakarta-xml-bind.version: 4.0.1
[DEBUG] jakarta-xml-soap.version: 3.0.1
[DEBUG] jakarta-xml-ws.version: 4.0.1
[DEBUG] janino.version: 3.1.11
[DEBUG] java.class.path: C:\ProgramData\chocolatey\lib\maven\apache-maven-3.9.12\boot\plexus-classworlds-2.9.0.jar
[DEBUG] java.class.version: 69.0
[DEBUG] java.home: C:\Program Files\Java\jdk-25
[DEBUG] java.io.tmpdir: C:\Users\mzhan\AppData\Local\Temp\
[DEBUG] java.library.path: C:\Program Files\Java\jdk-25\bin;C:\WINDOWS\Sun\Java\bin;C:\WINDOWS\system32;C:\WINDOWS;C:\Program Files\PowerShell\7;C:\Program Files (x86)\NVIDIA Corporation\PhysX\Common;C:\Program Files\Common Files\Oracle\Java\javapath;C:\Program Files\Oculus\Support\oculus-runtime;C:\Program Files\NVIDIA GPU Computing Toolkit\CUDA\v13.0\bin\x64;C:\Program Files\NVIDIA GPU Computing Toolkit\CUDA\v13.0\bin;C:\Python313\Scripts\;C:\Python313\;C:\WINDOWS\system32;C:\WINDOWS;C:\WINDOWS\System32\Wbem;C:\WINDOWS\System32\WindowsPowerShell\v1.0\;C:\WINDOWS\System32\OpenSSH\;C:\Program Files\dotnet\;C:\Program Files\Git\cmd;C:\MyPlatform\Logiciels\NodeJS\;C:\ProgramData\chocolatey\bin;C:\Program Files\NVIDIA Corporation\Nsight Compute 2025.3.0\;C:\Program Files\Docker\Docker\resources\bin;C:\MyPlatform\Logiciels\maven\maven-mvnd-1.0.3-windows-amd64\bin;C:\MyPlatform\Logiciels\PostgreSQL\bin;C:\Users\mzhan\.local\bin;C:\ProgramData\chocolatey\lib\maven\apache-maven-3.9.12\bin;C:\MyPlatform\Logiciels\cursor\resources\app\bin;C:\Program Files\PowerShell\7\;C:\Users\mzhan\Tools\node\node-v23.9.0-win-x64;C:\Users\mzhan\Tools\dotnet;C:\Users\mzhan\AppData\Local\Microsoft\WindowsApps;C:\MyPlatform\Logiciels\JetBrains\IntelliJ IDEA 2025.2\bin;C:\Users\mzhan\AppData\Roaming\npm;C:\MyPlatform\Logiciels\Microsoft VS Code\bin;C:\MyPlatform\Logiciels\Antigravity\bin;C:\MyPlatform\Logiciels\Kiro\bin;C:\Users\mzhan\.dotnet\tools;C:\MyPlatform\Logiciels\Windsurf\bin;.
[DEBUG] java.runtime.name: Java(TM) SE Runtime Environment
[DEBUG] java.runtime.version: 25.0.1+8-LTS-27
[DEBUG] java.specification.name: Java Platform API Specification
[DEBUG] java.specification.vendor: Oracle Corporation
[DEBUG] java.specification.version: 25
[DEBUG] java.vendor: Oracle Corporation
[DEBUG] java.vendor.url: https://java.oracle.com/
[DEBUG] java.vendor.url.bug: https://bugreport.java.com/bugreport/
[DEBUG] java.version: 25.0.1
[DEBUG] java.version.date: 2025-10-21
[DEBUG] java.vm.compressedOopsMode: Zero based
[DEBUG] java.vm.info: mixed mode, sharing
[DEBUG] java.vm.name: Java HotSpot(TM) 64-Bit Server VM
[DEBUG] java.vm.specification.name: Java Virtual Machine Specification
[DEBUG] java.vm.specification.vendor: Oracle Corporation
[DEBUG] java.vm.specification.version: 25
[DEBUG] java.vm.vendor: Oracle Corporation
[DEBUG] java.vm.version: 25.0.1+8-LTS-27
[DEBUG] javax-cache.version: 1.1.1
[DEBUG] javax-money.version: 1.1
[DEBUG] jaxen.version: 2.0.0
[DEBUG] jaybird.version: 5.0.3.java11
[DEBUG] jboss-logging.version: 3.5.3.Final
[DEBUG] jdk.debug: release
[DEBUG] jdom2.version: 2.0.6.1
[DEBUG] jedis.version: 5.0.2
[DEBUG] jersey.version: 3.1.5
[DEBUG] jetty-reactive-httpclient.version: 4.0.1
[DEBUG] jetty.version: 12.0.5
[DEBUG] jmustache.version: 1.15
[DEBUG] jooq.version: 3.18.7
[DEBUG] json-path.version: 2.8.0
[DEBUG] json-smart.version: 2.5.0
[DEBUG] jsonassert.version: 1.5.1
[DEBUG] jtds.version: 1.3.1
[DEBUG] junit-jupiter.version: 5.10.1
[DEBUG] junit.version: 4.13.2
[DEBUG] kafka.version: 3.6.1
[DEBUG] kotlin-coroutines.version: 1.7.3
[DEBUG] kotlin-serialization.version: 1.6.2
[DEBUG] kotlin.version: 1.9.21
[DEBUG] lettuce.version: 6.3.0.RELEASE
[DEBUG] library.jansi.path: C:\ProgramData\chocolatey\lib\maven\apache-maven-3.9.12\lib\jansi-native
[DEBUG] line.separator: 

[DEBUG] liquibase.version: 4.24.0
[DEBUG] log4j2.version: 2.21.1
[DEBUG] logback.version: 1.4.14
[DEBUG] lombok.version: 1.18.30
[DEBUG] mariadb.version: 3.2.0
[DEBUG] maven-antrun-plugin.version: 3.1.0
[DEBUG] maven-assembly-plugin.version: 3.6.0
[DEBUG] maven-clean-plugin.version: 3.3.2
[DEBUG] maven-compiler-plugin.version: 3.11.0
[DEBUG] maven-dependency-plugin.version: 3.6.1
[DEBUG] maven-deploy-plugin.version: 3.1.1
[DEBUG] maven-enforcer-plugin.version: 3.4.1
[DEBUG] maven-failsafe-plugin.version: 3.1.2
[DEBUG] maven-help-plugin.version: 3.4.0
[DEBUG] maven-install-plugin.version: 3.1.1
[DEBUG] maven-invoker-plugin.version: 3.6.0
[DEBUG] maven-jar-plugin.version: 3.3.0
[DEBUG] maven-javadoc-plugin.version: 3.6.3
[DEBUG] maven-resources-plugin.version: 3.3.1
[DEBUG] maven-shade-plugin.version: 3.5.1
[DEBUG] maven-source-plugin.version: 3.3.0
[DEBUG] maven-surefire-plugin.version: 3.1.2
[DEBUG] maven-war-plugin.version: 3.4.0
[DEBUG] maven.build.timestamp: 2026-01-18T18:11:26Z
[DEBUG] maven.build.version: Apache Maven 3.9.12 (848fbb4bf2d427b72bdb2471c22fced7ebd9a7a1)
[DEBUG] maven.compiler.release: 17
[DEBUG] maven.conf: C:\ProgramData\chocolatey\lib\maven\apache-maven-3.9.12/conf
[DEBUG] maven.home: C:\ProgramData\chocolatey\lib\maven\apache-maven-3.9.12
[DEBUG] maven.multiModuleProjectDirectory: C:\MyPlatform\Codes\mysteriousWebSite\server
[DEBUG] maven.version: 3.9.12
[DEBUG] micrometer-tracing.version: 1.2.1
[DEBUG] micrometer.version: 1.12.1
[DEBUG] mockito.version: 5.7.0
[DEBUG] mongodb.version: 4.11.1
[DEBUG] mssql-jdbc.version: 12.4.2.jre11
[DEBUG] mysql.version: 8.1.0
[DEBUG] native-build-tools-plugin.version: 0.9.28
[DEBUG] native.encoding: Cp1252
[DEBUG] nekohtml.version: 1.9.22
[DEBUG] neo4j-java-driver.version: 5.13.0
[DEBUG] netty.version: 4.1.104.Final
[DEBUG] okhttp.version: 4.12.0
[DEBUG] opentelemetry.version: 1.31.0
[DEBUG] oracle-database.version: 23.3.0.23.09
[DEBUG] oracle-r2dbc.version: 1.1.1
[DEBUG] os.arch: amd64
[DEBUG] os.name: Windows 11
[DEBUG] os.version: 10.0
[DEBUG] path.separator: ;
[DEBUG] pooled-jms.version: 3.1.5
[DEBUG] postgresql.version: 42.6.0
[DEBUG] project.baseUri: file:/C:/MyPlatform/Codes/mysteriousWebSite/server/
[DEBUG] project.build.sourceEncoding: UTF-8
[DEBUG] project.reporting.outputEncoding: UTF-8
[DEBUG] prometheus-client.version: 0.16.0
[DEBUG] pulsar-reactive.version: 0.5.1
[DEBUG] pulsar.version: 3.1.1
[DEBUG] quartz.version: 2.3.2
[DEBUG] querydsl.version: 5.0.0
[DEBUG] r2dbc-h2.version: 1.0.0.RELEASE
[DEBUG] r2dbc-mariadb.version: 1.1.4
[DEBUG] r2dbc-mssql.version: 1.0.2.RELEASE
[DEBUG] r2dbc-mysql.version: 1.0.5
[DEBUG] r2dbc-pool.version: 1.0.1.RELEASE
[DEBUG] r2dbc-postgresql.version: 1.0.3.RELEASE
[DEBUG] r2dbc-proxy.version: 1.1.3.RELEASE
[DEBUG] r2dbc-spi.version: 1.0.0.RELEASE
[DEBUG] rabbit-amqp-client.version: 5.19.0
[DEBUG] rabbit-stream-client.version: 0.14.0
[DEBUG] reactive-streams.version: 1.0.4
[DEBUG] reactor-bom.version: 2023.0.1
[DEBUG] resource.delimiter: @
[DEBUG] rest-assured.version: 5.3.2
[DEBUG] rsocket.version: 1.1.3
[DEBUG] rxjava3.version: 3.1.8
[DEBUG] saaj-impl.version: 3.0.3
[DEBUG] selenium-htmlunit.version: 4.13.0
[DEBUG] selenium.version: 4.14.1
[DEBUG] sendgrid.version: 4.9.3
[DEBUG] slf4j.version: 2.0.9
[DEBUG] snakeyaml.version: 2.2
[DEBUG] spring-amqp.version: 3.1.1
[DEBUG] spring-authorization-server.version: 1.2.1
[DEBUG] spring-batch.version: 5.1.0
[DEBUG] spring-data-bom.version: 2023.1.1
[DEBUG] spring-framework.version: 6.1.2
[DEBUG] spring-graphql.version: 1.2.4
[DEBUG] spring-hateoas.version: 2.2.0
[DEBUG] spring-integration.version: 6.2.1
[DEBUG] spring-kafka.version: 3.1.1
[DEBUG] spring-ldap.version: 3.2.1
[DEBUG] spring-pulsar.version: 1.0.1
[DEBUG] spring-restdocs.version: 3.0.1
[DEBUG] spring-retry.version: 2.0.5
[DEBUG] spring-security.version: 6.2.1
[DEBUG] spring-session.version: 3.2.1
[DEBUG] spring-ws.version: 4.0.9
[DEBUG] sqlite-jdbc.version: 3.43.2.0
[DEBUG] stderr.encoding: Cp1252
[DEBUG] stdin.encoding: cp850
[DEBUG] stdout.encoding: Cp1252
[DEBUG] sun.arch.data.model: 64
[DEBUG] sun.boot.library.path: C:\Program Files\Java\jdk-25\bin
[DEBUG] sun.cpu.endian: little
[DEBUG] sun.cpu.isalist: amd64
[DEBUG] sun.io.unicode.encoding: UnicodeLittle
[DEBUG] sun.java.command: org.codehaus.plexus.classworlds.launcher.Launcher clean compile -X
[DEBUG] sun.java.launcher: SUN_STANDARD
[DEBUG] sun.jnu.encoding: Cp1252
[DEBUG] sun.management.compiler: HotSpot 64-Bit Tiered Compilers
[DEBUG] sun.os.patch.level: 
[DEBUG] testcontainers.version: 1.19.3
[DEBUG] thymeleaf-extras-data-attribute.version: 2.0.1
[DEBUG] thymeleaf-extras-springsecurity.version: 3.1.2.RELEASE
[DEBUG] thymeleaf-layout-dialect.version: 3.3.0
[DEBUG] thymeleaf.version: 3.1.2.RELEASE
[DEBUG] tomcat.version: 10.1.17
[DEBUG] unboundid-ldapsdk.version: 6.0.11
[DEBUG] undertow.version: 2.3.10.Final
[DEBUG] user.country: FR
[DEBUG] user.dir: C:\MyPlatform\Codes\mysteriousWebSite\server
[DEBUG] user.home: C:\Users\mzhan
[DEBUG] user.language: fr
[DEBUG] user.name: mzhan
[DEBUG] user.script: 
[DEBUG] user.variant: 
[DEBUG] versions-maven-plugin.version: 2.16.2
[DEBUG] webjars-locator-core.version: 0.55
[DEBUG] wsdl4j.version: 1.6.3
[DEBUG] xml-maven-plugin.version: 1.1.0
[DEBUG] xmlunit2.version: 2.9.1
[DEBUG] yasson.version: 3.0.3
[DEBUG] Using 'UTF-8' encoding to copy filtered resources.
[DEBUG] Using 'UTF-8' encoding to copy filtered properties files.
[DEBUG] resource with targetPath null
directory C:\MyPlatform\Codes\mysteriousWebSite\server\src\main\resources
excludes []
includes [**/application*.yml, **/application*.yaml, **/application*.properties]
[DEBUG] ignoreDelta true
[INFO] Copying 1 resource from src\main\resources to target\classes
[DEBUG] Copying file application.properties
[DEBUG] file application.properties has a filtered file extension
[DEBUG] Using 'UTF-8' encoding to copy filtered resource 'application.properties'.
[DEBUG] filtering C:\MyPlatform\Codes\mysteriousWebSite\server\src\main\resources\application.properties to C:\MyPlatform\Codes\mysteriousWebSite\server\target\classes\application.properties
[DEBUG] resource with targetPath null
directory C:\MyPlatform\Codes\mysteriousWebSite\server\src\main\resources
excludes [**/application*.yml, **/application*.yaml, **/application*.properties]
includes []
[DEBUG] ignoreDelta true
[INFO] Copying 13 resources from src\main\resources to target\classes
[DEBUG] Copying file db\changelog\changes\001-initial-schema.xml
[DEBUG] file 001-initial-schema.xml has a filtered file extension
[DEBUG] Using 'UTF-8' encoding to copy filtered resource '001-initial-schema.xml'.
[DEBUG] copy C:\MyPlatform\Codes\mysteriousWebSite\server\src\main\resources\db\changelog\changes\001-initial-schema.xml to C:\MyPlatform\Codes\mysteriousWebSite\server\target\classes\db\changelog\changes\001-initial-schema.xml
[DEBUG] Copying file db\changelog\changes\002-add-notes.xml
[DEBUG] file 002-add-notes.xml has a filtered file extension
[DEBUG] Using 'UTF-8' encoding to copy filtered resource '002-add-notes.xml'.
[DEBUG] copy C:\MyPlatform\Codes\mysteriousWebSite\server\src\main\resources\db\changelog\changes\002-add-notes.xml to C:\MyPlatform\Codes\mysteriousWebSite\server\target\classes\db\changelog\changes\002-add-notes.xml
[DEBUG] Copying file db\changelog\changes\002-cleanup-online-users.xml
[DEBUG] file 002-cleanup-online-users.xml has a filtered file extension
[DEBUG] Using 'UTF-8' encoding to copy filtered resource '002-cleanup-online-users.xml'.
[DEBUG] copy C:\MyPlatform\Codes\mysteriousWebSite\server\src\main\resources\db\changelog\changes\002-cleanup-online-users.xml to C:\MyPlatform\Codes\mysteriousWebSite\server\target\classes\db\changelog\changes\002-cleanup-online-users.xml
[DEBUG] Copying file db\changelog\changes\003-add-profile-tables.xml
[DEBUG] file 003-add-profile-tables.xml has a filtered file extension
[DEBUG] Using 'UTF-8' encoding to copy filtered resource '003-add-profile-tables.xml'.
[DEBUG] copy C:\MyPlatform\Codes\mysteriousWebSite\server\src\main\resources\db\changelog\changes\003-add-profile-tables.xml to C:\MyPlatform\Codes\mysteriousWebSite\server\target\classes\db\changelog\changes\003-add-profile-tables.xml
[DEBUG] Copying file db\changelog\changes\004-add-gender-to-profile.xml
[DEBUG] file 004-add-gender-to-profile.xml has a filtered file extension
[DEBUG] Using 'UTF-8' encoding to copy filtered resource '004-add-gender-to-profile.xml'.
[DEBUG] copy C:\MyPlatform\Codes\mysteriousWebSite\server\src\main\resources\db\changelog\changes\004-add-gender-to-profile.xml to C:\MyPlatform\Codes\mysteriousWebSite\server\target\classes\db\changelog\changes\004-add-gender-to-profile.xml
[DEBUG] Copying file db\changelog\changes\005-add-channels-and-reactions.xml
[DEBUG] file 005-add-channels-and-reactions.xml has a filtered file extension
[DEBUG] Using 'UTF-8' encoding to copy filtered resource '005-add-channels-and-reactions.xml'.
[DEBUG] copy C:\MyPlatform\Codes\mysteriousWebSite\server\src\main\resources\db\changelog\changes\005-add-channels-and-reactions.xml to C:\MyPlatform\Codes\mysteriousWebSite\server\target\classes\db\changelog\changes\005-add-channels-and-reactions.xml
[DEBUG] Copying file db\changelog\changes\006-add-image-url-to-messages.xml
[DEBUG] file 006-add-image-url-to-messages.xml has a filtered file extension
[DEBUG] Using 'UTF-8' encoding to copy filtered resource '006-add-image-url-to-messages.xml'.
[DEBUG] copy C:\MyPlatform\Codes\mysteriousWebSite\server\src\main\resources\db\changelog\changes\006-add-image-url-to-messages.xml to C:\MyPlatform\Codes\mysteriousWebSite\server\target\classes\db\changelog\changes\006-add-image-url-to-messages.xml
[DEBUG] Copying file db\changelog\db.changelog-master.xml
[DEBUG] file db.changelog-master.xml has a filtered file extension
[DEBUG] Using 'UTF-8' encoding to copy filtered resource 'db.changelog-master.xml'.
[DEBUG] copy C:\MyPlatform\Codes\mysteriousWebSite\server\src\main\resources\db\changelog\db.changelog-master.xml to C:\MyPlatform\Codes\mysteriousWebSite\server\target\classes\db\changelog\db.changelog-master.xml
[DEBUG] Copying file idioms.sql
[DEBUG] file idioms.sql has a filtered file extension
[DEBUG] Using 'UTF-8' encoding to copy filtered resource 'idioms.sql'.
[DEBUG] copy C:\MyPlatform\Codes\mysteriousWebSite\server\src\main\resources\idioms.sql to C:\MyPlatform\Codes\mysteriousWebSite\server\target\classes\idioms.sql
[DEBUG] Copying file setup_complete.sql
[DEBUG] file setup_complete.sql has a filtered file extension
[DEBUG] Using 'UTF-8' encoding to copy filtered resource 'setup_complete.sql'.
[DEBUG] copy C:\MyPlatform\Codes\mysteriousWebSite\server\src\main\resources\setup_complete.sql to C:\MyPlatform\Codes\mysteriousWebSite\server\target\classes\setup_complete.sql
[DEBUG] Copying file static\avatars\default-avatar.png
[DEBUG] file default-avatar.png has a non filtered file extension
[DEBUG] Using 'UTF-8' encoding to copy filtered resource 'default-avatar.png'.
[DEBUG] copy C:\MyPlatform\Codes\mysteriousWebSite\server\src\main\resources\static\avatars\default-avatar.png to C:\MyPlatform\Codes\mysteriousWebSite\server\target\classes\static\avatars\default-avatar.png
[DEBUG] Copying file static\avatars\default-B.jpeg
[DEBUG] file default-B.jpeg has a non filtered file extension
[DEBUG] Using 'UTF-8' encoding to copy filtered resource 'default-B.jpeg'.
[DEBUG] copy C:\MyPlatform\Codes\mysteriousWebSite\server\src\main\resources\static\avatars\default-B.jpeg to C:\MyPlatform\Codes\mysteriousWebSite\server\target\classes\static\avatars\default-B.jpeg
[DEBUG] Copying file static\avatars\default-G.jpeg
[DEBUG] file default-G.jpeg has a non filtered file extension
[DEBUG] Using 'UTF-8' encoding to copy filtered resource 'default-G.jpeg'.
[DEBUG] copy C:\MyPlatform\Codes\mysteriousWebSite\server\src\main\resources\static\avatars\default-G.jpeg to C:\MyPlatform\Codes\mysteriousWebSite\server\target\classes\static\avatars\default-G.jpeg
[DEBUG] no user filter components
[INFO] 
[INFO] --- compiler:3.11.0:compile (default-compile) @ mysterious-backend ---
[DEBUG] Using mirror maven-default-http-blocker (http://0.0.0.0/) for apache.snapshots (http://repository.apache.org/snapshots).
[DEBUG] Dependency collection stats {ConflictMarker.analyzeTime=71400, ConflictMarker.markTime=27100, ConflictMarker.nodeCount=17, ConflictIdSorter.graphTime=28300, ConflictIdSorter.topsortTime=26800, ConflictIdSorter.conflictIdCount=12, ConflictIdSorter.conflictIdCycleCount=0, ConflictResolver.totalTime=296000, ConflictResolver.conflictItemCount=17, DfDependencyCollector.collectTime=54799100, DfDependencyCollector.transformTime=476900}
[DEBUG] org.apache.maven.plugins:maven-compiler-plugin:jar:3.11.0
[DEBUG]    org.apache.maven.shared:maven-shared-utils:jar:3.3.4:compile
[DEBUG]       commons-io:commons-io:jar:2.6:compile
[DEBUG]    org.apache.maven.shared:maven-shared-incremental:jar:1.1:compile
[DEBUG]       org.codehaus.plexus:plexus-component-annotations:jar:1.5.5:compile
[DEBUG]    org.codehaus.plexus:plexus-java:jar:1.1.2:compile
[DEBUG]       org.ow2.asm:asm:jar:9.4:compile
[DEBUG]       com.thoughtworks.qdox:qdox:jar:2.0.3:compile (version managed from default)
[DEBUG]    org.codehaus.plexus:plexus-compiler-api:jar:2.13.0:compile
[DEBUG]       org.codehaus.plexus:plexus-utils:jar:3.5.0:compile (version managed from default)
[DEBUG]    org.codehaus.plexus:plexus-compiler-manager:jar:2.13.0:compile
[DEBUG]    org.codehaus.plexus:plexus-compiler-javac:jar:2.13.0:runtime
[DEBUG] Created new class realm plugin>org.apache.maven.plugins:maven-compiler-plugin:3.11.0
[DEBUG] Importing foreign packages into class realm plugin>org.apache.maven.plugins:maven-compiler-plugin:3.11.0
[DEBUG]   Imported:  < maven.api
[DEBUG] Populating class realm plugin>org.apache.maven.plugins:maven-compiler-plugin:3.11.0
[DEBUG]   Included: org.apache.maven.plugins:maven-compiler-plugin:jar:3.11.0
[DEBUG]   Included: org.apache.maven.shared:maven-shared-utils:jar:3.3.4
[DEBUG]   Included: commons-io:commons-io:jar:2.6
[DEBUG]   Included: org.apache.maven.shared:maven-shared-incremental:jar:1.1
[DEBUG]   Included: org.codehaus.plexus:plexus-component-annotations:jar:1.5.5
[DEBUG]   Included: org.codehaus.plexus:plexus-java:jar:1.1.2
[DEBUG]   Included: org.ow2.asm:asm:jar:9.4
[DEBUG]   Included: com.thoughtworks.qdox:qdox:jar:2.0.3
[DEBUG]   Included: org.codehaus.plexus:plexus-compiler-api:jar:2.13.0
[DEBUG]   Included: org.codehaus.plexus:plexus-utils:jar:3.5.0
[DEBUG]   Included: org.codehaus.plexus:plexus-compiler-manager:jar:2.13.0
[DEBUG]   Included: org.codehaus.plexus:plexus-compiler-javac:jar:2.13.0
[DEBUG] Loading mojo org.apache.maven.plugins:maven-compiler-plugin:3.11.0:compile from plugin realm ClassRealm[plugin>org.apache.maven.plugins:maven-compiler-plugin:3.11.0, parent: jdk.internal.loader.ClassLoaders$AppClassLoader@5bc2b487]
[DEBUG] Configuring mojo execution 'org.apache.maven.plugins:maven-compiler-plugin:3.11.0:compile:default-compile' with basic configurator -->
[DEBUG]   (f) basedir = C:\MyPlatform\Codes\mysteriousWebSite\server
[DEBUG]   (f) buildDirectory = C:\MyPlatform\Codes\mysteriousWebSite\server\target
[DEBUG]   (f) compilePath = [C:\MyPlatform\Codes\mysteriousWebSite\server\target\classes, C:\Users\mzhan\.m2\repository\org\springframework\boot\spring-boot-starter-web\3.2.1\spring-boot-starter-web-3.2.1.jar, C:\Users\mzhan\.m2\repository\org\springframework\boot\spring-boot-starter\3.2.1\spring-boot-starter-3.2.1.jar, C:\Users\mzhan\.m2\repository\org\springframework\boot\spring-boot\3.2.1\spring-boot-3.2.1.jar, C:\Users\mzhan\.m2\repository\org\springframework\boot\spring-boot-autoconfigure\3.2.1\spring-boot-autoconfigure-3.2.1.jar, C:\Users\mzhan\.m2\repository\org\springframework\boot\spring-boot-starter-logging\3.2.1\spring-boot-starter-logging-3.2.1.jar, C:\Users\mzhan\.m2\repository\ch\qos\logback\logback-classic\1.4.14\logback-classic-1.4.14.jar, C:\Users\mzhan\.m2\repository\ch\qos\logback\logback-core\1.4.14\logback-core-1.4.14.jar, C:\Users\mzhan\.m2\repository\org\apache\logging\log4j\log4j-to-slf4j\2.21.1\log4j-to-slf4j-2.21.1.jar, C:\Users\mzhan\.m2\repository\org\apache\logging\log4j\log4j-api\2.21.1\log4j-api-2.21.1.jar, C:\Users\mzhan\.m2\repository\org\slf4j\jul-to-slf4j\2.0.9\jul-to-slf4j-2.0.9.jar, C:\Users\mzhan\.m2\repository\jakarta\annotation\jakarta.annotation-api\2.1.1\jakarta.annotation-api-2.1.1.jar, C:\Users\mzhan\.m2\repository\org\springframework\boot\spring-boot-starter-json\3.2.1\spring-boot-starter-json-3.2.1.jar, C:\Users\mzhan\.m2\repository\com\fasterxml\jackson\core\jackson-databind\2.15.3\jackson-databind-2.15.3.jar, C:\Users\mzhan\.m2\repository\com\fasterxml\jackson\core\jackson-annotations\2.15.3\jackson-annotations-2.15.3.jar, C:\Users\mzhan\.m2\repository\com\fasterxml\jackson\core\jackson-core\2.15.3\jackson-core-2.15.3.jar, C:\Users\mzhan\.m2\repository\com\fasterxml\jackson\datatype\jackson-datatype-jdk8\2.15.3\jackson-datatype-jdk8-2.15.3.jar, C:\Users\mzhan\.m2\repository\com\fasterxml\jackson\datatype\jackson-datatype-jsr310\2.15.3\jackson-datatype-jsr310-2.15.3.jar, C:\Users\mzhan\.m2\repository\com\fasterxml\jackson\module\jackson-module-parameter-names\2.15.3\jackson-module-parameter-names-2.15.3.jar, C:\Users\mzhan\.m2\repository\org\springframework\boot\spring-boot-starter-tomcat\3.2.1\spring-boot-starter-tomcat-3.2.1.jar, C:\Users\mzhan\.m2\repository\org\apache\tomcat\embed\tomcat-embed-core\10.1.17\tomcat-embed-core-10.1.17.jar, C:\Users\mzhan\.m2\repository\org\apache\tomcat\embed\tomcat-embed-websocket\10.1.17\tomcat-embed-websocket-10.1.17.jar, C:\Users\mzhan\.m2\repository\org\springframework\spring-web\6.1.2\spring-web-6.1.2.jar, C:\Users\mzhan\.m2\repository\org\springframework\spring-beans\6.1.2\spring-beans-6.1.2.jar, C:\Users\mzhan\.m2\repository\io\micrometer\micrometer-observation\1.12.1\micrometer-observation-1.12.1.jar, C:\Users\mzhan\.m2\repository\io\micrometer\micrometer-commons\1.12.1\micrometer-commons-1.12.1.jar, C:\Users\mzhan\.m2\repository\org\springframework\spring-webmvc\6.1.2\spring-webmvc-6.1.2.jar, C:\Users\mzhan\.m2\repository\org\springframework\spring-aop\6.1.2\spring-aop-6.1.2.jar, C:\Users\mzhan\.m2\repository\org\springframework\spring-context\6.1.2\spring-context-6.1.2.jar, C:\Users\mzhan\.m2\repository\org\springframework\spring-expression\6.1.2\spring-expression-6.1.2.jar, C:\Users\mzhan\.m2\repository\org\springframework\boot\spring-boot-starter-data-jpa\3.2.1\spring-boot-starter-data-jpa-3.2.1.jar, C:\Users\mzhan\.m2\repository\org\springframework\boot\spring-boot-starter-aop\3.2.1\spring-boot-starter-aop-3.2.1.jar, C:\Users\mzhan\.m2\repository\org\aspectj\aspectjweaver\1.9.21\aspectjweaver-1.9.21.jar, C:\Users\mzhan\.m2\repository\org\springframework\boot\spring-boot-starter-jdbc\3.2.1\spring-boot-starter-jdbc-3.2.1.jar, C:\Users\mzhan\.m2\repository\com\zaxxer\HikariCP\5.0.1\HikariCP-5.0.1.jar, C:\Users\mzhan\.m2\repository\org\springframework\spring-jdbc\6.1.2\spring-jdbc-6.1.2.jar, C:\Users\mzhan\.m2\repository\org\hibernate\orm\hibernate-core\6.4.1.Final\hibernate-core-6.4.1.Final.jar, C:\Users\mzhan\.m2\repository\jakarta\persistence\jakarta.persistence-api\3.1.0\jakarta.persistence-api-3.1.0.jar, C:\Users\mzhan\.m2\repository\jakarta\transaction\jakarta.transaction-api\2.0.1\jakarta.transaction-api-2.0.1.jar, C:\Users\mzhan\.m2\repository\org\jboss\logging\jboss-logging\3.5.3.Final\jboss-logging-3.5.3.Final.jar, C:\Users\mzhan\.m2\repository\com\fasterxml\classmate\1.6.0\classmate-1.6.0.jar, C:\Users\mzhan\.m2\repository\org\antlr\antlr4-runtime\4.13.0\antlr4-runtime-4.13.0.jar, C:\Users\mzhan\.m2\repository\org\springframework\data\spring-data-jpa\3.2.1\spring-data-jpa-3.2.1.jar, C:\Users\mzhan\.m2\repository\org\springframework\data\spring-data-commons\3.2.1\spring-data-commons-3.2.1.jar, C:\Users\mzhan\.m2\repository\org\springframework\spring-orm\6.1.2\spring-orm-6.1.2.jar, C:\Users\mzhan\.m2\repository\org\springframework\spring-tx\6.1.2\spring-tx-6.1.2.jar, C:\Users\mzhan\.m2\repository\org\slf4j\slf4j-api\2.0.9\slf4j-api-2.0.9.jar, C:\Users\mzhan\.m2\repository\org\springframework\spring-aspects\6.1.2\spring-aspects-6.1.2.jar, C:\Users\mzhan\.m2\repository\org\springframework\boot\spring-boot-starter-validation\3.2.1\spring-boot-starter-validation-3.2.1.jar, C:\Users\mzhan\.m2\repository\org\apache\tomcat\embed\tomcat-embed-el\10.1.17\tomcat-embed-el-10.1.17.jar, C:\Users\mzhan\.m2\repository\org\hibernate\validator\hibernate-validator\8.0.1.Final\hibernate-validator-8.0.1.Final.jar, C:\Users\mzhan\.m2\repository\jakarta\validation\jakarta.validation-api\3.0.2\jakarta.validation-api-3.0.2.jar, C:\Users\mzhan\.m2\repository\org\liquibase\liquibase-core\4.24.0\liquibase-core-4.24.0.jar, C:\Users\mzhan\.m2\repository\com\opencsv\opencsv\5.8\opencsv-5.8.jar, C:\Users\mzhan\.m2\repository\org\apache\commons\commons-lang3\3.13.0\commons-lang3-3.13.0.jar, C:\Users\mzhan\.m2\repository\org\apache\commons\commons-text\1.10.0\commons-text-1.10.0.jar, C:\Users\mzhan\.m2\repository\org\apache\commons\commons-collections4\4.4\commons-collections4-4.4.jar, C:\Users\mzhan\.m2\repository\org\yaml\snakeyaml\2.2\snakeyaml-2.2.jar, C:\Users\mzhan\.m2\repository\javax\xml\bind\jaxb-api\2.3.1\jaxb-api-2.3.1.jar, C:\Users\mzhan\.m2\repository\org\springframework\boot\spring-boot-starter-websocket\3.2.1\spring-boot-starter-websocket-3.2.1.jar, C:\Users\mzhan\.m2\repository\org\springframework\spring-messaging\6.1.2\spring-messaging-6.1.2.jar, C:\Users\mzhan\.m2\repository\org\springframework\spring-websocket\6.1.2\spring-websocket-6.1.2.jar, C:\Users\mzhan\.m2\repository\jakarta\xml\bind\jakarta.xml.bind-api\4.0.1\jakarta.xml.bind-api-4.0.1.jar, C:\Users\mzhan\.m2\repository\jakarta\activation\jakarta.activation-api\2.1.2\jakarta.activation-api-2.1.2.jar, C:\Users\mzhan\.m2\repository\org\springframework\spring-core\6.1.2\spring-core-6.1.2.jar, C:\Users\mzhan\.m2\repository\org\springframework\spring-jcl\6.1.2\spring-jcl-6.1.2.jar, C:\Users\mzhan\.m2\repository\org\projectlombok\lombok\1.18.30\lombok-1.18.30.jar, C:\Users\mzhan\.m2\repository\org\springdoc\springdoc-openapi-starter-webmvc-ui\2.3.0\springdoc-openapi-starter-webmvc-ui-2.3.0.jar, C:\Users\mzhan\.m2\repository\org\springdoc\springdoc-openapi-starter-webmvc-api\2.3.0\springdoc-openapi-starter-webmvc-api-2.3.0.jar, C:\Users\mzhan\.m2\repository\org\springdoc\springdoc-openapi-starter-common\2.3.0\springdoc-openapi-starter-common-2.3.0.jar, C:\Users\mzhan\.m2\repository\io\swagger\core\v3\swagger-core-jakarta\2.2.19\swagger-core-jakarta-2.2.19.jar, C:\Users\mzhan\.m2\repository\io\swagger\core\v3\swagger-annotations-jakarta\2.2.19\swagger-annotations-jakarta-2.2.19.jar, C:\Users\mzhan\.m2\repository\io\swagger\core\v3\swagger-models-jakarta\2.2.19\swagger-models-jakarta-2.2.19.jar, C:\Users\mzhan\.m2\repository\com\fasterxml\jackson\dataformat\jackson-dataformat-yaml\2.15.3\jackson-dataformat-yaml-2.15.3.jar, C:\Users\mzhan\.m2\repository\org\webjars\swagger-ui\5.10.3\swagger-ui-5.10.3.jar]
[DEBUG]   (f) compileSourceRoots = [C:\MyPlatform\Codes\mysteriousWebSite\server\src\main\java]
[DEBUG]   (f) compilerId = javac
[DEBUG]   (f) createMissingPackageInfoClass = true
[DEBUG]   (f) debug = true
[DEBUG]   (f) debugFileName = javac
[DEBUG]   (f) enablePreview = false
[DEBUG]   (f) encoding = UTF-8
[DEBUG]   (f) failOnError = true
[DEBUG]   (f) failOnWarning = false
[DEBUG]   (f) forceJavacCompilerUse = false
[DEBUG]   (f) fork = false
[DEBUG]   (f) generatedSourcesDirectory = C:\MyPlatform\Codes\mysteriousWebSite\server\target\generated-sources\annotations
[DEBUG]   (f) mojoExecution = org.apache.maven.plugins:maven-compiler-plugin:3.11.0:compile {execution: default-compile}
[DEBUG]   (f) optimize = false
[DEBUG]   (f) outputDirectory = C:\MyPlatform\Codes\mysteriousWebSite\server\target\classes
[DEBUG]   (f) parameters = true
[DEBUG]   (f) project = MavenProject: com.changrui:mysterious-backend:0.0.1-SNAPSHOT @ C:\MyPlatform\Codes\mysteriousWebSite\server\pom.xml
[DEBUG]   (f) projectArtifact = com.changrui:mysterious-backend:jar:0.0.1-SNAPSHOT
[DEBUG]   (s) release = 17
[DEBUG]   (f) session = org.apache.maven.execution.MavenSession@68868328
[DEBUG]   (f) showCompilationChanges = false
[DEBUG]   (f) showDeprecation = false
[DEBUG]   (f) showWarnings = true
[DEBUG]   (f) skipMultiThreadWarning = false
[DEBUG]   (f) source = 1.8
[DEBUG]   (f) staleMillis = 0
[DEBUG]   (s) target = 1.8
[DEBUG]   (f) useIncrementalCompilation = true
[DEBUG]   (f) verbose = false
[DEBUG] -- end configuration --
[DEBUG] Using compiler 'javac'.
[DEBUG] Adding C:\MyPlatform\Codes\mysteriousWebSite\server\target\generated-sources\annotations to compile source roots:
  C:\MyPlatform\Codes\mysteriousWebSite\server\src\main\java
[DEBUG] New compile source roots:
  C:\MyPlatform\Codes\mysteriousWebSite\server\src\main\java
  C:\MyPlatform\Codes\mysteriousWebSite\server\target\generated-sources\annotations
[DEBUG] CompilerReuseStrategy: reuseCreated
[DEBUG] useIncrementalCompilation enabled
[DEBUG] Stale source detected: C:\MyPlatform\Codes\mysteriousWebSite\server\src\main\java\com\changrui\mysterious\domain\media\service\MediaService.java
[DEBUG] Stale source detected: C:\MyPlatform\Codes\mysteriousWebSite\server\src\main\java\com\changrui\mysterious\domain\user\dto\StartAdminSessionDTO.java
[DEBUG] Stale source detected: C:\MyPlatform\Codes\mysteriousWebSite\server\src\main\java\com\changrui\mysterious\domain\profile\model\PrivacySettings.java
[DEBUG] Stale source detected: C:\MyPlatform\Codes\mysteriousWebSite\server\src\main\java\com\changrui\mysterious\domain\game\controller\BrickBreakerController.java
[DEBUG] Stale source detected: C:\MyPlatform\Codes\mysteriousWebSite\server\src\main\java\com\changrui\mysterious\domain\messagewall\controller\MessageWebSocketController.java
[DEBUG] Stale source detected: C:\MyPlatform\Codes\mysteriousWebSite\server\src\main\java\com\changrui\mysterious\domain\profile\repository\PrivacySettingsRepository.java
[DEBUG] Stale source detected: C:\MyPlatform\Codes\mysteriousWebSite\server\src\main\java\com\changrui\mysterious\domain\onlinecount\service\WebSocketPresenceService.java
[DEBUG] Stale source detected: C:\MyPlatform\Codes\mysteriousWebSite\server\src\main\java\com\changrui\mysterious\domain\messagewall\repository\ChatSettingRepository.java
[DEBUG] Stale source detected: C:\MyPlatform\Codes\mysteriousWebSite\server\src\main\java\com\changrui\mysterious\domain\messagewall\dto\SuggestionResponseDTO.java
[DEBUG] Stale source detected: C:\MyPlatform\Codes\mysteriousWebSite\server\src\main\java\com\changrui\mysterious\shared\config\WebSocketEventListener.java
[DEBUG] Stale source detected: C:\MyPlatform\Codes\mysteriousWebSite\server\src\main\java\com\changrui\mysterious\domain\user\model\AppUser.java
[DEBUG] Stale source detected: C:\MyPlatform\Codes\mysteriousWebSite\server\src\main\java\com\changrui\mysterious\domain\media\model\MediaUploadResult.java
[DEBUG] Stale source detected: C:\MyPlatform\Codes\mysteriousWebSite\server\src\main\java\com\changrui\mysterious\domain\calendar\model\CalendarConfig.java
[DEBUG] Stale source detected: C:\MyPlatform\Codes\mysteriousWebSite\server\src\main\java\com\changrui\mysterious\domain\profile\middleware\RequireAdmin.java
[DEBUG] Stale source detected: C:\MyPlatform\Codes\mysteriousWebSite\server\src\main\java\com\changrui\mysterious\domain\calendar\repository\CalendarConfigRepository.java
[DEBUG] Stale source detected: C:\MyPlatform\Codes\mysteriousWebSite\server\src\main\java\com\changrui\mysterious\domain\profile\middleware\FileUploadInterceptor.java
[DEBUG] Stale source detected: C:\MyPlatform\Codes\mysteriousWebSite\server\src\main\java\com\changrui\mysterious\domain\user\dto\LoginDTO.java
[DEBUG] Stale source detected: C:\MyPlatform\Codes\mysteriousWebSite\server\src\main\java\com\changrui\mysterious\domain\messagewall\model\Message.java
[DEBUG] Stale source detected: C:\MyPlatform\Codes\mysteriousWebSite\server\src\main\java\com\changrui\mysterious\domain\messagewall\repository\SuggestionCommentRepository.java
[DEBUG] Stale source detected: C:\MyPlatform\Codes\mysteriousWebSite\server\src\main\java\com\changrui\mysterious\domain\profile\middleware\AuthUtils.java
[DEBUG] Stale source detected: C:\MyPlatform\Codes\mysteriousWebSite\server\src\main\java\com\changrui\mysterious\shared\config\WebConfig.java
[DEBUG] Stale source detected: C:\MyPlatform\Codes\mysteriousWebSite\server\src\main\java\com\changrui\mysterious\domain\profile\service\ProfileIntegrationService.java
[DEBUG] Stale source detected: C:\MyPlatform\Codes\mysteriousWebSite\server\src\main\java\com\changrui\mysterious\domain\profile\middleware\PrivacyFilterMiddleware.java
[DEBUG] Stale source detected: C:\MyPlatform\Codes\mysteriousWebSite\server\src\main\java\com\changrui\mysterious\domain\user\dto\AuthResponseDTO.java
[DEBUG] Stale source detected: C:\MyPlatform\Codes\mysteriousWebSite\server\src\main\java\com\changrui\mysterious\domain\profile\service\AvatarService.java
[DEBUG] Stale source detected: C:\MyPlatform\Codes\mysteriousWebSite\server\src\main\java\com\changrui\mysterious\domain\vocabulary\service\VocabularyService.java
[DEBUG] Stale source detected: C:\MyPlatform\Codes\mysteriousWebSite\server\src\main\java\com\changrui\mysterious\domain\game\controller\ScoreController.java
[DEBUG] Stale source detected: C:\MyPlatform\Codes\mysteriousWebSite\server\src\main\java\com\changrui\mysterious\domain\game\service\ScoreService.java
[DEBUG] Stale source detected: C:\MyPlatform\Codes\mysteriousWebSite\server\src\main\java\com\changrui\mysterious\domain\messagewall\mapper\MessageMapper.java
[DEBUG] Stale source detected: C:\MyPlatform\Codes\mysteriousWebSite\server\src\main\java\com\changrui\mysterious\MysteriousApplication.java
[DEBUG] Stale source detected: C:\MyPlatform\Codes\mysteriousWebSite\server\src\main\java\com\changrui\mysterious\domain\user\dto\UserUpdateDTO.java
[DEBUG] Stale source detected: C:\MyPlatform\Codes\mysteriousWebSite\server\src\main\java\com\changrui\mysterious\domain\messagewall\service\SuggestionService.java
[DEBUG] Stale source detected: C:\MyPlatform\Codes\mysteriousWebSite\server\src\main\java\com\changrui\mysterious\domain\profile\dto\UpdatePrivacyRequest.java
[DEBUG] Stale source detected: C:\MyPlatform\Codes\mysteriousWebSite\server\src\main\java\com\changrui\mysterious\domain\vocabulary\controller\VocabularyController.java
[DEBUG] Stale source detected: C:\MyPlatform\Codes\mysteriousWebSite\server\src\main\java\com\changrui\mysterious\shared\dto\ApiResponse.java
[DEBUG] Stale source detected: C:\MyPlatform\Codes\mysteriousWebSite\server\src\main\java\com\changrui\mysterious\domain\game\controller\GameStatusController.java
[DEBUG] Stale source detected: C:\MyPlatform\Codes\mysteriousWebSite\server\src\main\java\com\changrui\mysterious\domain\messagewall\converter\ReactionsConverter.java
[DEBUG] Stale source detected: C:\MyPlatform\Codes\mysteriousWebSite\server\src\main\java\com\changrui\mysterious\domain\profile\repository\UserProfileRepository.java
[DEBUG] Stale source detected: C:\MyPlatform\Codes\mysteriousWebSite\server\src\main\java\com\changrui\mysterious\domain\profile\middleware\ValidateFileUpload.java
[DEBUG] Stale source detected: C:\MyPlatform\Codes\mysteriousWebSite\server\src\main\java\com\changrui\mysterious\domain\calendar\controller\CalendarProxyController.java
[DEBUG] Stale source detected: C:\MyPlatform\Codes\mysteriousWebSite\server\src\main\java\com\changrui\mysterious\domain\messagewall\repository\MessageRepository.java
[DEBUG] Stale source detected: C:\MyPlatform\Codes\mysteriousWebSite\server\src\main\java\com\changrui\mysterious\domain\profile\controller\AvatarController.java
[DEBUG] Stale source detected: C:\MyPlatform\Codes\mysteriousWebSite\server\src\main\java\com\changrui\mysterious\domain\messagewall\model\SuggestionComment.java
[DEBUG] Stale source detected: C:\MyPlatform\Codes\mysteriousWebSite\server\src\main\java\com\changrui\mysterious\domain\settings\model\SystemSetting.java
[DEBUG] Stale source detected: C:\MyPlatform\Codes\mysteriousWebSite\server\src\main\java\com\changrui\mysterious\domain\vocabulary\repository\UserVocabularyFavoriteRepository.java
[DEBUG] Stale source detected: C:\MyPlatform\Codes\mysteriousWebSite\server\src\main\java\com\changrui\mysterious\domain\game\service\BrickBreakerService.java
[DEBUG] Stale source detected: C:\MyPlatform\Codes\mysteriousWebSite\server\src\main\java\com\changrui\mysterious\domain\profile\dto\ProfileResponse.java
[DEBUG] Stale source detected: C:\MyPlatform\Codes\mysteriousWebSite\server\src\main\java\com\changrui\mysterious\domain\calendar\service\CalendarConfigService.java
[DEBUG] Stale source detected: C:\MyPlatform\Codes\mysteriousWebSite\server\src\main\java\com\changrui\mysterious\domain\game\model\GameStatus.java
[DEBUG] Stale source detected: C:\MyPlatform\Codes\mysteriousWebSite\server\src\main\java\com\changrui\mysterious\domain\profile\middleware\ProfileAuthMiddleware.java
[DEBUG] Stale source detected: C:\MyPlatform\Codes\mysteriousWebSite\server\src\main\java\com\changrui\mysterious\domain\settings\controller\StatusController.java
[DEBUG] Stale source detected: C:\MyPlatform\Codes\mysteriousWebSite\server\src\main\java\com\changrui\mysterious\domain\profile\model\Achievement.java
[DEBUG] Stale source detected: C:\MyPlatform\Codes\mysteriousWebSite\server\src\main\java\com\changrui\mysterious\domain\messagewall\dto\MessageResponse.java
[DEBUG] Stale source detected: C:\MyPlatform\Codes\mysteriousWebSite\server\src\main\java\com\changrui\mysterious\domain\game\service\ScoreMaintenanceService.java
[DEBUG] Stale source detected: C:\MyPlatform\Codes\mysteriousWebSite\server\src\main\java\com\changrui\mysterious\domain\messagewall\dto\SuggestionUpdateDTO.java
[DEBUG] Stale source detected: C:\MyPlatform\Codes\mysteriousWebSite\server\src\main\java\com\changrui\mysterious\domain\profile\model\UserAchievement.java
[DEBUG] Stale source detected: C:\MyPlatform\Codes\mysteriousWebSite\server\src\main\java\com\changrui\mysterious\domain\user\service\AdminService.java
[DEBUG] Stale source detected: C:\MyPlatform\Codes\mysteriousWebSite\server\src\main\java\com\changrui\mysterious\domain\profile\dto\BasicProfileInfo.java
[DEBUG] Stale source detected: C:\MyPlatform\Codes\mysteriousWebSite\server\src\main\java\com\changrui\mysterious\domain\messagewall\model\ChatSetting.java
[DEBUG] Stale source detected: C:\MyPlatform\Codes\mysteriousWebSite\server\src\main\java\com\changrui\mysterious\domain\vocabulary\repository\VocabularyRepository.java
[DEBUG] Stale source detected: C:\MyPlatform\Codes\mysteriousWebSite\server\src\main\java\com\changrui\mysterious\domain\game\repository\GameStatusRepository.java
[DEBUG] Stale source detected: C:\MyPlatform\Codes\mysteriousWebSite\server\src\main\java\com\changrui\mysterious\domain\settings\service\SystemSettingService.java
[DEBUG] Stale source detected: C:\MyPlatform\Codes\mysteriousWebSite\server\src\main\java\com\changrui\mysterious\domain\messagewall\controller\MessageController.java
[DEBUG] Stale source detected: C:\MyPlatform\Codes\mysteriousWebSite\server\src\main\java\com\changrui\mysterious\domain\media\controller\MediaController.java
[DEBUG] Stale source detected: C:\MyPlatform\Codes\mysteriousWebSite\server\src\main\java\com\changrui\mysterious\domain\profile\service\ProfileService.java
[DEBUG] Stale source detected: C:\MyPlatform\Codes\mysteriousWebSite\server\src\main\java\com\changrui\mysterious\domain\user\repository\AppUserRepository.java
[DEBUG] Stale source detected: C:\MyPlatform\Codes\mysteriousWebSite\server\src\main\java\com\changrui\mysterious\domain\messagewall\controller\SuggestionController.java
[DEBUG] Stale source detected: C:\MyPlatform\Codes\mysteriousWebSite\server\src\main\java\com\changrui\mysterious\domain\profile\repository\ActivityStatsRepository.java
[DEBUG] Stale source detected: C:\MyPlatform\Codes\mysteriousWebSite\server\src\main\java\com\changrui\mysterious\domain\profile\dto\CreateProfileRequest.java
[DEBUG] Stale source detected: C:\MyPlatform\Codes\mysteriousWebSite\server\src\main\java\com\changrui\mysterious\domain\note\dto\NoteDTO.java
[DEBUG] Stale source detected: C:\MyPlatform\Codes\mysteriousWebSite\server\src\main\java\com\changrui\mysterious\domain\profile\repository\AchievementRepository.java
[DEBUG] Stale source detected: C:\MyPlatform\Codes\mysteriousWebSite\server\src\main\java\com\changrui\mysterious\shared\exception\GlobalExceptionHandler.java
[DEBUG] Stale source detected: C:\MyPlatform\Codes\mysteriousWebSite\server\src\main\java\com\changrui\mysterious\shared\config\WebSocketConfig.java
[DEBUG] Stale source detected: C:\MyPlatform\Codes\mysteriousWebSite\server\src\main\java\com\changrui\mysterious\domain\profile\dto\UpdateProfileRequest.java
[DEBUG] Stale source detected: C:\MyPlatform\Codes\mysteriousWebSite\server\src\main\java\com\changrui\mysterious\domain\messagewall\dto\SuggestionCreateDTO.java
[DEBUG] Stale source detected: C:\MyPlatform\Codes\mysteriousWebSite\server\src\main\java\com\changrui\mysterious\domain\profile\controller\ProfileController.java
[DEBUG] Stale source detected: C:\MyPlatform\Codes\mysteriousWebSite\server\src\main\java\com\changrui\mysterious\domain\vocabulary\service\VocabularyFavoriteService.java
[DEBUG] Stale source detected: C:\MyPlatform\Codes\mysteriousWebSite\server\src\main\java\com\changrui\mysterious\domain\profile\model\UserAchievementId.java
[DEBUG] Stale source detected: C:\MyPlatform\Codes\mysteriousWebSite\server\src\main\java\com\changrui\mysterious\domain\profile\middleware\PrivacyFilterInterceptor.java
[DEBUG] Stale source detected: C:\MyPlatform\Codes\mysteriousWebSite\server\src\main\java\com\changrui\mysterious\domain\game\controller\MazeController.java
[DEBUG] Stale source detected: C:\MyPlatform\Codes\mysteriousWebSite\server\src\main\java\com\changrui\mysterious\domain\vocabulary\controller\VocabularyFavoritesController.java
[DEBUG] Stale source detected: C:\MyPlatform\Codes\mysteriousWebSite\server\src\main\java\com\changrui\mysterious\shared\exception\BadRequestException.java
[DEBUG] Stale source detected: C:\MyPlatform\Codes\mysteriousWebSite\server\src\main\java\com\changrui\mysterious\domain\calendar\controller\CalendarConfigController.java
[DEBUG] Stale source detected: C:\MyPlatform\Codes\mysteriousWebSite\server\src\main\java\com\changrui\mysterious\domain\settings\controller\SystemSettingController.java
[DEBUG] Stale source detected: C:\MyPlatform\Codes\mysteriousWebSite\server\src\main\java\com\changrui\mysterious\domain\profile\config\ProfileConfig.java
[DEBUG] Stale source detected: C:\MyPlatform\Codes\mysteriousWebSite\server\src\main\java\com\changrui\mysterious\domain\game\dto\ScoreSubmissionDTO.java
[DEBUG] Stale source detected: C:\MyPlatform\Codes\mysteriousWebSite\server\src\main\java\com\changrui\mysterious\domain\game\service\GameStatusService.java
[DEBUG] Stale source detected: C:\MyPlatform\Codes\mysteriousWebSite\server\src\main\java\com\changrui\mysterious\config\OpenApiConfig.java
[DEBUG] Stale source detected: C:\MyPlatform\Codes\mysteriousWebSite\server\src\main\java\com\changrui\mysterious\domain\profile\middleware\PrivacyResponseFilter.java
[DEBUG] Stale source detected: C:\MyPlatform\Codes\mysteriousWebSite\server\src\main\java\com\changrui\mysterious\domain\profile\middleware\ProfileAuthInterceptor.java
[DEBUG] Stale source detected: C:\MyPlatform\Codes\mysteriousWebSite\server\src\main\java\com\changrui\mysterious\domain\note\controller\NoteController.java
[DEBUG] Stale source detected: C:\MyPlatform\Codes\mysteriousWebSite\server\src\main\java\com\changrui\mysterious\shared\exception\ValidationException.java
[DEBUG] Stale source detected: C:\MyPlatform\Codes\mysteriousWebSite\server\src\main\java\com\changrui\mysterious\domain\profile\model\ActivityStats.java
[DEBUG] Stale source detected: C:\MyPlatform\Codes\mysteriousWebSite\server\src\main\java\com\changrui\mysterious\domain\user\controller\UserManagementController.java
[DEBUG] Stale source detected: C:\MyPlatform\Codes\mysteriousWebSite\server\src\main\java\com\changrui\mysterious\domain\profile\middleware\FilterPrivateFields.java
[DEBUG] Stale source detected: C:\MyPlatform\Codes\mysteriousWebSite\server\src\main\java\com\changrui\mysterious\domain\profile\middleware\RequireProfileOwnership.java
[DEBUG] Stale source detected: C:\MyPlatform\Codes\mysteriousWebSite\server\src\main\java\com\changrui\mysterious\domain\messagewall\repository\SuggestionRepository.java
[DEBUG] Stale source detected: C:\MyPlatform\Codes\mysteriousWebSite\server\src\main\java\com\changrui\mysterious\domain\note\service\NoteService.java
[DEBUG] Stale source detected: C:\MyPlatform\Codes\mysteriousWebSite\server\src\main\java\com\changrui\mysterious\domain\note\repository\NoteRepository.java
[DEBUG] Stale source detected: C:\MyPlatform\Codes\mysteriousWebSite\server\src\main\java\com\changrui\mysterious\domain\user\service\UserVerificationService.java
[DEBUG] Stale source detected: C:\MyPlatform\Codes\mysteriousWebSite\server\src\main\java\com\changrui\mysterious\domain\game\dto\GameToggleDTO.java
[DEBUG] Stale source detected: C:\MyPlatform\Codes\mysteriousWebSite\server\src\main\java\com\changrui\mysterious\domain\messagewall\service\MessageService.java
[DEBUG] Stale source detected: C:\MyPlatform\Codes\mysteriousWebSite\server\src\main\java\com\changrui\mysterious\domain\profile\controller\AdminProfileController.java
[DEBUG] Stale source detected: C:\MyPlatform\Codes\mysteriousWebSite\server\src\main\java\com\changrui\mysterious\domain\vocabulary\model\VocabularyItem.java
[DEBUG] Stale source detected: C:\MyPlatform\Codes\mysteriousWebSite\server\src\main\java\com\changrui\mysterious\domain\profile\middleware\RequirePrivacyLevel.java
[DEBUG] Stale source detected: C:\MyPlatform\Codes\mysteriousWebSite\server\src\main\java\com\changrui\mysterious\domain\messagewall\model\MessageReaction.java
[DEBUG] Stale source detected: C:\MyPlatform\Codes\mysteriousWebSite\server\src\main\java\com\changrui\mysterious\domain\profile\middleware\SecureFileUpload.java
[DEBUG] Stale source detected: C:\MyPlatform\Codes\mysteriousWebSite\server\src\main\java\com\changrui\mysterious\domain\profile\service\ProfileMigrationService.java
[DEBUG] Stale source detected: C:\MyPlatform\Codes\mysteriousWebSite\server\src\main\java\com\changrui\mysterious\domain\game\model\Score.java
[DEBUG] Stale source detected: C:\MyPlatform\Codes\mysteriousWebSite\server\src\main\java\com\changrui\mysterious\shared\exception\EntityNotFoundException.java
[DEBUG] Stale source detected: C:\MyPlatform\Codes\mysteriousWebSite\server\src\main\java\com\changrui\mysterious\domain\onlinecount\controller\OnlineCountController.java
[DEBUG] Stale source detected: C:\MyPlatform\Codes\mysteriousWebSite\server\src\main\java\com\changrui\mysterious\domain\profile\controller\ActivityController.java
[DEBUG] Stale source detected: C:\MyPlatform\Codes\mysteriousWebSite\server\src\main\java\com\changrui\mysterious\shared\exception\UnauthorizedException.java
[DEBUG] Stale source detected: C:\MyPlatform\Codes\mysteriousWebSite\server\src\main\java\com\changrui\mysterious\domain\profile\model\UserProfile.java
[DEBUG] Stale source detected: C:\MyPlatform\Codes\mysteriousWebSite\server\src\main\java\com\changrui\mysterious\domain\user\dto\AdminVerifyDTO.java
[DEBUG] Stale source detected: C:\MyPlatform\Codes\mysteriousWebSite\server\src\main\java\com\changrui\mysterious\domain\profile\middleware\FileUploadMiddleware.java
[DEBUG] Stale source detected: C:\MyPlatform\Codes\mysteriousWebSite\server\src\main\java\com\changrui\mysterious\shared\exception\NotFoundException.java
[DEBUG] Stale source detected: C:\MyPlatform\Codes\mysteriousWebSite\server\src\main\java\com\changrui\mysterious\domain\messagewall\dto\CommentCreateDTO.java
[DEBUG] Stale source detected: C:\MyPlatform\Codes\mysteriousWebSite\server\src\main\java\com\changrui\mysterious\domain\note\model\Note.java
[DEBUG] Stale source detected: C:\MyPlatform\Codes\mysteriousWebSite\server\src\main\java\com\changrui\mysterious\domain\profile\repository\UserAchievementRepository.java
[DEBUG] Stale source detected: C:\MyPlatform\Codes\mysteriousWebSite\server\src\main\java\com\changrui\mysterious\domain\user\controller\AuthController.java
[DEBUG] Stale source detected: C:\MyPlatform\Codes\mysteriousWebSite\server\src\main\java\com\changrui\mysterious\domain\messagewall\model\Suggestion.java
[DEBUG] Stale source detected: C:\MyPlatform\Codes\mysteriousWebSite\server\src\main\java\com\changrui\mysterious\domain\user\dto\RegisterDTO.java
[DEBUG] Stale source detected: C:\MyPlatform\Codes\mysteriousWebSite\server\src\main\java\com\changrui\mysterious\domain\vocabulary\model\UserVocabularyFavorite.java
[DEBUG] Stale source detected: C:\MyPlatform\Codes\mysteriousWebSite\server\src\main\java\com\changrui\mysterious\domain\game\repository\ScoreRepository.java
[DEBUG] Stale source detected: C:\MyPlatform\Codes\mysteriousWebSite\server\src\main\java\com\changrui\mysterious\domain\settings\repository\SystemSettingRepository.java
[DEBUG] Stale source detected: C:\MyPlatform\Codes\mysteriousWebSite\server\src\main\java\com\changrui\mysterious\domain\user\controller\UserPreferencesController.java
[DEBUG] Stale source detected: C:\MyPlatform\Codes\mysteriousWebSite\server\src\main\java\com\changrui\mysterious\domain\profile\service\ActivityService.java
[DEBUG] Stale source detected: C:\MyPlatform\Codes\mysteriousWebSite\server\src\main\java\com\changrui\mysterious\domain\user\dto\UserCreateDTO.java
[INFO] Changes detected - recompiling the module! :source
[DEBUG] Classpath:
[DEBUG]  C:\MyPlatform\Codes\mysteriousWebSite\server\target\classes
[DEBUG]  C:\Users\mzhan\.m2\repository\org\springframework\boot\spring-boot-starter-web\3.2.1\spring-boot-starter-web-3.2.1.jar
[DEBUG]  C:\Users\mzhan\.m2\repository\org\springframework\boot\spring-boot-starter\3.2.1\spring-boot-starter-3.2.1.jar
[DEBUG]  C:\Users\mzhan\.m2\repository\org\springframework\boot\spring-boot\3.2.1\spring-boot-3.2.1.jar
[DEBUG]  C:\Users\mzhan\.m2\repository\org\springframework\boot\spring-boot-autoconfigure\3.2.1\spring-boot-autoconfigure-3.2.1.jar
[DEBUG]  C:\Users\mzhan\.m2\repository\org\springframework\boot\spring-boot-starter-logging\3.2.1\spring-boot-starter-logging-3.2.1.jar
[DEBUG]  C:\Users\mzhan\.m2\repository\ch\qos\logback\logback-classic\1.4.14\logback-classic-1.4.14.jar
[DEBUG]  C:\Users\mzhan\.m2\repository\ch\qos\logback\logback-core\1.4.14\logback-core-1.4.14.jar
[DEBUG]  C:\Users\mzhan\.m2\repository\org\apache\logging\log4j\log4j-to-slf4j\2.21.1\log4j-to-slf4j-2.21.1.jar
[DEBUG]  C:\Users\mzhan\.m2\repository\org\apache\logging\log4j\log4j-api\2.21.1\log4j-api-2.21.1.jar
[DEBUG]  C:\Users\mzhan\.m2\repository\org\slf4j\jul-to-slf4j\2.0.9\jul-to-slf4j-2.0.9.jar
[DEBUG]  C:\Users\mzhan\.m2\repository\jakarta\annotation\jakarta.annotation-api\2.1.1\jakarta.annotation-api-2.1.1.jar
[DEBUG]  C:\Users\mzhan\.m2\repository\org\springframework\boot\spring-boot-starter-json\3.2.1\spring-boot-starter-json-3.2.1.jar
[DEBUG]  C:\Users\mzhan\.m2\repository\com\fasterxml\jackson\core\jackson-databind\2.15.3\jackson-databind-2.15.3.jar
[DEBUG]  C:\Users\mzhan\.m2\repository\com\fasterxml\jackson\core\jackson-annotations\2.15.3\jackson-annotations-2.15.3.jar
[DEBUG]  C:\Users\mzhan\.m2\repository\com\fasterxml\jackson\core\jackson-core\2.15.3\jackson-core-2.15.3.jar
[DEBUG]  C:\Users\mzhan\.m2\repository\com\fasterxml\jackson\datatype\jackson-datatype-jdk8\2.15.3\jackson-datatype-jdk8-2.15.3.jar
[DEBUG]  C:\Users\mzhan\.m2\repository\com\fasterxml\jackson\datatype\jackson-datatype-jsr310\2.15.3\jackson-datatype-jsr310-2.15.3.jar
[DEBUG]  C:\Users\mzhan\.m2\repository\com\fasterxml\jackson\module\jackson-module-parameter-names\2.15.3\jackson-module-parameter-names-2.15.3.jar
[DEBUG]  C:\Users\mzhan\.m2\repository\org\springframework\boot\spring-boot-starter-tomcat\3.2.1\spring-boot-starter-tomcat-3.2.1.jar
[DEBUG]  C:\Users\mzhan\.m2\repository\org\apache\tomcat\embed\tomcat-embed-core\10.1.17\tomcat-embed-core-10.1.17.jar
[DEBUG]  C:\Users\mzhan\.m2\repository\org\apache\tomcat\embed\tomcat-embed-websocket\10.1.17\tomcat-embed-websocket-10.1.17.jar
[DEBUG]  C:\Users\mzhan\.m2\repository\org\springframework\spring-web\6.1.2\spring-web-6.1.2.jar
[DEBUG]  C:\Users\mzhan\.m2\repository\org\springframework\spring-beans\6.1.2\spring-beans-6.1.2.jar
[DEBUG]  C:\Users\mzhan\.m2\repository\io\micrometer\micrometer-observation\1.12.1\micrometer-observation-1.12.1.jar
[DEBUG]  C:\Users\mzhan\.m2\repository\io\micrometer\micrometer-commons\1.12.1\micrometer-commons-1.12.1.jar
[DEBUG]  C:\Users\mzhan\.m2\repository\org\springframework\spring-webmvc\6.1.2\spring-webmvc-6.1.2.jar
[DEBUG]  C:\Users\mzhan\.m2\repository\org\springframework\spring-aop\6.1.2\spring-aop-6.1.2.jar
[DEBUG]  C:\Users\mzhan\.m2\repository\org\springframework\spring-context\6.1.2\spring-context-6.1.2.jar
[DEBUG]  C:\Users\mzhan\.m2\repository\org\springframework\spring-expression\6.1.2\spring-expression-6.1.2.jar
[DEBUG]  C:\Users\mzhan\.m2\repository\org\springframework\boot\spring-boot-starter-data-jpa\3.2.1\spring-boot-starter-data-jpa-3.2.1.jar
[DEBUG]  C:\Users\mzhan\.m2\repository\org\springframework\boot\spring-boot-starter-aop\3.2.1\spring-boot-starter-aop-3.2.1.jar
[DEBUG]  C:\Users\mzhan\.m2\repository\org\aspectj\aspectjweaver\1.9.21\aspectjweaver-1.9.21.jar
[DEBUG]  C:\Users\mzhan\.m2\repository\org\springframework\boot\spring-boot-starter-jdbc\3.2.1\spring-boot-starter-jdbc-3.2.1.jar
[DEBUG]  C:\Users\mzhan\.m2\repository\com\zaxxer\HikariCP\5.0.1\HikariCP-5.0.1.jar
[DEBUG]  C:\Users\mzhan\.m2\repository\org\springframework\spring-jdbc\6.1.2\spring-jdbc-6.1.2.jar
[DEBUG]  C:\Users\mzhan\.m2\repository\org\hibernate\orm\hibernate-core\6.4.1.Final\hibernate-core-6.4.1.Final.jar
[DEBUG]  C:\Users\mzhan\.m2\repository\jakarta\persistence\jakarta.persistence-api\3.1.0\jakarta.persistence-api-3.1.0.jar
[DEBUG]  C:\Users\mzhan\.m2\repository\jakarta\transaction\jakarta.transaction-api\2.0.1\jakarta.transaction-api-2.0.1.jar
[DEBUG]  C:\Users\mzhan\.m2\repository\org\jboss\logging\jboss-logging\3.5.3.Final\jboss-logging-3.5.3.Final.jar
[DEBUG]  C:\Users\mzhan\.m2\repository\com\fasterxml\classmate\1.6.0\classmate-1.6.0.jar
[DEBUG]  C:\Users\mzhan\.m2\repository\org\antlr\antlr4-runtime\4.13.0\antlr4-runtime-4.13.0.jar
[DEBUG]  C:\Users\mzhan\.m2\repository\org\springframework\data\spring-data-jpa\3.2.1\spring-data-jpa-3.2.1.jar
[DEBUG]  C:\Users\mzhan\.m2\repository\org\springframework\data\spring-data-commons\3.2.1\spring-data-commons-3.2.1.jar
[DEBUG]  C:\Users\mzhan\.m2\repository\org\springframework\spring-orm\6.1.2\spring-orm-6.1.2.jar
[DEBUG]  C:\Users\mzhan\.m2\repository\org\springframework\spring-tx\6.1.2\spring-tx-6.1.2.jar
[DEBUG]  C:\Users\mzhan\.m2\repository\org\slf4j\slf4j-api\2.0.9\slf4j-api-2.0.9.jar
[DEBUG]  C:\Users\mzhan\.m2\repository\org\springframework\spring-aspects\6.1.2\spring-aspects-6.1.2.jar
[DEBUG]  C:\Users\mzhan\.m2\repository\org\springframework\boot\spring-boot-starter-validation\3.2.1\spring-boot-starter-validation-3.2.1.jar
[DEBUG]  C:\Users\mzhan\.m2\repository\org\apache\tomcat\embed\tomcat-embed-el\10.1.17\tomcat-embed-el-10.1.17.jar
[DEBUG]  C:\Users\mzhan\.m2\repository\org\hibernate\validator\hibernate-validator\8.0.1.Final\hibernate-validator-8.0.1.Final.jar
[DEBUG]  C:\Users\mzhan\.m2\repository\jakarta\validation\jakarta.validation-api\3.0.2\jakarta.validation-api-3.0.2.jar
[DEBUG]  C:\Users\mzhan\.m2\repository\org\liquibase\liquibase-core\4.24.0\liquibase-core-4.24.0.jar
[DEBUG]  C:\Users\mzhan\.m2\repository\com\opencsv\opencsv\5.8\opencsv-5.8.jar
[DEBUG]  C:\Users\mzhan\.m2\repository\org\apache\commons\commons-lang3\3.13.0\commons-lang3-3.13.0.jar
[DEBUG]  C:\Users\mzhan\.m2\repository\org\apache\commons\commons-text\1.10.0\commons-text-1.10.0.jar
[DEBUG]  C:\Users\mzhan\.m2\repository\org\apache\commons\commons-collections4\4.4\commons-collections4-4.4.jar
[DEBUG]  C:\Users\mzhan\.m2\repository\org\yaml\snakeyaml\2.2\snakeyaml-2.2.jar
[DEBUG]  C:\Users\mzhan\.m2\repository\javax\xml\bind\jaxb-api\2.3.1\jaxb-api-2.3.1.jar
[DEBUG]  C:\Users\mzhan\.m2\repository\org\springframework\boot\spring-boot-starter-websocket\3.2.1\spring-boot-starter-websocket-3.2.1.jar
[DEBUG]  C:\Users\mzhan\.m2\repository\org\springframework\spring-messaging\6.1.2\spring-messaging-6.1.2.jar
[DEBUG]  C:\Users\mzhan\.m2\repository\org\springframework\spring-websocket\6.1.2\spring-websocket-6.1.2.jar
[DEBUG]  C:\Users\mzhan\.m2\repository\jakarta\xml\bind\jakarta.xml.bind-api\4.0.1\jakarta.xml.bind-api-4.0.1.jar
[DEBUG]  C:\Users\mzhan\.m2\repository\jakarta\activation\jakarta.activation-api\2.1.2\jakarta.activation-api-2.1.2.jar
[DEBUG]  C:\Users\mzhan\.m2\repository\org\springframework\spring-core\6.1.2\spring-core-6.1.2.jar
[DEBUG]  C:\Users\mzhan\.m2\repository\org\springframework\spring-jcl\6.1.2\spring-jcl-6.1.2.jar
[DEBUG]  C:\Users\mzhan\.m2\repository\org\projectlombok\lombok\1.18.30\lombok-1.18.30.jar
[DEBUG]  C:\Users\mzhan\.m2\repository\org\springdoc\springdoc-openapi-starter-webmvc-ui\2.3.0\springdoc-openapi-starter-webmvc-ui-2.3.0.jar
[DEBUG]  C:\Users\mzhan\.m2\repository\org\springdoc\springdoc-openapi-starter-webmvc-api\2.3.0\springdoc-openapi-starter-webmvc-api-2.3.0.jar
[DEBUG]  C:\Users\mzhan\.m2\repository\org\springdoc\springdoc-openapi-starter-common\2.3.0\springdoc-openapi-starter-common-2.3.0.jar
[DEBUG]  C:\Users\mzhan\.m2\repository\io\swagger\core\v3\swagger-core-jakarta\2.2.19\swagger-core-jakarta-2.2.19.jar
[DEBUG]  C:\Users\mzhan\.m2\repository\io\swagger\core\v3\swagger-annotations-jakarta\2.2.19\swagger-annotations-jakarta-2.2.19.jar
[DEBUG]  C:\Users\mzhan\.m2\repository\io\swagger\core\v3\swagger-models-jakarta\2.2.19\swagger-models-jakarta-2.2.19.jar
[DEBUG]  C:\Users\mzhan\.m2\repository\com\fasterxml\jackson\dataformat\jackson-dataformat-yaml\2.15.3\jackson-dataformat-yaml-2.15.3.jar
[DEBUG]  C:\Users\mzhan\.m2\repository\org\webjars\swagger-ui\5.10.3\swagger-ui-5.10.3.jar
[DEBUG] Source roots:
[DEBUG]  C:\MyPlatform\Codes\mysteriousWebSite\server\src\main\java
[DEBUG]  C:\MyPlatform\Codes\mysteriousWebSite\server\target\generated-sources\annotations
[DEBUG] Command line options:
[DEBUG] -d C:\MyPlatform\Codes\mysteriousWebSite\server\target\classes -classpath C:\MyPlatform\Codes\mysteriousWebSite\server\target\classes;C:\Users\mzhan\.m2\repository\org\springframework\boot\spring-boot-starter-web\3.2.1\spring-boot-starter-web-3.2.1.jar;C:\Users\mzhan\.m2\repository\org\springframework\boot\spring-boot-starter\3.2.1\spring-boot-starter-3.2.1.jar;C:\Users\mzhan\.m2\repository\org\springframework\boot\spring-boot\3.2.1\spring-boot-3.2.1.jar;C:\Users\mzhan\.m2\repository\org\springframework\boot\spring-boot-autoconfigure\3.2.1\spring-boot-autoconfigure-3.2.1.jar;C:\Users\mzhan\.m2\repository\org\springframework\boot\spring-boot-starter-logging\3.2.1\spring-boot-starter-logging-3.2.1.jar;C:\Users\mzhan\.m2\repository\ch\qos\logback\logback-classic\1.4.14\logback-classic-1.4.14.jar;C:\Users\mzhan\.m2\repository\ch\qos\logback\logback-core\1.4.14\logback-core-1.4.14.jar;C:\Users\mzhan\.m2\repository\org\apache\logging\log4j\log4j-to-slf4j\2.21.1\log4j-to-slf4j-2.21.1.jar;C:\Users\mzhan\.m2\repository\org\apache\logging\log4j\log4j-api\2.21.1\log4j-api-2.21.1.jar;C:\Users\mzhan\.m2\repository\org\slf4j\jul-to-slf4j\2.0.9\jul-to-slf4j-2.0.9.jar;C:\Users\mzhan\.m2\repository\jakarta\annotation\jakarta.annotation-api\2.1.1\jakarta.annotation-api-2.1.1.jar;C:\Users\mzhan\.m2\repository\org\springframework\boot\spring-boot-starter-json\3.2.1\spring-boot-starter-json-3.2.1.jar;C:\Users\mzhan\.m2\repository\com\fasterxml\jackson\core\jackson-databind\2.15.3\jackson-databind-2.15.3.jar;C:\Users\mzhan\.m2\repository\com\fasterxml\jackson\core\jackson-annotations\2.15.3\jackson-annotations-2.15.3.jar;C:\Users\mzhan\.m2\repository\com\fasterxml\jackson\core\jackson-core\2.15.3\jackson-core-2.15.3.jar;C:\Users\mzhan\.m2\repository\com\fasterxml\jackson\datatype\jackson-datatype-jdk8\2.15.3\jackson-datatype-jdk8-2.15.3.jar;C:\Users\mzhan\.m2\repository\com\fasterxml\jackson\datatype\jackson-datatype-jsr310\2.15.3\jackson-datatype-jsr310-2.15.3.jar;C:\Users\mzhan\.m2\repository\com\fasterxml\jackson\module\jackson-module-parameter-names\2.15.3\jackson-module-parameter-names-2.15.3.jar;C:\Users\mzhan\.m2\repository\org\springframework\boot\spring-boot-starter-tomcat\3.2.1\spring-boot-starter-tomcat-3.2.1.jar;C:\Users\mzhan\.m2\repository\org\apache\tomcat\embed\tomcat-embed-core\10.1.17\tomcat-embed-core-10.1.17.jar;C:\Users\mzhan\.m2\repository\org\apache\tomcat\embed\tomcat-embed-websocket\10.1.17\tomcat-embed-websocket-10.1.17.jar;C:\Users\mzhan\.m2\repository\org\springframework\spring-web\6.1.2\spring-web-6.1.2.jar;C:\Users\mzhan\.m2\repository\org\springframework\spring-beans\6.1.2\spring-beans-6.1.2.jar;C:\Users\mzhan\.m2\repository\io\micrometer\micrometer-observation\1.12.1\micrometer-observation-1.12.1.jar;C:\Users\mzhan\.m2\repository\io\micrometer\micrometer-commons\1.12.1\micrometer-commons-1.12.1.jar;C:\Users\mzhan\.m2\repository\org\springframework\spring-webmvc\6.1.2\spring-webmvc-6.1.2.jar;C:\Users\mzhan\.m2\repository\org\springframework\spring-aop\6.1.2\spring-aop-6.1.2.jar;C:\Users\mzhan\.m2\repository\org\springframework\spring-context\6.1.2\spring-context-6.1.2.jar;C:\Users\mzhan\.m2\repository\org\springframework\spring-expression\6.1.2\spring-expression-6.1.2.jar;C:\Users\mzhan\.m2\repository\org\springframework\boot\spring-boot-starter-data-jpa\3.2.1\spring-boot-starter-data-jpa-3.2.1.jar;C:\Users\mzhan\.m2\repository\org\springframework\boot\spring-boot-starter-aop\3.2.1\spring-boot-starter-aop-3.2.1.jar;C:\Users\mzhan\.m2\repository\org\aspectj\aspectjweaver\1.9.21\aspectjweaver-1.9.21.jar;C:\Users\mzhan\.m2\repository\org\springframework\boot\spring-boot-starter-jdbc\3.2.1\spring-boot-starter-jdbc-3.2.1.jar;C:\Users\mzhan\.m2\repository\com\zaxxer\HikariCP\5.0.1\HikariCP-5.0.1.jar;C:\Users\mzhan\.m2\repository\org\springframework\spring-jdbc\6.1.2\spring-jdbc-6.1.2.jar;C:\Users\mzhan\.m2\repository\org\hibernate\orm\hibernate-core\6.4.1.Final\hibernate-core-6.4.1.Final.jar;C:\Users\mzhan\.m2\repository\jakarta\persistence\jakarta.persistence-api\3.1.0\jakarta.persistence-api-3.1.0.jar;C:\Users\mzhan\.m2\repository\jakarta\transaction\jakarta.transaction-api\2.0.1\jakarta.transaction-api-2.0.1.jar;C:\Users\mzhan\.m2\repository\org\jboss\logging\jboss-logging\3.5.3.Final\jboss-logging-3.5.3.Final.jar;C:\Users\mzhan\.m2\repository\com\fasterxml\classmate\1.6.0\classmate-1.6.0.jar;C:\Users\mzhan\.m2\repository\org\antlr\antlr4-runtime\4.13.0\antlr4-runtime-4.13.0.jar;C:\Users\mzhan\.m2\repository\org\springframework\data\spring-data-jpa\3.2.1\spring-data-jpa-3.2.1.jar;C:\Users\mzhan\.m2\repository\org\springframework\data\spring-data-commons\3.2.1\spring-data-commons-3.2.1.jar;C:\Users\mzhan\.m2\repository\org\springframework\spring-orm\6.1.2\spring-orm-6.1.2.jar;C:\Users\mzhan\.m2\repository\org\springframework\spring-tx\6.1.2\spring-tx-6.1.2.jar;C:\Users\mzhan\.m2\repository\org\slf4j\slf4j-api\2.0.9\slf4j-api-2.0.9.jar;C:\Users\mzhan\.m2\repository\org\springframework\spring-aspects\6.1.2\spring-aspects-6.1.2.jar;C:\Users\mzhan\.m2\repository\org\springframework\boot\spring-boot-starter-validation\3.2.1\spring-boot-starter-validation-3.2.1.jar;C:\Users\mzhan\.m2\repository\org\apache\tomcat\embed\tomcat-embed-el\10.1.17\tomcat-embed-el-10.1.17.jar;C:\Users\mzhan\.m2\repository\org\hibernate\validator\hibernate-validator\8.0.1.Final\hibernate-validator-8.0.1.Final.jar;C:\Users\mzhan\.m2\repository\jakarta\validation\jakarta.validation-api\3.0.2\jakarta.validation-api-3.0.2.jar;C:\Users\mzhan\.m2\repository\org\liquibase\liquibase-core\4.24.0\liquibase-core-4.24.0.jar;C:\Users\mzhan\.m2\repository\com\opencsv\opencsv\5.8\opencsv-5.8.jar;C:\Users\mzhan\.m2\repository\org\apache\commons\commons-lang3\3.13.0\commons-lang3-3.13.0.jar;C:\Users\mzhan\.m2\repository\org\apache\commons\commons-text\1.10.0\commons-text-1.10.0.jar;C:\Users\mzhan\.m2\repository\org\apache\commons\commons-collections4\4.4\commons-collections4-4.4.jar;C:\Users\mzhan\.m2\repository\org\yaml\snakeyaml\2.2\snakeyaml-2.2.jar;C:\Users\mzhan\.m2\repository\javax\xml\bind\jaxb-api\2.3.1\jaxb-api-2.3.1.jar;C:\Users\mzhan\.m2\repository\org\springframework\boot\spring-boot-starter-websocket\3.2.1\spring-boot-starter-websocket-3.2.1.jar;C:\Users\mzhan\.m2\repository\org\springframework\spring-messaging\6.1.2\spring-messaging-6.1.2.jar;C:\Users\mzhan\.m2\repository\org\springframework\spring-websocket\6.1.2\spring-websocket-6.1.2.jar;C:\Users\mzhan\.m2\repository\jakarta\xml\bind\jakarta.xml.bind-api\4.0.1\jakarta.xml.bind-api-4.0.1.jar;C:\Users\mzhan\.m2\repository\jakarta\activation\jakarta.activation-api\2.1.2\jakarta.activation-api-2.1.2.jar;C:\Users\mzhan\.m2\repository\org\springframework\spring-core\6.1.2\spring-core-6.1.2.jar;C:\Users\mzhan\.m2\repository\org\springframework\spring-jcl\6.1.2\spring-jcl-6.1.2.jar;C:\Users\mzhan\.m2\repository\org\projectlombok\lombok\1.18.30\lombok-1.18.30.jar;C:\Users\mzhan\.m2\repository\org\springdoc\springdoc-openapi-starter-webmvc-ui\2.3.0\springdoc-openapi-starter-webmvc-ui-2.3.0.jar;C:\Users\mzhan\.m2\repository\org\springdoc\springdoc-openapi-starter-webmvc-api\2.3.0\springdoc-openapi-starter-webmvc-api-2.3.0.jar;C:\Users\mzhan\.m2\repository\org\springdoc\springdoc-openapi-starter-common\2.3.0\springdoc-openapi-starter-common-2.3.0.jar;C:\Users\mzhan\.m2\repository\io\swagger\core\v3\swagger-core-jakarta\2.2.19\swagger-core-jakarta-2.2.19.jar;C:\Users\mzhan\.m2\repository\io\swagger\core\v3\swagger-annotations-jakarta\2.2.19\swagger-annotations-jakarta-2.2.19.jar;C:\Users\mzhan\.m2\repository\io\swagger\core\v3\swagger-models-jakarta\2.2.19\swagger-models-jakarta-2.2.19.jar;C:\Users\mzhan\.m2\repository\com\fasterxml\jackson\dataformat\jackson-dataformat-yaml\2.15.3\jackson-dataformat-yaml-2.15.3.jar;C:\Users\mzhan\.m2\repository\org\webjars\swagger-ui\5.10.3\swagger-ui-5.10.3.jar; -sourcepath C:\MyPlatform\Codes\mysteriousWebSite\server\src\main\java;C:\MyPlatform\Codes\mysteriousWebSite\server\target\generated-sources\annotations; -s C:\MyPlatform\Codes\mysteriousWebSite\server\target\generated-sources\annotations -g -parameters --release 17 -encoding UTF-8
[DEBUG] incrementalBuildHelper#beforeRebuildExecution
[INFO] Compiling 129 source files with javac [debug release 17] to target\classes
[DEBUG] incrementalBuildHelper#afterRebuildExecution
[INFO] /C:/MyPlatform/Codes/mysteriousWebSite/server/src/main/java/com/changrui/mysterious/domain/profile/service/ActivityService.java: C:\MyPlatform\Codes\mysteriousWebSite\server\src\main\java\com\changrui\mysterious\domain\profile\service\ActivityService.java uses unchecked or unsafe operations.
[INFO] /C:/MyPlatform/Codes/mysteriousWebSite/server/src/main/java/com/changrui/mysterious/domain/profile/service/ActivityService.java: Recompile with -Xlint:unchecked for details.
[INFO] -------------------------------------------------------------
[ERROR] COMPILATION ERROR : 
[INFO] -------------------------------------------------------------
[ERROR] /C:/MyPlatform/Codes/mysteriousWebSite/server/src/main/java/com/changrui/mysterious/domain/profile/middleware/PrivacyFilterMiddleware.java:[66,20] cannot find symbol
  symbol:   method isPublic()
  location: variable profile of type com.changrui.mysterious.domain.profile.model.UserProfile
[ERROR] /C:/MyPlatform/Codes/mysteriousWebSite/server/src/main/java/com/changrui/mysterious/domain/profile/middleware/PrivacyFilterMiddleware.java:[153,42] cannot find symbol
  symbol:   method getUserId()
  location: variable profile of type com.changrui.mysterious.domain.profile.model.UserProfile
[ERROR] /C:/MyPlatform/Codes/mysteriousWebSite/server/src/main/java/com/changrui/mysterious/domain/profile/middleware/PrivacyFilterMiddleware.java:[154,47] cannot find symbol
  symbol:   method getDisplayName()
  location: variable profile of type com.changrui.mysterious.domain.profile.model.UserProfile
[ERROR] /C:/MyPlatform/Codes/mysteriousWebSite/server/src/main/java/com/changrui/mysterious/domain/profile/middleware/PrivacyFilterMiddleware.java:[155,45] cannot find symbol
  symbol:   method getAvatarUrl()
  location: variable profile of type com.changrui.mysterious.domain.profile.model.UserProfile
[ERROR] /C:/MyPlatform/Codes/mysteriousWebSite/server/src/main/java/com/changrui/mysterious/domain/profile/middleware/PrivacyFilterMiddleware.java:[156,42] cannot find symbol
  symbol:   method getGender()
  location: variable profile of type com.changrui.mysterious.domain.profile.model.UserProfile
[ERROR] /C:/MyPlatform/Codes/mysteriousWebSite/server/src/main/java/com/changrui/mysterious/domain/profile/middleware/PrivacyFilterMiddleware.java:[157,44] cannot find symbol
  symbol:   method getJoinDate()
  location: variable profile of type com.changrui.mysterious.domain.profile.model.UserProfile
[ERROR] /C:/MyPlatform/Codes/mysteriousWebSite/server/src/main/java/com/changrui/mysterious/domain/profile/middleware/PrivacyFilterMiddleware.java:[158,42] cannot find symbol
  symbol:   method isPublic()
  location: variable profile of type com.changrui.mysterious.domain.profile.model.UserProfile
[ERROR] /C:/MyPlatform/Codes/mysteriousWebSite/server/src/main/java/com/changrui/mysterious/domain/profile/middleware/PrivacyFilterMiddleware.java:[159,45] cannot find symbol
  symbol:   method getCreatedAt()
  location: variable profile of type com.changrui.mysterious.domain.profile.model.UserProfile
[ERROR] /C:/MyPlatform/Codes/mysteriousWebSite/server/src/main/java/com/changrui/mysterious/domain/profile/middleware/PrivacyFilterMiddleware.java:[163,43] cannot find symbol
  symbol:   method getBio()
  location: variable profile of type com.changrui.mysterious.domain.profile.model.UserProfile
[ERROR] /C:/MyPlatform/Codes/mysteriousWebSite/server/src/main/java/com/changrui/mysterious/domain/profile/middleware/PrivacyFilterMiddleware.java:[167,50] cannot find symbol
  symbol:   method getLastActive()
  location: variable profile of type com.changrui.mysterious.domain.profile.model.UserProfile
[ERROR] /C:/MyPlatform/Codes/mysteriousWebSite/server/src/main/java/com/changrui/mysterious/domain/profile/middleware/PrivacyFilterMiddleware.java:[168,49] cannot find symbol
  symbol:   method getUpdatedAt()
  location: variable profile of type com.changrui.mysterious.domain.profile.model.UserProfile
[ERROR] /C:/MyPlatform/Codes/mysteriousWebSite/server/src/main/java/com/changrui/mysterious/domain/profile/middleware/PrivacyFilterMiddleware.java:[240,9] cannot find symbol
  symbol:   variable log
  location: class com.changrui.mysterious.domain.profile.middleware.PrivacyFilterMiddleware
[ERROR] /C:/MyPlatform/Codes/mysteriousWebSite/server/src/main/java/com/changrui/mysterious/domain/profile/middleware/PrivacyFilterMiddleware.java:[256,66] cannot find symbol
  symbol:   method getUserId()
  location: variable profile of type com.changrui.mysterious.domain.profile.model.UserProfile
[ERROR] /C:/MyPlatform/Codes/mysteriousWebSite/server/src/main/java/com/changrui/mysterious/domain/profile/middleware/PrivacyFilterMiddleware.java:[280,23] cannot find symbol
  symbol:   method isPublic()
  location: variable profile of type com.changrui.mysterious.domain.profile.model.UserProfile
[ERROR] /C:/MyPlatform/Codes/mysteriousWebSite/server/src/main/java/com/changrui/mysterious/domain/profile/middleware/PrivacyFilterMiddleware.java:[298,78] cannot find symbol
  symbol:   method getUserId()
  location: variable profile of type com.changrui.mysterious.domain.profile.model.UserProfile
[ERROR] /C:/MyPlatform/Codes/mysteriousWebSite/server/src/main/java/com/changrui/mysterious/domain/profile/middleware/PrivacyFilterMiddleware.java:[303,78] cannot find symbol
  symbol:   method getUserId()
  location: variable profile of type com.changrui.mysterious.domain.profile.model.UserProfile
[ERROR] /C:/MyPlatform/Codes/mysteriousWebSite/server/src/main/java/com/changrui/mysterious/domain/profile/middleware/PrivacyFilterMiddleware.java:[309,55] cannot find symbol
  symbol:   method getUserId()
  location: variable profile of type com.changrui.mysterious.domain.profile.model.UserProfile
[ERROR] /C:/MyPlatform/Codes/mysteriousWebSite/server/src/main/java/com/changrui/mysterious/domain/profile/middleware/PrivacyFilterMiddleware.java:[310,60] cannot find symbol
  symbol:   method getDisplayName()
  location: variable profile of type com.changrui.mysterious.domain.profile.model.UserProfile
[ERROR] /C:/MyPlatform/Codes/mysteriousWebSite/server/src/main/java/com/changrui/mysterious/domain/profile/middleware/PrivacyFilterMiddleware.java:[311,58] cannot find symbol
  symbol:   method getAvatarUrl()
  location: variable profile of type com.changrui.mysterious.domain.profile.model.UserProfile
[ERROR] /C:/MyPlatform/Codes/mysteriousWebSite/server/src/main/java/com/changrui/mysterious/domain/profile/middleware/PrivacyFilterMiddleware.java:[312,55] cannot find symbol
  symbol:   method getGender()
  location: variable profile of type com.changrui.mysterious.domain.profile.model.UserProfile
[ERROR] /C:/MyPlatform/Codes/mysteriousWebSite/server/src/main/java/com/changrui/mysterious/domain/profile/middleware/PrivacyFilterMiddleware.java:[313,57] cannot find symbol
  symbol:   method getJoinDate()
  location: variable profile of type com.changrui.mysterious.domain.profile.model.UserProfile
[ERROR] /C:/MyPlatform/Codes/mysteriousWebSite/server/src/main/java/com/changrui/mysterious/domain/profile/middleware/PrivacyFilterMiddleware.java:[314,55] cannot find symbol
  symbol:   method isPublic()
  location: variable profile of type com.changrui.mysterious.domain.profile.model.UserProfile
[ERROR] /C:/MyPlatform/Codes/mysteriousWebSite/server/src/main/java/com/changrui/mysterious/domain/profile/service/ProfileMigrationService.java:[47,13] cannot find symbol
  symbol:   variable log
  location: class com.changrui.mysterious.domain.profile.service.ProfileMigrationService
[ERROR] /C:/MyPlatform/Codes/mysteriousWebSite/server/src/main/java/com/changrui/mysterious/domain/profile/service/ProfileMigrationService.java:[56,9] cannot find symbol
  symbol:   variable log
  location: class com.changrui.mysterious.domain.profile.service.ProfileMigrationService
[ERROR] /C:/MyPlatform/Codes/mysteriousWebSite/server/src/main/java/com/changrui/mysterious/domain/profile/service/ProfileMigrationService.java:[75,22] cannot find symbol
  symbol:   method getUserId()
  location: variable score of type com.changrui.mysterious.domain.game.model.Score
[ERROR] /C:/MyPlatform/Codes/mysteriousWebSite/server/src/main/java/com/changrui/mysterious/domain/profile/service/ProfileMigrationService.java:[75,52] cannot find symbol
  symbol:   method getUserId()
  location: variable score of type com.changrui.mysterious.domain.game.model.Score
[ERROR] /C:/MyPlatform/Codes/mysteriousWebSite/server/src/main/java/com/changrui/mysterious/domain/profile/service/ProfileMigrationService.java:[76,47] cannot find symbol
  symbol:   method getUserId()
  location: variable score of type com.changrui.mysterious.domain.game.model.Score
[ERROR] /C:/MyPlatform/Codes/mysteriousWebSite/server/src/main/java/com/changrui/mysterious/domain/profile/service/ProfileMigrationService.java:[76,66] cannot find symbol
  symbol:   method getUsername()
  location: variable score of type com.changrui.mysterious.domain.game.model.Score
[ERROR] /C:/MyPlatform/Codes/mysteriousWebSite/server/src/main/java/com/changrui/mysterious/domain/profile/service/ProfileMigrationService.java:[77,43] cannot find symbol
  symbol:   method getUserId()
  location: variable score of type com.changrui.mysterious.domain.game.model.Score
[ERROR] /C:/MyPlatform/Codes/mysteriousWebSite/server/src/main/java/com/changrui/mysterious/domain/profile/service/ProfileMigrationService.java:[81,9] cannot find symbol
  symbol:   variable log
  location: class com.changrui.mysterious.domain.profile.service.ProfileMigrationService
[ERROR] /C:/MyPlatform/Codes/mysteriousWebSite/server/src/main/java/com/changrui/mysterious/domain/profile/service/ProfileMigrationService.java:[101,17] cannot find symbol
  symbol:   variable log
  location: class com.changrui.mysterious.domain.profile.service.ProfileMigrationService
[ERROR] /C:/MyPlatform/Codes/mysteriousWebSite/server/src/main/java/com/changrui/mysterious/domain/profile/service/ProfileMigrationService.java:[105,9] cannot find symbol
  symbol:   variable log
  location: class com.changrui.mysterious.domain.profile.service.ProfileMigrationService
[ERROR] /C:/MyPlatform/Codes/mysteriousWebSite/server/src/main/java/com/changrui/mysterious/domain/profile/service/ProfileMigrationService.java:[135,9] cannot find symbol
  symbol:   variable log
  location: class com.changrui.mysterious.domain.profile.service.ProfileMigrationService
[ERROR] /C:/MyPlatform/Codes/mysteriousWebSite/server/src/main/java/com/changrui/mysterious/domain/profile/service/ProfileMigrationService.java:[169,9] cannot find symbol
  symbol:   variable log
  location: class com.changrui.mysterious.domain.profile.service.ProfileMigrationService
[ERROR] /C:/MyPlatform/Codes/mysteriousWebSite/server/src/main/java/com/changrui/mysterious/domain/game/model/Score.java:[49,9] constructor Score in class com.changrui.mysterious.domain.game.model.Score cannot be applied to given types;
  required: java.lang.String,java.lang.String,java.lang.String,int,long
  found:    <nulltype>,java.lang.String,java.lang.String,java.lang.String,int,long,int
  reason: actual and formal argument lists differ in length
[ERROR] /C:/MyPlatform/Codes/mysteriousWebSite/server/src/main/java/com/changrui/mysterious/domain/profile/service/ProfileIntegrationService.java:[53,47] invalid method reference
  cannot find symbol
    symbol:   method getUserId()
    location: class com.changrui.mysterious.domain.profile.model.UserProfile
[ERROR] /C:/MyPlatform/Codes/mysteriousWebSite/server/src/main/java/com/changrui/mysterious/domain/profile/service/ProfileIntegrationService.java:[74,39] cannot find symbol
  symbol:   method isPublic()
  location: variable profile of type com.changrui.mysterious.domain.profile.model.UserProfile
[ERROR] /C:/MyPlatform/Codes/mysteriousWebSite/server/src/main/java/com/changrui/mysterious/domain/profile/service/ProfileIntegrationService.java:[90,25] invalid method reference
  cannot find symbol
    symbol:   method isPublic(T)
    location: class com.changrui.mysterious.domain.profile.model.UserProfile
[ERROR] /C:/MyPlatform/Codes/mysteriousWebSite/server/src/main/java/com/changrui/mysterious/domain/profile/service/ProfileService.java:[54,20] cannot find symbol
  symbol:   method setBio(java.lang.String)
  location: variable profile of type com.changrui.mysterious.domain.profile.model.UserProfile
[ERROR] /C:/MyPlatform/Codes/mysteriousWebSite/server/src/main/java/com/changrui/mysterious/domain/profile/service/ProfileService.java:[59,20] cannot find symbol
  symbol:   method setGender(java.lang.String)
  location: variable profile of type com.changrui.mysterious.domain.profile.model.UserProfile
[ERROR] /C:/MyPlatform/Codes/mysteriousWebSite/server/src/main/java/com/changrui/mysterious/domain/profile/service/ProfileService.java:[62,24] cannot find symbol
  symbol:   method getAvatarUrl()
  location: variable profile of type com.changrui.mysterious.domain.profile.model.UserProfile
[ERROR] /C:/MyPlatform/Codes/mysteriousWebSite/server/src/main/java/com/changrui/mysterious/domain/profile/service/ProfileService.java:[62,58] cannot find symbol
  symbol:   method getAvatarUrl()
  location: variable profile of type com.changrui.mysterious.domain.profile.model.UserProfile
[ERROR] /C:/MyPlatform/Codes/mysteriousWebSite/server/src/main/java/com/changrui/mysterious/domain/profile/service/ProfileService.java:[65,28] cannot find symbol
  symbol:   method setAvatarUrl(java.lang.String)
  location: variable profile of type com.changrui.mysterious.domain.profile.model.UserProfile
[ERROR] /C:/MyPlatform/Codes/mysteriousWebSite/server/src/main/java/com/changrui/mysterious/domain/profile/service/ProfileService.java:[67,28] cannot find symbol
  symbol:   method setAvatarUrl(java.lang.String)
  location: variable profile of type com.changrui.mysterious.domain.profile.model.UserProfile
[ERROR] /C:/MyPlatform/Codes/mysteriousWebSite/server/src/main/java/com/changrui/mysterious/domain/profile/service/ProfileService.java:[73,20] cannot find symbol
  symbol:   method getAvatarUrl()
  location: variable profile of type com.changrui.mysterious.domain.profile.model.UserProfile
[ERROR] /C:/MyPlatform/Codes/mysteriousWebSite/server/src/main/java/com/changrui/mysterious/domain/profile/service/ProfileService.java:[73,54] cannot find symbol
  symbol:   method getAvatarUrl()
  location: variable profile of type com.changrui.mysterious.domain.profile.model.UserProfile
[ERROR] /C:/MyPlatform/Codes/mysteriousWebSite/server/src/main/java/com/changrui/mysterious/domain/profile/service/ProfileService.java:[74,20] cannot find symbol
  symbol:   method setAvatarUrl(java.lang.String)
  location: variable profile of type com.changrui.mysterious.domain.profile.model.UserProfile
[ERROR] /C:/MyPlatform/Codes/mysteriousWebSite/server/src/main/java/com/changrui/mysterious/domain/profile/service/ProfileService.java:[79,20] cannot find symbol
  symbol:   method setPublic(java.lang.Boolean)
  location: variable profile of type com.changrui.mysterious.domain.profile.model.UserProfile
[ERROR] /C:/MyPlatform/Codes/mysteriousWebSite/server/src/main/java/com/changrui/mysterious/domain/profile/service/ProfileService.java:[110,33] cannot find symbol
  symbol:   method isPublic()
  location: variable profile of type com.changrui.mysterious.domain.profile.model.UserProfile
[ERROR] /C:/MyPlatform/Codes/mysteriousWebSite/server/src/main/java/com/changrui/mysterious/domain/profile/service/ProfileService.java:[133,33] cannot find symbol
  symbol:   method isPublic()
  location: variable profile of type com.changrui.mysterious.domain.profile.model.UserProfile
[ERROR] /C:/MyPlatform/Codes/mysteriousWebSite/server/src/main/java/com/changrui/mysterious/domain/profile/service/ProfileService.java:[159,20] cannot find symbol
  symbol:   method setDisplayName(java.lang.String)
  location: variable profile of type com.changrui.mysterious.domain.profile.model.UserProfile
[ERROR] /C:/MyPlatform/Codes/mysteriousWebSite/server/src/main/java/com/changrui/mysterious/domain/profile/service/ProfileService.java:[163,20] cannot find symbol
  symbol:   method setBio(request.bi[...]rim())
  location: variable profile of type com.changrui.mysterious.domain.profile.model.UserProfile
[ERROR] /C:/MyPlatform/Codes/mysteriousWebSite/server/src/main/java/com/changrui/mysterious/domain/profile/service/ProfileService.java:[167,20] cannot find symbol
  symbol:   method setAvatarUrl(request.av[...]rim())
  location: variable profile of type com.changrui.mysterious.domain.profile.model.UserProfile
[ERROR] /C:/MyPlatform/Codes/mysteriousWebSite/server/src/main/java/com/changrui/mysterious/domain/profile/service/ProfileService.java:[171,20] cannot find symbol
  symbol:   method setGender(request.ge[...]ase())
  location: variable profile of type com.changrui.mysterious.domain.profile.model.UserProfile
[ERROR] /C:/MyPlatform/Codes/mysteriousWebSite/server/src/main/java/com/changrui/mysterious/domain/profile/service/ProfileService.java:[203,20] cannot find symbol
  symbol:   method setPublic(boolean)
  location: variable profile of type com.changrui.mysterious.domain.profile.model.UserProfile
[ERROR] /C:/MyPlatform/Codes/mysteriousWebSite/server/src/main/java/com/changrui/mysterious/domain/profile/service/ProfileService.java:[238,85] cannot find symbol
  symbol:   method getUserId()
  location: variable profile of type com.changrui.mysterious.domain.profile.model.UserProfile
[ERROR] /C:/MyPlatform/Codes/mysteriousWebSite/server/src/main/java/com/changrui/mysterious/domain/profile/service/ProfileService.java:[239,82] cannot find symbol
  symbol:   method getUserId()
  location: variable profile of type com.changrui.mysterious.domain.profile.model.UserProfile
[ERROR] /C:/MyPlatform/Codes/mysteriousWebSite/server/src/main/java/com/changrui/mysterious/domain/profile/service/ProfileService.java:[240,103] cannot find symbol
  symbol:   method getUserId()
  location: variable profile of type com.changrui.mysterious.domain.profile.model.UserProfile
[ERROR] /C:/MyPlatform/Codes/mysteriousWebSite/server/src/main/java/com/changrui/mysterious/domain/profile/service/ProfileService.java:[241,46] cannot find symbol
  symbol:   method getUserId()
  location: variable profile of type com.changrui.mysterious.domain.profile.model.UserProfile
[ERROR] /C:/MyPlatform/Codes/mysteriousWebSite/server/src/main/java/com/changrui/mysterious/domain/profile/service/ProfileService.java:[257,85] cannot find symbol
  symbol:   method getUserId()
  location: variable profile of type com.changrui.mysterious.domain.profile.model.UserProfile
[ERROR] /C:/MyPlatform/Codes/mysteriousWebSite/server/src/main/java/com/changrui/mysterious/domain/profile/service/ProfileService.java:[258,82] cannot find symbol
  symbol:   method getUserId()
  location: variable profile of type com.changrui.mysterious.domain.profile.model.UserProfile
[ERROR] /C:/MyPlatform/Codes/mysteriousWebSite/server/src/main/java/com/changrui/mysterious/domain/profile/service/ProfileService.java:[259,103] cannot find symbol
  symbol:   method getUserId()
  location: variable profile of type com.changrui.mysterious.domain.profile.model.UserProfile
[ERROR] /C:/MyPlatform/Codes/mysteriousWebSite/server/src/main/java/com/changrui/mysterious/domain/profile/service/ProfileService.java:[260,46] cannot find symbol
  symbol:   method getUserId()
  location: variable profile of type com.changrui.mysterious.domain.profile.model.UserProfile
[ERROR] /C:/MyPlatform/Codes/mysteriousWebSite/server/src/main/java/com/changrui/mysterious/domain/profile/service/ProfileService.java:[296,20] cannot find symbol
  symbol:   method setLastActive(java.time.LocalDateTime)
  location: variable profile of type com.changrui.mysterious.domain.profile.model.UserProfile
[ERROR] /C:/MyPlatform/Codes/mysteriousWebSite/server/src/main/java/com/changrui/mysterious/domain/profile/dto/ProfileResponse.java:[33,24] cannot find symbol
  symbol:   method getUserId()
  location: variable profile of type com.changrui.mysterious.domain.profile.model.UserProfile
[ERROR] /C:/MyPlatform/Codes/mysteriousWebSite/server/src/main/java/com/changrui/mysterious/domain/profile/dto/ProfileResponse.java:[34,24] cannot find symbol
  symbol:   method getDisplayName()
  location: variable profile of type com.changrui.mysterious.domain.profile.model.UserProfile
[ERROR] /C:/MyPlatform/Codes/mysteriousWebSite/server/src/main/java/com/changrui/mysterious/domain/profile/dto/ProfileResponse.java:[35,24] cannot find symbol
  symbol:   method getBio()
  location: variable profile of type com.changrui.mysterious.domain.profile.model.UserProfile
[ERROR] /C:/MyPlatform/Codes/mysteriousWebSite/server/src/main/java/com/changrui/mysterious/domain/profile/dto/ProfileResponse.java:[37,24] cannot find symbol
  symbol:   method getGender()
  location: variable profile of type com.changrui.mysterious.domain.profile.model.UserProfile
[ERROR] /C:/MyPlatform/Codes/mysteriousWebSite/server/src/main/java/com/changrui/mysterious/domain/profile/dto/ProfileResponse.java:[38,24] cannot find symbol
  symbol:   method getJoinDate()
  location: variable profile of type com.changrui.mysterious.domain.profile.model.UserProfile
[ERROR] /C:/MyPlatform/Codes/mysteriousWebSite/server/src/main/java/com/changrui/mysterious/domain/profile/dto/ProfileResponse.java:[39,24] cannot find symbol
  symbol:   method getLastActive()
  location: variable profile of type com.changrui.mysterious.domain.profile.model.UserProfile
[ERROR] /C:/MyPlatform/Codes/mysteriousWebSite/server/src/main/java/com/changrui/mysterious/domain/profile/dto/ProfileResponse.java:[40,24] cannot find symbol
  symbol:   method isPublic()
  location: variable profile of type com.changrui.mysterious.domain.profile.model.UserProfile
[ERROR] /C:/MyPlatform/Codes/mysteriousWebSite/server/src/main/java/com/changrui/mysterious/domain/profile/dto/ProfileResponse.java:[58,24] cannot find symbol
  symbol:   method getUserId()
  location: variable profile of type com.changrui.mysterious.domain.profile.model.UserProfile
[ERROR] /C:/MyPlatform/Codes/mysteriousWebSite/server/src/main/java/com/changrui/mysterious/domain/profile/dto/ProfileResponse.java:[59,24] cannot find symbol
  symbol:   method getDisplayName()
  location: variable profile of type com.changrui.mysterious.domain.profile.model.UserProfile
[ERROR] /C:/MyPlatform/Codes/mysteriousWebSite/server/src/main/java/com/changrui/mysterious/domain/profile/dto/ProfileResponse.java:[60,34] cannot find symbol
  symbol:   method getBio()
  location: variable profile of type com.changrui.mysterious.domain.profile.model.UserProfile
[ERROR] /C:/MyPlatform/Codes/mysteriousWebSite/server/src/main/java/com/changrui/mysterious/domain/profile/dto/ProfileResponse.java:[62,24] cannot find symbol
  symbol:   method getGender()
  location: variable profile of type com.changrui.mysterious.domain.profile.model.UserProfile
[ERROR] /C:/MyPlatform/Codes/mysteriousWebSite/server/src/main/java/com/changrui/mysterious/domain/profile/dto/ProfileResponse.java:[63,24] cannot find symbol
  symbol:   method getJoinDate()
  location: variable profile of type com.changrui.mysterious.domain.profile.model.UserProfile
[ERROR] /C:/MyPlatform/Codes/mysteriousWebSite/server/src/main/java/com/changrui/mysterious/domain/profile/dto/ProfileResponse.java:[64,41] cannot find symbol
  symbol:   method getLastActive()
  location: variable profile of type com.changrui.mysterious.domain.profile.model.UserProfile
[ERROR] /C:/MyPlatform/Codes/mysteriousWebSite/server/src/main/java/com/changrui/mysterious/domain/profile/dto/ProfileResponse.java:[65,24] cannot find symbol
  symbol:   method isPublic()
  location: variable profile of type com.changrui.mysterious.domain.profile.model.UserProfile
[ERROR] /C:/MyPlatform/Codes/mysteriousWebSite/server/src/main/java/com/changrui/mysterious/domain/game/service/ScoreService.java:[66,9] cannot find symbol
  symbol:   variable log
  location: class com.changrui.mysterious.domain.game.service.ScoreService
[ERROR] /C:/MyPlatform/Codes/mysteriousWebSite/server/src/main/java/com/changrui/mysterious/domain/game/service/ScoreService.java:[75,57] cannot find symbol
  symbol:   method getScore()
  location: variable bestScore of type com.changrui.mysterious.domain.game.model.Score
[ERROR] /C:/MyPlatform/Codes/mysteriousWebSite/server/src/main/java/com/changrui/mysterious/domain/game/service/ScoreService.java:[76,17] cannot find symbol
  symbol:   variable log
  location: class com.changrui.mysterious.domain.game.service.ScoreService
[ERROR] /C:/MyPlatform/Codes/mysteriousWebSite/server/src/main/java/com/changrui/mysterious/domain/game/service/ScoreService.java:[76,92] cannot find symbol
  symbol:   method getScore()
  location: variable bestScore of type com.changrui.mysterious.domain.game.model.Score
[ERROR] /C:/MyPlatform/Codes/mysteriousWebSite/server/src/main/java/com/changrui/mysterious/domain/game/service/ScoreService.java:[82,13] cannot find symbol
  symbol:   variable log
  location: class com.changrui.mysterious.domain.game.service.ScoreService
[ERROR] /C:/MyPlatform/Codes/mysteriousWebSite/server/src/main/java/com/changrui/mysterious/domain/game/service/ScoreService.java:[87,13] cannot find symbol
  symbol:   variable log
  location: class com.changrui.mysterious.domain.game.service.ScoreService
[ERROR] /C:/MyPlatform/Codes/mysteriousWebSite/server/src/main/java/com/changrui/mysterious/domain/game/service/ScoreService.java:[93,9] cannot find symbol
  symbol:   variable log
  location: class com.changrui.mysterious.domain.game.service.ScoreService
[ERROR] /C:/MyPlatform/Codes/mysteriousWebSite/server/src/main/java/com/changrui/mysterious/domain/game/service/ScoreService.java:[106,9] cannot find symbol
  symbol:   variable log
  location: class com.changrui.mysterious.domain.game.service.ScoreService
[ERROR] /C:/MyPlatform/Codes/mysteriousWebSite/server/src/main/java/com/changrui/mysterious/domain/game/service/ScoreService.java:[120,18] cannot find symbol
  symbol:   method getUserId()
  location: variable s of type com.changrui.mysterious.domain.game.model.Score
[ERROR] /C:/MyPlatform/Codes/mysteriousWebSite/server/src/main/java/com/changrui/mysterious/domain/game/service/ScoreService.java:[120,63] cannot find symbol
  symbol:   method getUserId()
  location: variable s of type com.changrui.mysterious.domain.game.model.Score
[ERROR] /C:/MyPlatform/Codes/mysteriousWebSite/server/src/main/java/com/changrui/mysterious/domain/game/service/ScoreService.java:[121,37] cannot find symbol
  symbol:   method getScore()
  location: variable s of type com.changrui.mysterious.domain.game.model.Score
[ERROR] /C:/MyPlatform/Codes/mysteriousWebSite/server/src/main/java/com/changrui/mysterious/domain/game/service/ScoreService.java:[123,32] cannot find symbol
  symbol:   method getUserId()
  location: variable s of type com.changrui.mysterious.domain.game.model.Score
[ERROR] /C:/MyPlatform/Codes/mysteriousWebSite/server/src/main/java/com/changrui/mysterious/domain/game/service/ScoreService.java:[133,28] constructor Score in class com.changrui.mysterious.domain.game.model.Score cannot be applied to given types;
  required: java.lang.String,java.lang.String,java.lang.String,int,long
  found:    no arguments
  reason: actual and formal argument lists differ in length
[ERROR] /C:/MyPlatform/Codes/mysteriousWebSite/server/src/main/java/com/changrui/mysterious/domain/game/service/ScoreService.java:[134,19] cannot find symbol
  symbol:   method setUserId(java.lang.String)
  location: variable emptyScore of type com.changrui.mysterious.domain.game.model.Score
[ERROR] /C:/MyPlatform/Codes/mysteriousWebSite/server/src/main/java/com/changrui/mysterious/domain/game/service/ScoreService.java:[135,19] cannot find symbol
  symbol:   method setGameType(java.lang.String)
  location: variable emptyScore of type com.changrui.mysterious.domain.game.model.Score
[ERROR] /C:/MyPlatform/Codes/mysteriousWebSite/server/src/main/java/com/changrui/mysterious/domain/game/service/ScoreService.java:[136,19] cannot find symbol
  symbol:   method setScore(int)
  location: variable emptyScore of type com.changrui.mysterious.domain.game.model.Score
[ERROR] /C:/MyPlatform/Codes/mysteriousWebSite/server/src/main/java/com/changrui/mysterious/domain/game/service/ScoreService.java:[142,49] invalid method reference
  cannot find symbol
    symbol:   method getScore()
    location: class com.changrui.mysterious.domain.game.model.Score
[ERROR] /C:/MyPlatform/Codes/mysteriousWebSite/server/src/main/java/com/changrui/mysterious/domain/game/service/ScoreService.java:[144,55] cannot find symbol
  symbol:   method getScore()
  location: variable s2 of type com.changrui.mysterious.domain.game.model.Score
[ERROR] /C:/MyPlatform/Codes/mysteriousWebSite/server/src/main/java/com/changrui/mysterious/domain/game/service/ScoreService.java:[144,70] cannot find symbol
  symbol:   method getScore()
  location: variable s1 of type com.changrui.mysterious.domain.game.model.Score
[ERROR] /C:/MyPlatform/Codes/mysteriousWebSite/server/src/main/java/com/changrui/mysterious/domain/game/service/ScoreService.java:[157,26] constructor Score in class com.changrui.mysterious.domain.game.model.Score cannot be applied to given types;
  required: java.lang.String,java.lang.String,java.lang.String,int,long
  found:    <nulltype>,java.lang.String,java.lang.String,java.lang.String,java.lang.Integer,long,java.lang.Integer
  reason: actual and formal argument lists differ in length
[ERROR] /C:/MyPlatform/Codes/mysteriousWebSite/server/src/main/java/com/changrui/mysterious/domain/game/service/ScoreService.java:[168,23] cannot find symbol
  symbol:   method getUserId()
  location: variable savedScore of type com.changrui.mysterious.domain.game.model.Score
[ERROR] /C:/MyPlatform/Codes/mysteriousWebSite/server/src/main/java/com/changrui/mysterious/domain/game/service/ScoreService.java:[168,58] cannot find symbol
  symbol:   method getUserId()
  location: variable savedScore of type com.changrui.mysterious.domain.game.model.Score
[INFO] 100 errors 
[INFO] -------------------------------------------------------------
[INFO] ------------------------------------------------------------------------
[INFO] BUILD FAILURE
[INFO] ------------------------------------------------------------------------
[INFO] Total time:  5.373 s
[INFO] Finished at: 2026-01-18T19:11:30+01:00
[INFO] ------------------------------------------------------------------------
[ERROR] Failed to execute goal org.apache.maven.plugins:maven-compiler-plugin:3.11.0:compile (default-compile) on project mysterious-backend: Compilation failure: Compilation failure: 
[ERROR] /C:/MyPlatform/Codes/mysteriousWebSite/server/src/main/java/com/changrui/mysterious/domain/profile/middleware/PrivacyFilterMiddleware.java:[66,20] cannot find symbol
[ERROR]   symbol:   method isPublic()
[ERROR]   location: variable profile of type com.changrui.mysterious.domain.profile.model.UserProfile
[ERROR] /C:/MyPlatform/Codes/mysteriousWebSite/server/src/main/java/com/changrui/mysterious/domain/profile/middleware/PrivacyFilterMiddleware.java:[153,42] cannot find symbol
[ERROR]   symbol:   method getUserId()
[ERROR]   location: variable profile of type com.changrui.mysterious.domain.profile.model.UserProfile
[ERROR] /C:/MyPlatform/Codes/mysteriousWebSite/server/src/main/java/com/changrui/mysterious/domain/profile/middleware/PrivacyFilterMiddleware.java:[154,47] cannot find symbol
[ERROR]   symbol:   method getDisplayName()
[ERROR]   location: variable profile of type com.changrui.mysterious.domain.profile.model.UserProfile
[ERROR] /C:/MyPlatform/Codes/mysteriousWebSite/server/src/main/java/com/changrui/mysterious/domain/profile/middleware/PrivacyFilterMiddleware.java:[155,45] cannot find symbol
[ERROR]   symbol:   method getAvatarUrl()
[ERROR]   location: variable profile of type com.changrui.mysterious.domain.profile.model.UserProfile
[ERROR] /C:/MyPlatform/Codes/mysteriousWebSite/server/src/main/java/com/changrui/mysterious/domain/profile/middleware/PrivacyFilterMiddleware.java:[156,42] cannot find symbol
[ERROR]   symbol:   method getGender()
[ERROR]   location: variable profile of type com.changrui.mysterious.domain.profile.model.UserProfile
[ERROR] /C:/MyPlatform/Codes/mysteriousWebSite/server/src/main/java/com/changrui/mysterious/domain/profile/middleware/PrivacyFilterMiddleware.java:[157,44] cannot find symbol
[ERROR]   symbol:   method getJoinDate()
[ERROR]   location: variable profile of type com.changrui.mysterious.domain.profile.model.UserProfile
[ERROR] /C:/MyPlatform/Codes/mysteriousWebSite/server/src/main/java/com/changrui/mysterious/domain/profile/middleware/PrivacyFilterMiddleware.java:[158,42] cannot find symbol
[ERROR]   symbol:   method isPublic()
[ERROR]   location: variable profile of type com.changrui.mysterious.domain.profile.model.UserProfile
[ERROR] /C:/MyPlatform/Codes/mysteriousWebSite/server/src/main/java/com/changrui/mysterious/domain/profile/middleware/PrivacyFilterMiddleware.java:[159,45] cannot find symbol
[ERROR]   symbol:   method getCreatedAt()
[ERROR]   location: variable profile of type com.changrui.mysterious.domain.profile.model.UserProfile
[ERROR] /C:/MyPlatform/Codes/mysteriousWebSite/server/src/main/java/com/changrui/mysterious/domain/profile/middleware/PrivacyFilterMiddleware.java:[163,43] cannot find symbol
[ERROR]   symbol:   method getBio()
[ERROR]   location: variable profile of type com.changrui.mysterious.domain.profile.model.UserProfile
[ERROR] /C:/MyPlatform/Codes/mysteriousWebSite/server/src/main/java/com/changrui/mysterious/domain/profile/middleware/PrivacyFilterMiddleware.java:[167,50] cannot find symbol
[ERROR]   symbol:   method getLastActive()
[ERROR]   location: variable profile of type com.changrui.mysterious.domain.profile.model.UserProfile
[ERROR] /C:/MyPlatform/Codes/mysteriousWebSite/server/src/main/java/com/changrui/mysterious/domain/profile/middleware/PrivacyFilterMiddleware.java:[168,49] cannot find symbol
[ERROR]   symbol:   method getUpdatedAt()
[ERROR]   location: variable profile of type com.changrui.mysterious.domain.profile.model.UserProfile
[ERROR] /C:/MyPlatform/Codes/mysteriousWebSite/server/src/main/java/com/changrui/mysterious/domain/profile/middleware/PrivacyFilterMiddleware.java:[240,9] cannot find symbol
[ERROR]   symbol:   variable log
[ERROR]   location: class com.changrui.mysterious.domain.profile.middleware.PrivacyFilterMiddleware
[ERROR] /C:/MyPlatform/Codes/mysteriousWebSite/server/src/main/java/com/changrui/mysterious/domain/profile/middleware/PrivacyFilterMiddleware.java:[256,66] cannot find symbol
[ERROR]   symbol:   method getUserId()
[ERROR]   location: variable profile of type com.changrui.mysterious.domain.profile.model.UserProfile
[ERROR] /C:/MyPlatform/Codes/mysteriousWebSite/server/src/main/java/com/changrui/mysterious/domain/profile/middleware/PrivacyFilterMiddleware.java:[280,23] cannot find symbol
[ERROR]   symbol:   method isPublic()
[ERROR]   location: variable profile of type com.changrui.mysterious.domain.profile.model.UserProfile
[ERROR] /C:/MyPlatform/Codes/mysteriousWebSite/server/src/main/java/com/changrui/mysterious/domain/profile/middleware/PrivacyFilterMiddleware.java:[298,78] cannot find symbol
[ERROR]   symbol:   method getUserId()
[ERROR]   location: variable profile of type com.changrui.mysterious.domain.profile.model.UserProfile
[ERROR] /C:/MyPlatform/Codes/mysteriousWebSite/server/src/main/java/com/changrui/mysterious/domain/profile/middleware/PrivacyFilterMiddleware.java:[303,78] cannot find symbol
[ERROR]   symbol:   method getUserId()
[ERROR]   location: variable profile of type com.changrui.mysterious.domain.profile.model.UserProfile
[ERROR] /C:/MyPlatform/Codes/mysteriousWebSite/server/src/main/java/com/changrui/mysterious/domain/profile/middleware/PrivacyFilterMiddleware.java:[309,55] cannot find symbol
[ERROR]   symbol:   method getUserId()
[ERROR]   location: variable profile of type com.changrui.mysterious.domain.profile.model.UserProfile
[ERROR] /C:/MyPlatform/Codes/mysteriousWebSite/server/src/main/java/com/changrui/mysterious/domain/profile/middleware/PrivacyFilterMiddleware.java:[310,60] cannot find symbol
[ERROR]   symbol:   method getDisplayName()
[ERROR]   location: variable profile of type com.changrui.mysterious.domain.profile.model.UserProfile
[ERROR] /C:/MyPlatform/Codes/mysteriousWebSite/server/src/main/java/com/changrui/mysterious/domain/profile/middleware/PrivacyFilterMiddleware.java:[311,58] cannot find symbol
[ERROR]   symbol:   method getAvatarUrl()
[ERROR]   location: variable profile of type com.changrui.mysterious.domain.profile.model.UserProfile
[ERROR] /C:/MyPlatform/Codes/mysteriousWebSite/server/src/main/java/com/changrui/mysterious/domain/profile/middleware/PrivacyFilterMiddleware.java:[312,55] cannot find symbol
[ERROR]   symbol:   method getGender()
[ERROR]   location: variable profile of type com.changrui.mysterious.domain.profile.model.UserProfile
[ERROR] /C:/MyPlatform/Codes/mysteriousWebSite/server/src/main/java/com/changrui/mysterious/domain/profile/middleware/PrivacyFilterMiddleware.java:[313,57] cannot find symbol
[ERROR]   symbol:   method getJoinDate()
[ERROR]   location: variable profile of type com.changrui.mysterious.domain.profile.model.UserProfile
[ERROR] /C:/MyPlatform/Codes/mysteriousWebSite/server/src/main/java/com/changrui/mysterious/domain/profile/middleware/PrivacyFilterMiddleware.java:[314,55] cannot find symbol
[ERROR]   symbol:   method isPublic()
[ERROR]   location: variable profile of type com.changrui.mysterious.domain.profile.model.UserProfile
[ERROR] /C:/MyPlatform/Codes/mysteriousWebSite/server/src/main/java/com/changrui/mysterious/domain/profile/service/ProfileMigrationService.java:[47,13] cannot find symbol
[ERROR]   symbol:   variable log
[ERROR]   location: class com.changrui.mysterious.domain.profile.service.ProfileMigrationService
[ERROR] /C:/MyPlatform/Codes/mysteriousWebSite/server/src/main/java/com/changrui/mysterious/domain/profile/service/ProfileMigrationService.java:[56,9] cannot find symbol
[ERROR]   symbol:   variable log
[ERROR]   location: class com.changrui.mysterious.domain.profile.service.ProfileMigrationService
[ERROR] /C:/MyPlatform/Codes/mysteriousWebSite/server/src/main/java/com/changrui/mysterious/domain/profile/service/ProfileMigrationService.java:[75,22] cannot find symbol
[ERROR]   symbol:   method getUserId()
[ERROR]   location: variable score of type com.changrui.mysterious.domain.game.model.Score
[ERROR] /C:/MyPlatform/Codes/mysteriousWebSite/server/src/main/java/com/changrui/mysterious/domain/profile/service/ProfileMigrationService.java:[75,52] cannot find symbol
[ERROR]   symbol:   method getUserId()
[ERROR]   location: variable score of type com.changrui.mysterious.domain.game.model.Score
[ERROR] /C:/MyPlatform/Codes/mysteriousWebSite/server/src/main/java/com/changrui/mysterious/domain/profile/service/ProfileMigrationService.java:[76,47] cannot find symbol
[ERROR]   symbol:   method getUserId()
[ERROR]   location: variable score of type com.changrui.mysterious.domain.game.model.Score
[ERROR] /C:/MyPlatform/Codes/mysteriousWebSite/server/src/main/java/com/changrui/mysterious/domain/profile/service/ProfileMigrationService.java:[76,66] cannot find symbol
[ERROR]   symbol:   method getUsername()
[ERROR]   location: variable score of type com.changrui.mysterious.domain.game.model.Score
[ERROR] /C:/MyPlatform/Codes/mysteriousWebSite/server/src/main/java/com/changrui/mysterious/domain/profile/service/ProfileMigrationService.java:[77,43] cannot find symbol
[ERROR]   symbol:   method getUserId()
[ERROR]   location: variable score of type com.changrui.mysterious.domain.game.model.Score
[ERROR] /C:/MyPlatform/Codes/mysteriousWebSite/server/src/main/java/com/changrui/mysterious/domain/profile/service/ProfileMigrationService.java:[81,9] cannot find symbol
[ERROR]   symbol:   variable log
[ERROR]   location: class com.changrui.mysterious.domain.profile.service.ProfileMigrationService
[ERROR] /C:/MyPlatform/Codes/mysteriousWebSite/server/src/main/java/com/changrui/mysterious/domain/profile/service/ProfileMigrationService.java:[101,17] cannot find symbol
[ERROR]   symbol:   variable log
[ERROR]   location: class com.changrui.mysterious.domain.profile.service.ProfileMigrationService
[ERROR] /C:/MyPlatform/Codes/mysteriousWebSite/server/src/main/java/com/changrui/mysterious/domain/profile/service/ProfileMigrationService.java:[105,9] cannot find symbol
[ERROR]   symbol:   variable log
[ERROR]   location: class com.changrui.mysterious.domain.profile.service.ProfileMigrationService
[ERROR] /C:/MyPlatform/Codes/mysteriousWebSite/server/src/main/java/com/changrui/mysterious/domain/profile/service/ProfileMigrationService.java:[135,9] cannot find symbol
[ERROR]   symbol:   variable log
[ERROR]   location: class com.changrui.mysterious.domain.profile.service.ProfileMigrationService
[ERROR] /C:/MyPlatform/Codes/mysteriousWebSite/server/src/main/java/com/changrui/mysterious/domain/profile/service/ProfileMigrationService.java:[169,9] cannot find symbol
[ERROR]   symbol:   variable log
[ERROR]   location: class com.changrui.mysterious.domain.profile.service.ProfileMigrationService
[ERROR] /C:/MyPlatform/Codes/mysteriousWebSite/server/src/main/java/com/changrui/mysterious/domain/game/model/Score.java:[49,9] constructor Score in class com.changrui.mysterious.domain.game.model.Score cannot be applied to given types;
[ERROR]   required: java.lang.String,java.lang.String,java.lang.String,int,long
[ERROR]   found:    <nulltype>,java.lang.String,java.lang.String,java.lang.String,int,long,int
[ERROR]   reason: actual and formal argument lists differ in length
[ERROR] /C:/MyPlatform/Codes/mysteriousWebSite/server/src/main/java/com/changrui/mysterious/domain/profile/service/ProfileIntegrationService.java:[53,47] invalid method reference
[ERROR]   cannot find symbol
[ERROR]     symbol:   method getUserId()
[ERROR]     location: class com.changrui.mysterious.domain.profile.model.UserProfile
[ERROR] /C:/MyPlatform/Codes/mysteriousWebSite/server/src/main/java/com/changrui/mysterious/domain/profile/service/ProfileIntegrationService.java:[74,39] cannot find symbol
[ERROR]   symbol:   method isPublic()
[ERROR]   location: variable profile of type com.changrui.mysterious.domain.profile.model.UserProfile
[ERROR] /C:/MyPlatform/Codes/mysteriousWebSite/server/src/main/java/com/changrui/mysterious/domain/profile/service/ProfileIntegrationService.java:[90,25] invalid method reference
[ERROR]   cannot find symbol
[ERROR]     symbol:   method isPublic(T)
[ERROR]     location: class com.changrui.mysterious.domain.profile.model.UserProfile
[ERROR] /C:/MyPlatform/Codes/mysteriousWebSite/server/src/main/java/com/changrui/mysterious/domain/profile/service/ProfileService.java:[54,20] cannot find symbol
[ERROR]   symbol:   method setBio(java.lang.String)
[ERROR]   location: variable profile of type com.changrui.mysterious.domain.profile.model.UserProfile
[ERROR] /C:/MyPlatform/Codes/mysteriousWebSite/server/src/main/java/com/changrui/mysterious/domain/profile/service/ProfileService.java:[59,20] cannot find symbol
[ERROR]   symbol:   method setGender(java.lang.String)
[ERROR]   location: variable profile of type com.changrui.mysterious.domain.profile.model.UserProfile
[ERROR] /C:/MyPlatform/Codes/mysteriousWebSite/server/src/main/java/com/changrui/mysterious/domain/profile/service/ProfileService.java:[62,24] cannot find symbol
[ERROR]   symbol:   method getAvatarUrl()
[ERROR]   location: variable profile of type com.changrui.mysterious.domain.profile.model.UserProfile
[ERROR] /C:/MyPlatform/Codes/mysteriousWebSite/server/src/main/java/com/changrui/mysterious/domain/profile/service/ProfileService.java:[62,58] cannot find symbol
[ERROR]   symbol:   method getAvatarUrl()
[ERROR]   location: variable profile of type com.changrui.mysterious.domain.profile.model.UserProfile
[ERROR] /C:/MyPlatform/Codes/mysteriousWebSite/server/src/main/java/com/changrui/mysterious/domain/profile/service/ProfileService.java:[65,28] cannot find symbol
[ERROR]   symbol:   method setAvatarUrl(java.lang.String)
[ERROR]   location: variable profile of type com.changrui.mysterious.domain.profile.model.UserProfile
[ERROR] /C:/MyPlatform/Codes/mysteriousWebSite/server/src/main/java/com/changrui/mysterious/domain/profile/service/ProfileService.java:[67,28] cannot find symbol
[ERROR]   symbol:   method setAvatarUrl(java.lang.String)
[ERROR]   location: variable profile of type com.changrui.mysterious.domain.profile.model.UserProfile
[ERROR] /C:/MyPlatform/Codes/mysteriousWebSite/server/src/main/java/com/changrui/mysterious/domain/profile/service/ProfileService.java:[73,20] cannot find symbol
[ERROR]   symbol:   method getAvatarUrl()
[ERROR]   location: variable profile of type com.changrui.mysterious.domain.profile.model.UserProfile
[ERROR] /C:/MyPlatform/Codes/mysteriousWebSite/server/src/main/java/com/changrui/mysterious/domain/profile/service/ProfileService.java:[73,54] cannot find symbol
[ERROR]   symbol:   method getAvatarUrl()
[ERROR]   location: variable profile of type com.changrui.mysterious.domain.profile.model.UserProfile
[ERROR] /C:/MyPlatform/Codes/mysteriousWebSite/server/src/main/java/com/changrui/mysterious/domain/profile/service/ProfileService.java:[74,20] cannot find symbol
[ERROR]   symbol:   method setAvatarUrl(java.lang.String)
[ERROR]   location: variable profile of type com.changrui.mysterious.domain.profile.model.UserProfile
[ERROR] /C:/MyPlatform/Codes/mysteriousWebSite/server/src/main/java/com/changrui/mysterious/domain/profile/service/ProfileService.java:[79,20] cannot find symbol
[ERROR]   symbol:   method setPublic(java.lang.Boolean)
[ERROR]   location: variable profile of type com.changrui.mysterious.domain.profile.model.UserProfile
[ERROR] /C:/MyPlatform/Codes/mysteriousWebSite/server/src/main/java/com/changrui/mysterious/domain/profile/service/ProfileService.java:[110,33] cannot find symbol
[ERROR]   symbol:   method isPublic()
[ERROR]   location: variable profile of type com.changrui.mysterious.domain.profile.model.UserProfile
[ERROR] /C:/MyPlatform/Codes/mysteriousWebSite/server/src/main/java/com/changrui/mysterious/domain/profile/service/ProfileService.java:[133,33] cannot find symbol
[ERROR]   symbol:   method isPublic()
[ERROR]   location: variable profile of type com.changrui.mysterious.domain.profile.model.UserProfile
[ERROR] /C:/MyPlatform/Codes/mysteriousWebSite/server/src/main/java/com/changrui/mysterious/domain/profile/service/ProfileService.java:[159,20] cannot find symbol
[ERROR]   symbol:   method setDisplayName(java.lang.String)
[ERROR]   location: variable profile of type com.changrui.mysterious.domain.profile.model.UserProfile
[ERROR] /C:/MyPlatform/Codes/mysteriousWebSite/server/src/main/java/com/changrui/mysterious/domain/profile/service/ProfileService.java:[163,20] cannot find symbol
[ERROR]   symbol:   method setBio(request.bi[...]rim())
[ERROR]   location: variable profile of type com.changrui.mysterious.domain.profile.model.UserProfile
[ERROR] /C:/MyPlatform/Codes/mysteriousWebSite/server/src/main/java/com/changrui/mysterious/domain/profile/service/ProfileService.java:[167,20] cannot find symbol
[ERROR]   symbol:   method setAvatarUrl(request.av[...]rim())
[ERROR]   location: variable profile of type com.changrui.mysterious.domain.profile.model.UserProfile
[ERROR] /C:/MyPlatform/Codes/mysteriousWebSite/server/src/main/java/com/changrui/mysterious/domain/profile/service/ProfileService.java:[171,20] cannot find symbol
[ERROR]   symbol:   method setGender(request.ge[...]ase())
[ERROR]   location: variable profile of type com.changrui.mysterious.domain.profile.model.UserProfile
[ERROR] /C:/MyPlatform/Codes/mysteriousWebSite/server/src/main/java/com/changrui/mysterious/domain/profile/service/ProfileService.java:[203,20] cannot find symbol
[ERROR]   symbol:   method setPublic(boolean)
[ERROR]   location: variable profile of type com.changrui.mysterious.domain.profile.model.UserProfile
[ERROR] /C:/MyPlatform/Codes/mysteriousWebSite/server/src/main/java/com/changrui/mysterious/domain/profile/service/ProfileService.java:[238,85] cannot find symbol
[ERROR]   symbol:   method getUserId()
[ERROR]   location: variable profile of type com.changrui.mysterious.domain.profile.model.UserProfile
[ERROR] /C:/MyPlatform/Codes/mysteriousWebSite/server/src/main/java/com/changrui/mysterious/domain/profile/service/ProfileService.java:[239,82] cannot find symbol
[ERROR]   symbol:   method getUserId()
[ERROR]   location: variable profile of type com.changrui.mysterious.domain.profile.model.UserProfile
[ERROR] /C:/MyPlatform/Codes/mysteriousWebSite/server/src/main/java/com/changrui/mysterious/domain/profile/service/ProfileService.java:[240,103] cannot find symbol
[ERROR]   symbol:   method getUserId()
[ERROR]   location: variable profile of type com.changrui.mysterious.domain.profile.model.UserProfile
[ERROR] /C:/MyPlatform/Codes/mysteriousWebSite/server/src/main/java/com/changrui/mysterious/domain/profile/service/ProfileService.java:[241,46] cannot find symbol
[ERROR]   symbol:   method getUserId()
[ERROR]   location: variable profile of type com.changrui.mysterious.domain.profile.model.UserProfile
[ERROR] /C:/MyPlatform/Codes/mysteriousWebSite/server/src/main/java/com/changrui/mysterious/domain/profile/service/ProfileService.java:[257,85] cannot find symbol
[ERROR]   symbol:   method getUserId()
[ERROR]   location: variable profile of type com.changrui.mysterious.domain.profile.model.UserProfile
[ERROR] /C:/MyPlatform/Codes/mysteriousWebSite/server/src/main/java/com/changrui/mysterious/domain/profile/service/ProfileService.java:[258,82] cannot find symbol
[ERROR]   symbol:   method getUserId()
[ERROR]   location: variable profile of type com.changrui.mysterious.domain.profile.model.UserProfile
[ERROR] /C:/MyPlatform/Codes/mysteriousWebSite/server/src/main/java/com/changrui/mysterious/domain/profile/service/ProfileService.java:[259,103] cannot find symbol
[ERROR]   symbol:   method getUserId()
[ERROR]   location: variable profile of type com.changrui.mysterious.domain.profile.model.UserProfile
[ERROR] /C:/MyPlatform/Codes/mysteriousWebSite/server/src/main/java/com/changrui/mysterious/domain/profile/service/ProfileService.java:[260,46] cannot find symbol
[ERROR]   symbol:   method getUserId()
[ERROR]   location: variable profile of type com.changrui.mysterious.domain.profile.model.UserProfile
[ERROR] /C:/MyPlatform/Codes/mysteriousWebSite/server/src/main/java/com/changrui/mysterious/domain/profile/service/ProfileService.java:[296,20] cannot find symbol
[ERROR]   symbol:   method setLastActive(java.time.LocalDateTime)
[ERROR]   location: variable profile of type com.changrui.mysterious.domain.profile.model.UserProfile
[ERROR] /C:/MyPlatform/Codes/mysteriousWebSite/server/src/main/java/com/changrui/mysterious/domain/profile/dto/ProfileResponse.java:[33,24] cannot find symbol
[ERROR]   symbol:   method getUserId()
[ERROR]   location: variable profile of type com.changrui.mysterious.domain.profile.model.UserProfile
[ERROR] /C:/MyPlatform/Codes/mysteriousWebSite/server/src/main/java/com/changrui/mysterious/domain/profile/dto/ProfileResponse.java:[34,24] cannot find symbol
[ERROR]   symbol:   method getDisplayName()
[ERROR]   location: variable profile of type com.changrui.mysterious.domain.profile.model.UserProfile
[ERROR] /C:/MyPlatform/Codes/mysteriousWebSite/server/src/main/java/com/changrui/mysterious/domain/profile/dto/ProfileResponse.java:[35,24] cannot find symbol
[ERROR]   symbol:   method getBio()
[ERROR]   location: variable profile of type com.changrui.mysterious.domain.profile.model.UserProfile
[ERROR] /C:/MyPlatform/Codes/mysteriousWebSite/server/src/main/java/com/changrui/mysterious/domain/profile/dto/ProfileResponse.java:[37,24] cannot find symbol
[ERROR]   symbol:   method getGender()
[ERROR]   location: variable profile of type com.changrui.mysterious.domain.profile.model.UserProfile
[ERROR] /C:/MyPlatform/Codes/mysteriousWebSite/server/src/main/java/com/changrui/mysterious/domain/profile/dto/ProfileResponse.java:[38,24] cannot find symbol
[ERROR]   symbol:   method getJoinDate()
[ERROR]   location: variable profile of type com.changrui.mysterious.domain.profile.model.UserProfile
[ERROR] /C:/MyPlatform/Codes/mysteriousWebSite/server/src/main/java/com/changrui/mysterious/domain/profile/dto/ProfileResponse.java:[39,24] cannot find symbol
[ERROR]   symbol:   method getLastActive()
[ERROR]   location: variable profile of type com.changrui.mysterious.domain.profile.model.UserProfile
[ERROR] /C:/MyPlatform/Codes/mysteriousWebSite/server/src/main/java/com/changrui/mysterious/domain/profile/dto/ProfileResponse.java:[40,24] cannot find symbol
[ERROR]   symbol:   method isPublic()
[ERROR]   location: variable profile of type com.changrui.mysterious.domain.profile.model.UserProfile
[ERROR] /C:/MyPlatform/Codes/mysteriousWebSite/server/src/main/java/com/changrui/mysterious/domain/profile/dto/ProfileResponse.java:[58,24] cannot find symbol
[ERROR]   symbol:   method getUserId()
[ERROR]   location: variable profile of type com.changrui.mysterious.domain.profile.model.UserProfile
[ERROR] /C:/MyPlatform/Codes/mysteriousWebSite/server/src/main/java/com/changrui/mysterious/domain/profile/dto/ProfileResponse.java:[59,24] cannot find symbol
[ERROR]   symbol:   method getDisplayName()
[ERROR]   location: variable profile of type com.changrui.mysterious.domain.profile.model.UserProfile
[ERROR] /C:/MyPlatform/Codes/mysteriousWebSite/server/src/main/java/com/changrui/mysterious/domain/profile/dto/ProfileResponse.java:[60,34] cannot find symbol
[ERROR]   symbol:   method getBio()
[ERROR]   location: variable profile of type com.changrui.mysterious.domain.profile.model.UserProfile
[ERROR] /C:/MyPlatform/Codes/mysteriousWebSite/server/src/main/java/com/changrui/mysterious/domain/profile/dto/ProfileResponse.java:[62,24] cannot find symbol
[ERROR]   symbol:   method getGender()
[ERROR]   location: variable profile of type com.changrui.mysterious.domain.profile.model.UserProfile
[ERROR] /C:/MyPlatform/Codes/mysteriousWebSite/server/src/main/java/com/changrui/mysterious/domain/profile/dto/ProfileResponse.java:[63,24] cannot find symbol
[ERROR]   symbol:   method getJoinDate()
[ERROR]   location: variable profile of type com.changrui.mysterious.domain.profile.model.UserProfile
[ERROR] /C:/MyPlatform/Codes/mysteriousWebSite/server/src/main/java/com/changrui/mysterious/domain/profile/dto/ProfileResponse.java:[64,41] cannot find symbol
[ERROR]   symbol:   method getLastActive()
[ERROR]   location: variable profile of type com.changrui.mysterious.domain.profile.model.UserProfile
[ERROR] /C:/MyPlatform/Codes/mysteriousWebSite/server/src/main/java/com/changrui/mysterious/domain/profile/dto/ProfileResponse.java:[65,24] cannot find symbol
[ERROR]   symbol:   method isPublic()
[ERROR]   location: variable profile of type com.changrui.mysterious.domain.profile.model.UserProfile
[ERROR] /C:/MyPlatform/Codes/mysteriousWebSite/server/src/main/java/com/changrui/mysterious/domain/game/service/ScoreService.java:[66,9] cannot find symbol
[ERROR]   symbol:   variable log
[ERROR]   location: class com.changrui.mysterious.domain.game.service.ScoreService
[ERROR] /C:/MyPlatform/Codes/mysteriousWebSite/server/src/main/java/com/changrui/mysterious/domain/game/service/ScoreService.java:[75,57] cannot find symbol
[ERROR]   symbol:   method getScore()
[ERROR]   location: variable bestScore of type com.changrui.mysterious.domain.game.model.Score
[ERROR] /C:/MyPlatform/Codes/mysteriousWebSite/server/src/main/java/com/changrui/mysterious/domain/game/service/ScoreService.java:[76,17] cannot find symbol
[ERROR]   symbol:   variable log
[ERROR]   location: class com.changrui.mysterious.domain.game.service.ScoreService
[ERROR] /C:/MyPlatform/Codes/mysteriousWebSite/server/src/main/java/com/changrui/mysterious/domain/game/service/ScoreService.java:[76,92] cannot find symbol
[ERROR]   symbol:   method getScore()
[ERROR]   location: variable bestScore of type com.changrui.mysterious.domain.game.model.Score
[ERROR] /C:/MyPlatform/Codes/mysteriousWebSite/server/src/main/java/com/changrui/mysterious/domain/game/service/ScoreService.java:[82,13] cannot find symbol
[ERROR]   symbol:   variable log
[ERROR]   location: class com.changrui.mysterious.domain.game.service.ScoreService
[ERROR] /C:/MyPlatform/Codes/mysteriousWebSite/server/src/main/java/com/changrui/mysterious/domain/game/service/ScoreService.java:[87,13] cannot find symbol
[ERROR]   symbol:   variable log
[ERROR]   location: class com.changrui.mysterious.domain.game.service.ScoreService
[ERROR] /C:/MyPlatform/Codes/mysteriousWebSite/server/src/main/java/com/changrui/mysterious/domain/game/service/ScoreService.java:[93,9] cannot find symbol
[ERROR]   symbol:   variable log
[ERROR]   location: class com.changrui.mysterious.domain.game.service.ScoreService
[ERROR] /C:/MyPlatform/Codes/mysteriousWebSite/server/src/main/java/com/changrui/mysterious/domain/game/service/ScoreService.java:[106,9] cannot find symbol
[ERROR]   symbol:   variable log
[ERROR]   location: class com.changrui.mysterious.domain.game.service.ScoreService
[ERROR] /C:/MyPlatform/Codes/mysteriousWebSite/server/src/main/java/com/changrui/mysterious/domain/game/service/ScoreService.java:[120,18] cannot find symbol
[ERROR]   symbol:   method getUserId()
[ERROR]   location: variable s of type com.changrui.mysterious.domain.game.model.Score
[ERROR] /C:/MyPlatform/Codes/mysteriousWebSite/server/src/main/java/com/changrui/mysterious/domain/game/service/ScoreService.java:[120,63] cannot find symbol
[ERROR]   symbol:   method getUserId()
[ERROR]   location: variable s of type com.changrui.mysterious.domain.game.model.Score
[ERROR] /C:/MyPlatform/Codes/mysteriousWebSite/server/src/main/java/com/changrui/mysterious/domain/game/service/ScoreService.java:[121,37] cannot find symbol
[ERROR]   symbol:   method getScore()
[ERROR]   location: variable s of type com.changrui.mysterious.domain.game.model.Score
[ERROR] /C:/MyPlatform/Codes/mysteriousWebSite/server/src/main/java/com/changrui/mysterious/domain/game/service/ScoreService.java:[123,32] cannot find symbol
[ERROR]   symbol:   method getUserId()
[ERROR]   location: variable s of type com.changrui.mysterious.domain.game.model.Score
[ERROR] /C:/MyPlatform/Codes/mysteriousWebSite/server/src/main/java/com/changrui/mysterious/domain/game/service/ScoreService.java:[133,28] constructor Score in class com.changrui.mysterious.domain.game.model.Score cannot be applied to given types;
[ERROR]   required: java.lang.String,java.lang.String,java.lang.String,int,long
[ERROR]   found:    no arguments
[ERROR]   reason: actual and formal argument lists differ in length
[ERROR] /C:/MyPlatform/Codes/mysteriousWebSite/server/src/main/java/com/changrui/mysterious/domain/game/service/ScoreService.java:[134,19] cannot find symbol
[ERROR]   symbol:   method setUserId(java.lang.String)
[ERROR]   location: variable emptyScore of type com.changrui.mysterious.domain.game.model.Score
[ERROR] /C:/MyPlatform/Codes/mysteriousWebSite/server/src/main/java/com/changrui/mysterious/domain/game/service/ScoreService.java:[135,19] cannot find symbol
[ERROR]   symbol:   method setGameType(java.lang.String)
[ERROR]   location: variable emptyScore of type com.changrui.mysterious.domain.game.model.Score
[ERROR] /C:/MyPlatform/Codes/mysteriousWebSite/server/src/main/java/com/changrui/mysterious/domain/game/service/ScoreService.java:[136,19] cannot find symbol
[ERROR]   symbol:   method setScore(int)
[ERROR]   location: variable emptyScore of type com.changrui.mysterious.domain.game.model.Score
[ERROR] /C:/MyPlatform/Codes/mysteriousWebSite/server/src/main/java/com/changrui/mysterious/domain/game/service/ScoreService.java:[142,49] invalid method reference
[ERROR]   cannot find symbol
[ERROR]     symbol:   method getScore()
[ERROR]     location: class com.changrui.mysterious.domain.game.model.Score
[ERROR] /C:/MyPlatform/Codes/mysteriousWebSite/server/src/main/java/com/changrui/mysterious/domain/game/service/ScoreService.java:[144,55] cannot find symbol
[ERROR]   symbol:   method getScore()
[ERROR]   location: variable s2 of type com.changrui.mysterious.domain.game.model.Score
[ERROR] /C:/MyPlatform/Codes/mysteriousWebSite/server/src/main/java/com/changrui/mysterious/domain/game/service/ScoreService.java:[144,70] cannot find symbol
[ERROR]   symbol:   method getScore()
[ERROR]   location: variable s1 of type com.changrui.mysterious.domain.game.model.Score
[ERROR] /C:/MyPlatform/Codes/mysteriousWebSite/server/src/main/java/com/changrui/mysterious/domain/game/service/ScoreService.java:[157,26] constructor Score in class com.changrui.mysterious.domain.game.model.Score cannot be applied to given types;
[ERROR]   required: java.lang.String,java.lang.String,java.lang.String,int,long
[ERROR]   found:    <nulltype>,java.lang.String,java.lang.String,java.lang.String,java.lang.Integer,long,java.lang.Integer
[ERROR]   reason: actual and formal argument lists differ in length
[ERROR] /C:/MyPlatform/Codes/mysteriousWebSite/server/src/main/java/com/changrui/mysterious/domain/game/service/ScoreService.java:[168,23] cannot find symbol
[ERROR]   symbol:   method getUserId()
[ERROR]   location: variable savedScore of type com.changrui.mysterious.domain.game.model.Score
[ERROR] /C:/MyPlatform/Codes/mysteriousWebSite/server/src/main/java/com/changrui/mysterious/domain/game/service/ScoreService.java:[168,58] cannot find symbol
[ERROR]   symbol:   method getUserId()
[ERROR]   location: variable savedScore of type com.changrui.mysterious.domain.game.model.Score
[ERROR] -> [Help 1]
org.apache.maven.lifecycle.LifecycleExecutionException: Failed to execute goal org.apache.maven.plugins:maven-compiler-plugin:3.11.0:compile (default-compile) on project mysterious-backend: Compilation failure
    at org.apache.maven.lifecycle.internal.MojoExecutor.doExecute2 (MojoExecutor.java:333)
    at org.apache.maven.lifecycle.internal.MojoExecutor.doExecute (MojoExecutor.java:316)
    at org.apache.maven.lifecycle.internal.MojoExecutor.execute (MojoExecutor.java:212)
    at org.apache.maven.lifecycle.internal.MojoExecutor.execute (MojoExecutor.java:174)
    at org.apache.maven.lifecycle.internal.MojoExecutor.access$000 (MojoExecutor.java:75)
    at org.apache.maven.lifecycle.internal.MojoExecutor$1.run (MojoExecutor.java:162)
    at org.apache.maven.plugin.DefaultMojosExecutionStrategy.execute (DefaultMojosExecutionStrategy.java:39)
    at org.apache.maven.lifecycle.internal.MojoExecutor.execute (MojoExecutor.java:159)
    at org.apache.maven.lifecycle.internal.LifecycleModuleBuilder.buildProject (LifecycleModuleBuilder.java:105)
    at org.apache.maven.lifecycle.internal.LifecycleModuleBuilder.buildProject (LifecycleModuleBuilder.java:73)
    at org.apache.maven.lifecycle.internal.builder.singlethreaded.SingleThreadedBuilder.build (SingleThreadedBuilder.java:53)
    at org.apache.maven.lifecycle.internal.LifecycleStarter.execute (LifecycleStarter.java:118)
    at org.apache.maven.DefaultMaven.doExecute (DefaultMaven.java:261)
    at org.apache.maven.DefaultMaven.doExecute (DefaultMaven.java:173)
    at org.apache.maven.DefaultMaven.execute (DefaultMaven.java:101)
    at org.apache.maven.cli.MavenCli.execute (MavenCli.java:919)
    at org.apache.maven.cli.MavenCli.doMain (MavenCli.java:285)
    at org.apache.maven.cli.MavenCli.main (MavenCli.java:207)
    at jdk.internal.reflect.DirectMethodHandleAccessor.invoke (DirectMethodHandleAccessor.java:104)
    at java.lang.reflect.Method.invoke (Method.java:565)
    at org.codehaus.plexus.classworlds.launcher.Launcher.launchEnhanced (Launcher.java:255)
    at org.codehaus.plexus.classworlds.launcher.Launcher.launch (Launcher.java:201)
    at org.codehaus.plexus.classworlds.launcher.Launcher.mainWithExitCode (Launcher.java:361)
    at org.codehaus.plexus.classworlds.launcher.Launcher.main (Launcher.java:314)
Caused by: org.apache.maven.plugin.compiler.CompilationFailureException: Compilation failure
    at org.apache.maven.plugin.compiler.AbstractCompilerMojo.execute (AbstractCompilerMojo.java:1212)
    at org.apache.maven.plugin.compiler.CompilerMojo.execute (CompilerMojo.java:193)
    at org.apache.maven.plugin.DefaultBuildPluginManager.executeMojo (DefaultBuildPluginManager.java:126)
    at org.apache.maven.lifecycle.internal.MojoExecutor.doExecute2 (MojoExecutor.java:328)
    at org.apache.maven.lifecycle.internal.MojoExecutor.doExecute (MojoExecutor.java:316)
    at org.apache.maven.lifecycle.internal.MojoExecutor.execute (MojoExecutor.java:212)
    at org.apache.maven.lifecycle.internal.MojoExecutor.execute (MojoExecutor.java:174)
    at org.apache.maven.lifecycle.internal.MojoExecutor.access$000 (MojoExecutor.java:75)
    at org.apache.maven.lifecycle.internal.MojoExecutor$1.run (MojoExecutor.java:162)
    at org.apache.maven.plugin.DefaultMojosExecutionStrategy.execute (DefaultMojosExecutionStrategy.java:39)
    at org.apache.maven.lifecycle.internal.MojoExecutor.execute (MojoExecutor.java:159)
    at org.apache.maven.lifecycle.internal.LifecycleModuleBuilder.buildProject (LifecycleModuleBuilder.java:105)
    at org.apache.maven.lifecycle.internal.LifecycleModuleBuilder.buildProject (LifecycleModuleBuilder.java:73)
    at org.apache.maven.lifecycle.internal.builder.singlethreaded.SingleThreadedBuilder.build (SingleThreadedBuilder.java:53)
    at org.apache.maven.lifecycle.internal.LifecycleStarter.execute (LifecycleStarter.java:118)
    at org.apache.maven.DefaultMaven.doExecute (DefaultMaven.java:261)
    at org.apache.maven.DefaultMaven.doExecute (DefaultMaven.java:173)
    at org.apache.maven.DefaultMaven.execute (DefaultMaven.java:101)
    at org.apache.maven.cli.MavenCli.execute (MavenCli.java:919)
    at org.apache.maven.cli.MavenCli.doMain (MavenCli.java:285)
    at org.apache.maven.cli.MavenCli.main (MavenCli.java:207)
    at jdk.internal.reflect.DirectMethodHandleAccessor.invoke (DirectMethodHandleAccessor.java:104)
    at java.lang.reflect.Method.invoke (Method.java:565)
    at org.codehaus.plexus.classworlds.launcher.Launcher.launchEnhanced (Launcher.java:255)
    at org.codehaus.plexus.classworlds.launcher.Launcher.launch (Launcher.java:201)
    at org.codehaus.plexus.classworlds.launcher.Launcher.mainWithExitCode (Launcher.java:361)
    at org.codehaus.plexus.classworlds.launcher.Launcher.main (Launcher.java:314)
[ERROR] 
[ERROR] 
[ERROR] For more information about the errors and possible solutions, please read the following articles:
[ERROR] [Help 1] http://cwiki.apache.org/confluence/display/MAVEN/MojoFailureException
[DEBUG] Shutting down adapter factory; available factories [file-lock, rwlock-local, semaphore-local, noop]; available name mappers [discriminating, file-gaecv, file-gav, file-hgaecv, file-hgav, file-static, gaecv, gav, static]
[DEBUG] Shutting down 'file-lock' factory
[DEBUG] Shutting down 'rwlock-local' factory
[DEBUG] Shutting down 'semaphore-local' factory
[DEBUG] Shutting down 'noop' factory
